T1688 3786:600 SEGGER J-Link V5.10 Log File (0001ms, 24376ms total)
T1688 3786:600 DLL Compiled: Nov 27 2015 17:01:28 (0001ms, 24376ms total)
T1688 3786:600 Logging started @ 2016-05-06 18:13 (0001ms, 24376ms total)
T1688 3786:668 JLINK_ExecCommand("Device = AT91SAM4SD32C", ...)Device "ATSAM4SD32C" selected.  returns 0x00 (0001ms, 24377ms total)
T1688 3787:098 JLINK_ExecCommand("ProjectFile = C:\Users\H243\Documents\GitHub\Maua-trabalhos\12-TIMER-COUNTER-COMPARE\Timer-Counter\jlink.config", ...)  returns 0x00 (0001ms, 24378ms total)
T1688 3787:162 JLINK_ExecCommand("Device = AT91SAM4SD32C", ...)Device "ATSAM4SD32C" selected.  returns 0x00 (0001ms, 24379ms total)
T1688 3787:163 JLINK_TIF_Select(JLINKARM_TIF_JTAG)  returns 0x00 (0003ms, 24382ms total)
T1688 3787:166 JLINK_GetIdData(...) >0x2F8 JTAG>TotalIRLen = 4, IRPrint = 0x01 >0x30 JTAG> >0x210 JTAG> >0x70 JTAG> >0x40 JTAG> >0x40 JTAG> >0x40 JTAG> >0x48 JTAG> >0x78 JTAG> >0x40 JTAG> >0x30 JTAG> >0x40 JTAG> >0x40 JTAG> >0x30 JTAG> >0x40 JTAG> >0x48 JTAG>Found Cortex-M4 r0p1, Little endian. -- CPU_ReadMem(4 bytes @ 0xE000EDF0) -- CPU_ReadMem(4 bytes @ 0xE0002000)FPUnit: 6 code (BP) slots and 2 literal slots -- CPU_ReadMem(4 bytes @ 0xE000EDFC) -- CPU_ReadMem(4 bytes @ 0xE0001000)
 -- CPU_WriteMem(4 bytes @ 0xE0001000) -- CPU_ReadMem(4 bytes @ 0xE000ED88) -- CPU_WriteMem(4 bytes @ 0xE000ED88) -- CPU_ReadMem(4 bytes @ 0xE000ED88) -- CPU_WriteMem(4 bytes @ 0xE000ED88)CoreSight components:ROMTbl 0 @ E00FF000 -- CPU_ReadMem(16 bytes @ 0xE00FF000) -- CPU_ReadMem(16 bytes @ 0xE000EFF0) -- CPU_ReadMem(16 bytes @ 0xE000EFE0)ROMTbl 0 [0]: FFF0F000, CID: B105E00D, PID: 000BB000 SCS -- CPU_ReadMem(16 bytes @ 0xE0001FF0) -- CPU_ReadMem(16 bytes @ 0xE0001FE0)
ROMTbl 0 [1]: FFF02000, CID: B105E00D, PID: 003BB002 DWT -- CPU_ReadMem(16 bytes @ 0xE0002FF0) -- CPU_ReadMem(16 bytes @ 0xE0002FE0)ROMTbl 0 [2]: FFF03000, CID: B105E00D, PID: 002BB003 FPB -- CPU_ReadMem(16 bytes @ 0xE0000FF0) -- CPU_ReadMem(16 bytes @ 0xE0000FE0)ROMTbl 0 [3]: FFF01000, CID: B105E00D, PID: 003BB001 ITM -- CPU_ReadMem(16 bytes @ 0xE00FF010) -- CPU_ReadMem(16 bytes @ 0xE0040FF0) -- CPU_ReadMem(16 bytes @ 0xE0040FE0)ROMTbl 0 [4]: FFF41000, CID: B105900D, PID: 000BB9A1 TPIU ScanLen=4
 NumDevices=1 aId[0]=0x4BA00477 aIrRead[0]=0 aScanLen[0]=0 aScanRead[0]=0 (0039ms, 24421ms total)
T1688 3787:205 JLINK_ConfigJTAG(IRPre = 0, DRPre = 0) (0000ms, 24421ms total)
T1688 3787:205 JLINK_SetSpeed(4000) (0000ms, 24421ms total)
T1688 3787:205 JLINK_ResetPullsRESET(OFF) (0000ms, 24421ms total)
T1688 3787:205 JLINK_Connect() >0x2F8 JTAG>TotalIRLen = 4, IRPrint = 0x01 >0x30 JTAG> >0x210 JTAG> >0x70 JTAG> >0x40 JTAG> >0x40 JTAG> >0x40 JTAG> >0x48 JTAG> >0x78 JTAG> >0x40 JTAG> >0x30 JTAG> >0x40 JTAG> >0x40 JTAG> >0x30 JTAG> >0x40 JTAG> >0x48 JTAG>Found Cortex-M4 r0p1, Little endian. -- CPU_ReadMem(4 bytes @ 0xE000EDF0) -- CPU_ReadMem(4 bytes @ 0xE0002000)FPUnit: 6 code (BP) slots and 2 literal slots -- CPU_ReadMem(4 bytes @ 0xE000EDFC) -- CPU_ReadMem(4 bytes @ 0xE0001000)
 -- CPU_WriteMem(4 bytes @ 0xE0001000) -- CPU_ReadMem(4 bytes @ 0xE000ED88) -- CPU_WriteMem(4 bytes @ 0xE000ED88) -- CPU_ReadMem(4 bytes @ 0xE000ED88) -- CPU_WriteMem(4 bytes @ 0xE000ED88)CoreSight components:ROMTbl 0 @ E00FF000 -- CPU_ReadMem(16 bytes @ 0xE00FF000) -- CPU_ReadMem(16 bytes @ 0xE000EFF0) -- CPU_ReadMem(16 bytes @ 0xE000EFE0)ROMTbl 0 [0]: FFF0F000, CID: B105E00D, PID: 000BB000 SCS -- CPU_ReadMem(16 bytes @ 0xE0001FF0) -- CPU_ReadMem(16 bytes @ 0xE0001FE0)
ROMTbl 0 [1]: FFF02000, CID: B105E00D, PID: 003BB002 DWT -- CPU_ReadMem(16 bytes @ 0xE0002FF0) -- CPU_ReadMem(16 bytes @ 0xE0002FE0)ROMTbl 0 [2]: FFF03000, CID: B105E00D, PID: 002BB003 FPB -- CPU_ReadMem(16 bytes @ 0xE0000FF0) -- CPU_ReadMem(16 bytes @ 0xE0000FE0)ROMTbl 0 [3]: FFF01000, CID: B105E00D, PID: 003BB001 ITM -- CPU_ReadMem(16 bytes @ 0xE00FF010) -- CPU_ReadMem(16 bytes @ 0xE0040FF0) -- CPU_ReadMem(16 bytes @ 0xE0040FE0)ROMTbl 0 [4]: FFF41000, CID: B105900D, PID: 000BB9A1 TPIU  returns 0x00
 (0024ms, 24445ms total)
T1688 3787:229 JLINK_Halt()  returns 0x00 (0003ms, 24448ms total)
T1688 3787:233 JLINK_WriteMem(0x400E0A04, 0x0004 Bytes, ...) - Data: 0B 01 00 5A -- CPU_WriteMem(4 bytes @ 0x400E0A04)  returns 0x04 (0001ms, 24449ms total)
T1688 3787:234 JLINK_ReadMem (0x400E0A08, 0x0004 Bytes, ...) -- CPU_ReadMem(4 bytes @ 0x400E0A08) - Data: 01 00 00 00  returns 0x00 (0000ms, 24449ms total)
T1688 3787:234 JLINK_WriteMem(0x400E0A04, 0x0004 Bytes, ...) - Data: 0C 02 00 5A -- CPU_WriteMem(4 bytes @ 0x400E0A04)  returns 0x04 (0001ms, 24450ms total)
T1688 3787:235 JLINK_ReadMem (0x400E0A08, 0x0004 Bytes, ...) -- CPU_ReadMem(4 bytes @ 0x400E0A08) - Data: 01 00 00 00  returns 0x00 (0001ms, 24451ms total)
T1688 3787:236 JLINK_Reset() -- CPU_ReadMem(16 bytes @ 0x20000000) -- CPU_WriteMem(16 bytes @ 0x20000000) -- CPU_ReadMem(4 bytes @ 0xE000EDFC) -- CPU_WriteMem(4 bytes @ 0xE000EDFC) -- CPU_ReadMem(4 bytes @ 0xE0001000) -- CPU_WriteMem(4 bytes @ 0xE000EDFC) -- CPU_WriteMem(16 bytes @ 0x20000000) -- CPU_WriteMem(4 bytes @ 0xE0002000) -- CPU_ReadMem(4 bytes @ 0xE000EDFC) -- CPU_ReadMem(4 bytes @ 0xE0001000) (0023ms, 24474ms total)
T1688 3787:261 JLINK_JTAG_GetDeviceID(DeviceIndex = 0)  returns 0x4BA00477 (0000ms, 24474ms total)
T1688 3787:261 JLINK_ReadMemU32(0x400E0740, 0x0001 Items, ...) -- CPU_ReadMem(4 bytes @ 0x400E0740) - Data: E0 0E A7 29  returns 0x01 (0001ms, 24475ms total)
T1688 3787:262 JLINK_ReadMemU32(0x400E0744, 0x0001 Items, ...) -- CPU_ReadMem(4 bytes @ 0x400E0744) - Data: 00 00 00 00  returns 0x01 (0000ms, 24475ms total)
T1688 3787:262 JLINK_WriteMem(0x400E0A04, 0x0004 Bytes, ...) - Data: 05 00 00 5A -- CPU_WriteMem(4 bytes @ 0x400E0A04)  returns 0x04 (0001ms, 24476ms total)
T1688 3787:263 JLINK_WriteMem(0x400E0C04, 0x0004 Bytes, ...) - Data: 05 00 00 5A -- CPU_WriteMem(4 bytes @ 0x400E0C04)  returns 0x04 (0001ms, 24477ms total)
T1688 3787:264 JLINK_ReadMem (0x400E0A08, 0x0004 Bytes, ...) -- CPU_ReadMem(4 bytes @ 0x400E0A08) - Data: 00 00 00 00  returns 0x00 (0001ms, 24478ms total)
T07B0 3787:297 JLINK_IsHalted()  returns TRUE (0000ms, 24478ms total)
T1688 3787:297 JLINK_ReadMem (0x400E0A08, 0x0004 Bytes, ...) -- CPU_ReadMem(4 bytes @ 0x400E0A08) - Data: 00 00 00 00  returns 0x00 (0000ms, 24478ms total)
T07B0 3787:297 JLINK_GetMOEs(...) -- CPU_ReadMem(4 bytes @ 0xE000ED30) -- CPU_WriteMem(4 bytes @ 0xE000ED30)  returns 0x01 (0002ms, 24480ms total)
T07B0 3787:299 JLINK_ReadReg(R15 (PC))  returns 0x00400C78 (0000ms, 24480ms total)
T1688 3787:301 JLINK_ReadMem (0x400E0A08, 0x0004 Bytes, ...) -- CPU_ReadMem(4 bytes @ 0x400E0A08) - Data: 00 00 00 00  returns 0x00 (0000ms, 24480ms total)
T1688 3787:347 JLINK_ReadMem (0x400E0A08, 0x0004 Bytes, ...) -- CPU_ReadMem(4 bytes @ 0x400E0A08) - Data: 00 00 00 00  returns 0x00 (0000ms, 24480ms total)
T1688 3787:411 JLINK_ReadMem (0x400E0A08, 0x0004 Bytes, ...) -- CPU_ReadMem(4 bytes @ 0x400E0A08) - Data: 00 00 00 00  returns 0x00 (0000ms, 24480ms total)
T07B0 3787:499 JLINK_IsHalted()  returns TRUE (0000ms, 24480ms total)
T1688 3787:697 JLINK_ReadMem (0x400E0A08, 0x0004 Bytes, ...) -- CPU_ReadMem(4 bytes @ 0x400E0A08) - Data: 00 00 00 00  returns 0x00 (0001ms, 24481ms total)
T07B0 3787:699 JLINK_IsHalted()  returns TRUE (0000ms, 24481ms total)
T07B0 3787:899 JLINK_IsHalted()  returns TRUE (0001ms, 24482ms total)
T07B0 3788:100 JLINK_IsHalted()  returns TRUE (0000ms, 24481ms total)
T07B0 3788:300 JLINK_IsHalted()  returns TRUE (0000ms, 24481ms total)
T07B0 3788:500 JLINK_IsHalted()  returns TRUE (0001ms, 24482ms total)
T07B0 3788:701 JLINK_IsHalted()  returns TRUE (0000ms, 24481ms total)
T1688 3788:747 JLINK_ReadMem (0x400E0A08, 0x0004 Bytes, ...) -- CPU_ReadMem(4 bytes @ 0x400E0A08) - Data: 00 00 00 00  returns 0x00 (0001ms, 24482ms total)
T1688 3788:748 JLINK_ReadMem (0x400E0C08, 0x0004 Bytes, ...) -- CPU_ReadMem(4 bytes @ 0x400E0C08) - Data: 00 00 00 00  returns 0x00 (0001ms, 24483ms total)
T1688 3788:750 JLINK_ReadMem (0x400E0C08, 0x0004 Bytes, ...) -- CPU_ReadMem(4 bytes @ 0x400E0C08) - Data: 00 00 00 00  returns 0x00 (0001ms, 24484ms total)
T1688 3788:755 JLINK_ReadMem (0x400E0C08, 0x0004 Bytes, ...) -- CPU_ReadMem(4 bytes @ 0x400E0C08) - Data: 00 00 00 00  returns 0x00 (0000ms, 24484ms total)
T1688 3788:797 JLINK_ReadMem (0x400E0C08, 0x0004 Bytes, ...) -- CPU_ReadMem(4 bytes @ 0x400E0C08) - Data: 00 00 00 00  returns 0x00 (0001ms, 24485ms total)
T1688 3788:862 JLINK_ReadMem (0x400E0C08, 0x0004 Bytes, ...) -- CPU_ReadMem(4 bytes @ 0x400E0C08) - Data: 00 00 00 00  returns 0x00 (0000ms, 24485ms total)
T07B0 3788:901 JLINK_IsHalted()  returns TRUE (0000ms, 24485ms total)
T07B0 3789:101 JLINK_IsHalted()  returns TRUE (0001ms, 24486ms total)
T1688 3789:147 JLINK_ReadMem (0x400E0C08, 0x0004 Bytes, ...) -- CPU_ReadMem(4 bytes @ 0x400E0C08) - Data: 00 00 00 00  returns 0x00 (0001ms, 24486ms total)
T07B0 3789:302 JLINK_IsHalted()  returns TRUE (0000ms, 24486ms total)
T07B0 3789:502 JLINK_IsHalted()  returns TRUE (0000ms, 24486ms total)
T07B0 3789:702 JLINK_IsHalted()  returns TRUE (0001ms, 24487ms total)
T07B0 3789:903 JLINK_IsHalted()  returns TRUE (0000ms, 24486ms total)
T07B0 3790:103 JLINK_IsHalted()  returns TRUE (0000ms, 24486ms total)
T1688 3790:197 JLINK_ReadMem (0x400E0C08, 0x0004 Bytes, ...) -- CPU_ReadMem(4 bytes @ 0x400E0C08) - Data: 00 00 00 00  returns 0x00 (0001ms, 24487ms total)
T1688 3790:198 JLINK_ReadMem (0x400E0A08, 0x0004 Bytes, ...) -- CPU_ReadMem(4 bytes @ 0x400E0A08) - Data: 00 00 00 00  returns 0x00 (0001ms, 24488ms total)
T1688 3790:200 JLINK_ReadMem (0x400E0A08, 0x0004 Bytes, ...) -- CPU_ReadMem(4 bytes @ 0x400E0A08) - Data: 00 00 00 00  returns 0x00 (0001ms, 24489ms total)
T1688 3790:205 JLINK_ReadMem (0x400E0A08, 0x0004 Bytes, ...) -- CPU_ReadMem(4 bytes @ 0x400E0A08) - Data: 00 00 00 00  returns 0x00 (0001ms, 24490ms total)
T1688 3790:247 JLINK_ReadMem (0x400E0A08, 0x0004 Bytes, ...) -- CPU_ReadMem(4 bytes @ 0x400E0A08) - Data: 00 00 00 00  returns 0x00 (0001ms, 24491ms total)
T07B0 3790:303 JLINK_IsHalted()  returns TRUE (0000ms, 24491ms total)
T1688 3790:312 JLINK_ReadMem (0x400E0A08, 0x0004 Bytes, ...) -- CPU_ReadMem(4 bytes @ 0x400E0A08) - Data: 00 00 00 00  returns 0x00 (0008ms, 24499ms total)
T07B0 3790:503 JLINK_IsHalted()  returns TRUE (0000ms, 24499ms total)
T1688 3790:597 JLINK_ReadMem (0x400E0A08, 0x0004 Bytes, ...) -- CPU_ReadMem(4 bytes @ 0x400E0A08) - Data: 00 00 00 00  returns 0x00 (0001ms, 24500ms total)
T07B0 3790:703 JLINK_IsHalted()  returns TRUE (0000ms, 24500ms total)
T07B0 3790:903 JLINK_IsHalted()  returns TRUE (0001ms, 24501ms total)
T07B0 3791:104 JLINK_IsHalted()  returns TRUE (0000ms, 24500ms total)
T07B0 3791:304 JLINK_IsHalted()  returns TRUE (0000ms, 24500ms total)
T07B0 3791:504 JLINK_IsHalted()  returns TRUE (0000ms, 24500ms total)
T1688 3791:647 JLINK_ReadMem (0x400E0A08, 0x0004 Bytes, ...) -- CPU_ReadMem(4 bytes @ 0x400E0A08) - Data: 00 00 00 00  returns 0x00 (0001ms, 24501ms total)
T1688 3791:648 JLINK_ReadMem (0x400E0C08, 0x0004 Bytes, ...) -- CPU_ReadMem(4 bytes @ 0x400E0C08) - Data: 00 00 00 00  returns 0x00 (0001ms, 24502ms total)
T1688 3791:650 JLINK_ReadMem (0x400E0C08, 0x0004 Bytes, ...) -- CPU_ReadMem(4 bytes @ 0x400E0C08) - Data: 00 00 00 00  returns 0x00 (0001ms, 24503ms total)
T1688 3791:655 JLINK_ReadMem (0x400E0C08, 0x0004 Bytes, ...) -- CPU_ReadMem(4 bytes @ 0x400E0C08) - Data: 00 00 00 00  returns 0x00 (0001ms, 24504ms total)
T1688 3791:697 JLINK_ReadMem (0x400E0C08, 0x0004 Bytes, ...) -- CPU_ReadMem(4 bytes @ 0x400E0C08) - Data: 00 00 00 00  returns 0x00 (0001ms, 24505ms total)
T07B0 3791:704 JLINK_IsHalted()  returns TRUE (0000ms, 24505ms total)
T1688 3791:762 JLINK_ReadMem (0x400E0C08, 0x0004 Bytes, ...) -- CPU_ReadMem(4 bytes @ 0x400E0C08) - Data: 00 00 00 00  returns 0x00 (0001ms, 24506ms total)
T07B0 3791:904 JLINK_IsHalted()  returns TRUE (0000ms, 24506ms total)
T1688 3792:047 JLINK_ReadMem (0x400E0C08, 0x0004 Bytes, ...) -- CPU_ReadMem(4 bytes @ 0x400E0C08) - Data: 00 00 00 00  returns 0x00 (0001ms, 24507ms total)
T07B0 3792:104 JLINK_IsHalted()  returns TRUE (0001ms, 24508ms total)
T07B0 3792:305 JLINK_IsHalted()  returns TRUE (0114ms, 24621ms total)
T07B0 3792:646 JLINK_IsHalted()  returns TRUE (0001ms, 24508ms total)
T07B0 3792:847 JLINK_IsHalted()  returns TRUE (0000ms, 24507ms total)
T07B0 3793:047 JLINK_IsHalted()  returns TRUE (0000ms, 24507ms total)
T1688 3793:096 JLINK_ReadMem (0x400E0C08, 0x0004 Bytes, ...) -- CPU_ReadMem(4 bytes @ 0x400E0C08) - Data: 01 00 00 00  returns 0x00 (0001ms, 24508ms total)
T1688 3793:097 JLINK_ReadMem (0x400E0A08, 0x0004 Bytes, ...) -- CPU_ReadMem(4 bytes @ 0x400E0A08) - Data: 01 00 00 00  returns 0x00 (0001ms, 24509ms total)
T07B0 3793:247 JLINK_IsHalted()  returns TRUE (0000ms, 24509ms total)
T1688 3793:248 JLINK_ResetPullsRESET(ON) (0000ms, 24509ms total)
T1688 3793:248 JLINK_ResetNoHalt() >0x2F8 JTAG>TotalIRLen = 4, IRPrint = 0x01 >0x30 JTAG> >0x210 JTAG> >0x70 JTAG> >0x40 JTAG> >0x40 JTAG> >0x40 JTAG> >0x48 JTAG> >0x78 JTAG> >0x40 JTAG> >0x30 JTAG> >0x40 JTAG> >0x40 JTAG> >0x30 JTAG> >0x40 JTAG> >0x48 JTAG>Found Cortex-M4 r0p1, Little endian. -- CPU_ReadMem(4 bytes @ 0xE000EDF0) -- CPU_ReadMem(4 bytes @ 0xE0002000)FPUnit: 6 code (BP) slots and 2 literal slots -- CPU_ReadMem(4 bytes @ 0xE000EDFC) -- CPU_ReadMem(4 bytes @ 0xE0001000)
 -- CPU_ReadMem(4 bytes @ 0xE000ED88) -- CPU_WriteMem(4 bytes @ 0xE000ED88) -- CPU_ReadMem(4 bytes @ 0xE000ED88) -- CPU_WriteMem(4 bytes @ 0xE000ED88)CoreSight components:ROMTbl 0 @ E00FF000 -- CPU_ReadMem(16 bytes @ 0xE00FF000) -- CPU_ReadMem(16 bytes @ 0xE000EFF0) -- CPU_ReadMem(16 bytes @ 0xE000EFE0)ROMTbl 0 [0]: FFF0F000, CID: B105E00D, PID: 000BB000 SCS -- CPU_WriteMem(4 bytes @ 0xE0001000) -- CPU_ReadMem(16 bytes @ 0xE0001FF0) -- CPU_ReadMem(16 bytes @ 0xE0001FE0)
ROMTbl 0 [1]: FFF02000, CID: B105E00D, PID: 003BB002 DWT -- CPU_ReadMem(16 bytes @ 0xE0002FF0) -- CPU_ReadMem(16 bytes @ 0xE0002FE0)ROMTbl 0 [2]: FFF03000, CID: B105E00D, PID: 002BB003 FPB -- CPU_ReadMem(16 bytes @ 0xE0000FF0) -- CPU_ReadMem(16 bytes @ 0xE0000FE0)ROMTbl 0 [3]: FFF01000, CID: B105E00D, PID: 003BB001 ITM -- CPU_ReadMem(16 bytes @ 0xE00FF010) -- CPU_ReadMem(16 bytes @ 0xE0040FF0) -- CPU_ReadMem(16 bytes @ 0xE0040FE0)ROMTbl 0 [4]: FFF41000, CID: B105900D, PID: 000BB9A1 TPIU
                JLINK_Reset() -- CPU_ReadMem(16 bytes @ 0x20000000) -- CPU_WriteMem(16 bytes @ 0x20000000) -- CPU_ReadMem(4 bytes @ 0xE000EDFC) -- CPU_WriteMem(4 bytes @ 0xE000EDFC) -- CPU_ReadMem(4 bytes @ 0xE0001000) -- CPU_WriteMem(4 bytes @ 0xE0001004) -- CPU_WriteMem(4 bytes @ 0xE000EDFC) -- CPU_WriteMem(16 bytes @ 0x20000000) -- CPU_WriteMem(4 bytes @ 0xE0002000) -- CPU_ReadMem(4 bytes @ 0xE000EDFC) -- CPU_ReadMem(4 bytes @ 0xE0001000) (0028ms, 0028ms total)
                JLINK_Go() -- CPU_ReadMem(4 bytes @ 0xE0001000) -- CPU_WriteMem(4 bytes @ 0xE0001004) (0002ms, 0030ms total)
               (0058ms, 24567ms total)
T1688 3793:306 JLINK_ExecCommand("ProjectFile = C:\Users\H243\Documents\GitHub\Maua-trabalhos\12-TIMER-COUNTER-COMPARE\Timer-Counter\jlink.config", ...)  returns 0x00 (0001ms, 24568ms total)
T1688 3793:417 JLINK_ExecCommand("Device = AT91SAM4SD32C", ...)Device "ATSAM4SD32C" selected.  returns 0x00 (0000ms, 24568ms total)
T1688 3793:417 JLINK_TIF_Select(JLINKARM_TIF_JTAG)  returns 0x00 (0000ms, 24568ms total)
T1688 3793:417 JLINK_GetIdData(...) ScanLen=4 NumDevices=1 aId[0]=0x4BA00477 aIrRead[0]=0 aScanLen[0]=0 aScanRead[0]=0 (0000ms, 24568ms total)
T1688 3793:418 JLINK_ConfigJTAG(IRPre = 0, DRPre = 0) (0000ms, 24569ms total)
T1688 3793:418 JLINK_SetSpeed(4000) (0000ms, 24569ms total)
T1688 3793:418 JLINK_ResetPullsRESET(OFF) (0000ms, 24569ms total)
T1688 3793:418 JLINK_Connect() >0x2F8 JTAG>TotalIRLen = 4, IRPrint = 0x01 >0x30 JTAG> >0x210 JTAG> >0x70 JTAG> >0x40 JTAG> >0x40 JTAG> >0x40 JTAG> >0x48 JTAG> >0x78 JTAG> >0x40 JTAG> >0x30 JTAG> >0x40 JTAG> >0x40 JTAG> >0x30 JTAG> >0x40 JTAG> >0x48 JTAG>Found Cortex-M4 r0p1, Little endian. -- CPU_ReadMem(4 bytes @ 0xE000EDF0) -- CPU_ReadMem(4 bytes @ 0xE0002000)FPUnit: 6 code (BP) slots and 2 literal slots -- CPU_ReadMem(4 bytes @ 0xE000EDFC) -- CPU_ReadMem(4 bytes @ 0xE0001000)
 -- CPU_WriteMem(4 bytes @ 0xE0001000) -- CPU_ReadMem(4 bytes @ 0xE000ED88) -- CPU_WriteMem(4 bytes @ 0xE000ED88) -- CPU_ReadMem(4 bytes @ 0xE000ED88) -- CPU_WriteMem(4 bytes @ 0xE000ED88)CoreSight components:ROMTbl 0 @ E00FF000 -- CPU_ReadMem(16 bytes @ 0xE00FF000) -- CPU_ReadMem(16 bytes @ 0xE000EFF0) -- CPU_ReadMem(16 bytes @ 0xE000EFE0)ROMTbl 0 [0]: FFF0F000, CID: B105E00D, PID: 000BB000 SCS -- CPU_ReadMem(16 bytes @ 0xE0001FF0) -- CPU_ReadMem(16 bytes @ 0xE0001FE0)
ROMTbl 0 [1]: FFF02000, CID: B105E00D, PID: 003BB002 DWT -- CPU_ReadMem(16 bytes @ 0xE0002FF0) -- CPU_ReadMem(16 bytes @ 0xE0002FE0)ROMTbl 0 [2]: FFF03000, CID: B105E00D, PID: 002BB003 FPB -- CPU_ReadMem(16 bytes @ 0xE0000FF0) -- CPU_ReadMem(16 bytes @ 0xE0000FE0)ROMTbl 0 [3]: FFF01000, CID: B105E00D, PID: 003BB001 ITM -- CPU_ReadMem(16 bytes @ 0xE00FF010) -- CPU_ReadMem(16 bytes @ 0xE0040FF0) -- CPU_ReadMem(16 bytes @ 0xE0040FE0)ROMTbl 0 [4]: FFF41000, CID: B105900D, PID: 000BB9A1 TPIU  returns 0x00
 (0029ms, 24598ms total)
T1688 3793:447 JLINK_Halt()  returns 0x00 (0004ms, 24602ms total)
T1688 3793:451 JLINK_WriteMem(0x400E0A04, 0x0004 Bytes, ...) - Data: 0B 01 00 5A -- CPU_WriteMem(4 bytes @ 0x400E0A04)  returns 0x04 (0001ms, 24603ms total)
T1688 3793:452 JLINK_ReadMem (0x400E0A08, 0x0004 Bytes, ...) -- CPU_ReadMem(4 bytes @ 0x400E0A08) - Data: 01 00 00 00  returns 0x00 (0001ms, 24604ms total)
T1688 3793:453 JLINK_WriteMem(0x400E0A04, 0x0004 Bytes, ...) - Data: 0C 02 00 5A -- CPU_WriteMem(4 bytes @ 0x400E0A04)  returns 0x04 (0000ms, 24604ms total)
T1688 3793:454 JLINK_ReadMem (0x400E0A08, 0x0004 Bytes, ...) -- CPU_ReadMem(4 bytes @ 0x400E0A08) - Data: 01 00 00 00  returns 0x00 (0000ms, 24605ms total)
T1688 3793:455 JLINK_Reset() -- CPU_ReadMem(16 bytes @ 0x20000000) -- CPU_WriteMem(16 bytes @ 0x20000000) -- CPU_ReadMem(4 bytes @ 0xE000EDFC) -- CPU_WriteMem(4 bytes @ 0xE000EDFC) -- CPU_ReadMem(4 bytes @ 0xE0001000) -- CPU_WriteMem(4 bytes @ 0xE000EDFC) -- CPU_WriteMem(16 bytes @ 0x20000000) -- CPU_WriteMem(4 bytes @ 0xE0002000) -- CPU_ReadMem(4 bytes @ 0xE000EDFC) -- CPU_ReadMem(4 bytes @ 0xE0001000) (0027ms, 24633ms total)
T1688 3793:484 JLINK_JTAG_GetDeviceID(DeviceIndex = 0)  returns 0x4BA00477 (0000ms, 24633ms total)
T1688 3793:484 JLINK_ReadMemU32(0x400E0740, 0x0001 Items, ...) -- CPU_ReadMem(4 bytes @ 0x400E0740) - Data: E0 0E A7 29  returns 0x01 (0001ms, 24634ms total)
T1688 3793:485 JLINK_ReadMemU32(0x400E0744, 0x0001 Items, ...) -- CPU_ReadMem(4 bytes @ 0x400E0744) - Data: 00 00 00 00  returns 0x01 (0001ms, 24635ms total)
T1688 3793:490 JLINK_BeginDownload(Flags = 0x00) (0000ms, 24635ms total)
T1688 3793:490 JLINK_WriteMem(0x00400000, 0x1CB8 Bytes, ...) - Data: C8 34 00 20 59 0C 40 00 21 0D 40 00 21 0D 40 00 ...  returns 0x1CB8 (0000ms, 24635ms total)
T1688 3793:491 JLINK_WriteMem(0x00401CB8, 0x0430 Bytes, ...) - Data: 00 09 3D 00 00 00 00 00 00 00 00 00 F4 02 00 20 ...  returns 0x430 (0000ms, 24635ms total)
T2688 3793:496 JLINK_IsHalted()  returns TRUE (0000ms, 24635ms total)
T2688 3793:496 JLINK_GetMOEs(...) -- CPU_ReadMem(4 bytes @ 0xE000ED30) -- CPU_WriteMem(4 bytes @ 0xE000ED30)  returns 0x01 (0001ms, 24636ms total)
T2688 3793:497 JLINK_ReadReg(R15 (PC)) -- -------------------------------------- -- Start of determining dirty areas in flash cache -- End of determining dirty areas -- Start of preparing flash programming -- Calculating RAM usage -- RAM usage = 2932 Bytes -- Preserving CPU registers -- Preparing memory -- Determining CPU clock frequency -- CPU clock frequency: 4252 kHz -- CPU frequency = 4252 kHz -- Preparing target -- Downloading RAMCode -- Checking target RAM -- Preparing RAMCode
 -- End of preparing flash programming -- CPU is running at 90000 kHz. -- Start of comparing flash -- CRC check was estimated as fastest method -- Comparing range 0x400000 - 0x4021FF (17 Sectors, 8 KB), using multi-block CRC calculation -- CRC does not match for sectors 0-16 -- End of comparing flash -- Start of erasing sectors -- End of erasing sectors -- Start of flash programming -- Programming range 0x00400000 - 0x004021FF (017 Sectors, 8 KB) -- End of flash programming
 -- 0x400000 - 0x4021FF (017 Sectors, 8 KB) -- Start of verifying flash -- Checksum calculation was estimated as fastest method -- End of verifying flash -- Start of restoring -- Restore RAMCode -- Restore content of target memory -- Restore target -- Restore memory -- Restoring CPU registers -- End of restoring -- Flash programming performed for 1 range (8704 bytes) -- Total time needed: 0.359s (Prepare: 0.222s, Compare: 0.005s, Erase: 0.000s, Program: 0.072s, Verify: 0.000s, Restore: 0.057s)
  returns 0xFFFFFFFE (0360ms, 24996ms total)
T2558 3793:963 JLINK_Halt()  returns 0x00 (0000ms, 24996ms total)
T2558 3793:963 JLINK_ReadReg(R15 (PC))  returns 0xFFFFFFFE (0000ms, 24996ms total)
T2558 3793:963 JLINK_ReadReg(R13 (SP))  returns 0xFFFFFFFC (0000ms, 24996ms total)
T2688 3794:057 JLINK_IsHalted()  returns TRUE (0000ms, 24996ms total)
T2558 3794:111 JLINK_ReadReg(R0)  returns 0x400E1400 (0000ms, 24996ms total)
T2558 3794:111 JLINK_ReadReg(R1)  returns 0x40C00000 (0000ms, 24996ms total)
T2558 3794:111 JLINK_ReadReg(R2)  returns 0xA5000005 (0000ms, 24996ms total)
T2558 3794:111 JLINK_ReadReg(R3)  returns 0x400E0E00 (0000ms, 24996ms total)
T2558 3794:111 JLINK_ReadReg(R4)  returns 0x00400795 (0000ms, 24996ms total)
T2558 3794:111 JLINK_ReadReg(R5)  returns 0x1B7303D0 (0000ms, 24996ms total)
T2558 3794:111 JLINK_ReadReg(R6)  returns 0xC6D7A003 (0000ms, 24996ms total)
T2558 3794:111 JLINK_ReadReg(R7)  returns 0x200034A8 (0000ms, 24996ms total)
T2558 3794:111 JLINK_ReadReg(R8)  returns 0x414E8071 (0000ms, 24996ms total)
T2558 3794:111 JLINK_ReadReg(R9)  returns 0xC1100A30 (0000ms, 24996ms total)
T2558 3794:111 JLINK_ReadReg(R10)  returns 0xEA82C754 (0000ms, 24996ms total)
T2558 3794:111 JLINK_ReadReg(R11)  returns 0xA197832C (0000ms, 24996ms total)
T2558 3794:111 JLINK_ReadReg(R12)  returns 0x7D3E1A78 (0001ms, 24997ms total)
T2558 3794:112 JLINK_ReadReg(R13 (SP))  returns 0xFFFFFFFC (0000ms, 24997ms total)
T2558 3794:112 JLINK_ReadReg(R14)  returns 0xFFFFFFFF (0000ms, 24997ms total)
T2558 3794:112 JLINK_ReadReg(R15 (PC))  returns 0xFFFFFFFE (0000ms, 24997ms total)
T2558 3794:112 JLINK_ReadReg(XPSR)  returns 0x01000000 (0000ms, 24997ms total)
T2558 3794:112 JLINK_ReadReg(MSP)  returns 0xFFFFFFFC (0000ms, 24997ms total)
T2558 3794:112 JLINK_ReadReg(PSP)  returns 0x3050AD70 (0000ms, 24997ms total)
T2558 3794:112 JLINK_ReadReg(PRIMASK)  returns 0x00000000 (0000ms, 24997ms total)
T2558 3794:112 JLINK_ReadReg(BASEPRI)  returns 0x00000000 (0000ms, 24997ms total)
T2558 3794:112 JLINK_ReadReg(FAULTMASK)  returns 0x00000000 (0000ms, 24997ms total)
T2558 3794:112 JLINK_ReadReg(CONTROL)  returns 0x00000000 (0000ms, 24997ms total)
T2558 3794:144 JLINK_EndDownload()  returns 0x00 (0000ms, 24997ms total)
T2558 3794:144 JLINK_Reset() -- CPU_ReadMem(16 bytes @ 0x20000000) -- CPU_WriteMem(16 bytes @ 0x20000000) -- CPU_ReadMem(4 bytes @ 0xE000EDFC) -- CPU_WriteMem(4 bytes @ 0xE000EDFC) -- CPU_ReadMem(4 bytes @ 0xE0001000) -- CPU_WriteMem(4 bytes @ 0xE000EDFC) -- CPU_WriteMem(16 bytes @ 0x20000000) -- CPU_WriteMem(4 bytes @ 0xE0002000) -- CPU_ReadMem(4 bytes @ 0xE000EDFC) -- CPU_ReadMem(4 bytes @ 0xE0001000) (0027ms, 25024ms total)
T2688 3794:171 JLINK_IsHalted()  returns TRUE (0000ms, 25024ms total)
T2688 3794:171 JLINK_GetMOEs(...) -- CPU_ReadMem(4 bytes @ 0xE000ED30) -- CPU_WriteMem(4 bytes @ 0xE000ED30)  returns 0x01 (0002ms, 25026ms total)
T2688 3794:173 JLINK_ReadReg(R15 (PC))  returns 0x00400C58 (0000ms, 25026ms total)
T2558 3794:181 JLINK_ReadReg(R15 (PC))  returns 0x00400C58 (0000ms, 25026ms total)
T2558 3794:181 JLINK_ReadReg(R13 (SP))  returns 0x200034C8 (0000ms, 25026ms total)
T2558 3794:188 JLINK_ReadMemHW(0x00400C58, 0x0004 Bytes, ...) -- CPU_ReadMem(4 bytes @ 0x00400C58) - Data: 80 B5 84 B0  returns 0x00 (0001ms, 25027ms total)
T2558 3794:220 JLINK_ReadMemHW(0x00401344, 0x0001 Bytes, ...) -- CPU_ReadMem(1 bytes @ 0x00401344) - Data: 80  returns 0x00 (0001ms, 25028ms total)
T2558 3794:271 JLINK_ReadReg(R15 (PC))  returns 0x00400C58 (0000ms, 25028ms total)
T2558 3794:271 JLINK_GetNumBPUnits(Type = 0xFFFFFF02)  returns 0x06 (0000ms, 25028ms total)
T2558 3794:271 JLINK_SetBPEx(Addr = 0x00401344, Type = 0xFFFFFF02)  returns 0x00000001 (0000ms, 25028ms total)
T2558 3794:271 JLINK_GetBPInfo(BPHandle = 1)  returns 0x00 (0000ms, 25028ms total)
T2558 3794:271 JLINK_Go() -- CPU_ReadMem(4 bytes @ 0xE0001000) -- CPU_WriteMem(4 bytes @ 0xE0002008) -- CPU_WriteMem(4 bytes @ 0xE000200C) -- CPU_WriteMem(4 bytes @ 0xE0002010) -- CPU_WriteMem(4 bytes @ 0xE0002014) -- CPU_WriteMem(4 bytes @ 0xE0002018) -- CPU_WriteMem(4 bytes @ 0xE000201C) -- CPU_WriteMem(4 bytes @ 0xE0001004) (0005ms, 25033ms total)
T2688 3794:276 JLINK_IsHalted()  returns FALSE (0001ms, 25034ms total)
T2688 3794:297 JLINK_IsHalted()  returns TRUE (0046ms, 25079ms total)
T2688 3794:343 JLINK_GetMOEs(...) -- CPU_ReadMem(4 bytes @ 0xE000ED30) -- CPU_WriteMem(4 bytes @ 0xE000ED30)  returns 0x01 (0001ms, 25034ms total)
T2688 3794:344 JLINK_ReadReg(R15 (PC))  returns 0x00401344 (0000ms, 25034ms total)
T2688 3794:344 JLINK_WriteMem(0xE000EDFC, 0x0004 Bytes, ...) - Data: 00 00 00 01 -- CPU_WriteMem(4 bytes @ 0xE000EDFC)  returns 0x04 (0001ms, 25035ms total)
T2688 3794:345 JLINK_ReadMem (0xE0001000, 0x0004 Bytes, ...) -- CPU_ReadMem(4 bytes @ 0xE0001000) - Data: 01 00 00 40  returns 0x00 (0001ms, 25036ms total)
T2688 3794:346 JLINK_WriteMem(0xE0001000, 0x0004 Bytes, ...) - Data: 01 00 00 40  returns 0x04 (0000ms, 25036ms total)
T2688 3794:346 JLINK_WriteMem(0xE0001028, 0x0004 Bytes, ...) - Data: 00 01 00 00  returns 0x04 (0000ms, 25036ms total)
T2688 3794:346 JLINK_ReadMem (0xE0001028, 0x0004 Bytes, ...) -- CPU_WriteMem(4 bytes @ 0xE0001028) -- CPU_ReadMem(4 bytes @ 0xE0001028) - Data: 00 00 00 00  returns 0x00 (0002ms, 25038ms total)
T2688 3794:348 JLINK_WriteMem(0xE0001024, 0x0004 Bytes, ...) - Data: 1F 00 00 00  returns 0x04 (0000ms, 25038ms total)
T2688 3794:348 JLINK_ReadMem (0xE0001024, 0x0004 Bytes, ...) -- CPU_WriteMem(4 bytes @ 0xE0001024) -- CPU_ReadMem(4 bytes @ 0xE0001024) - Data: 0F 00 00 00  returns 0x00 (0001ms, 25039ms total)
T2688 3794:349 JLINK_WriteMem(0xE0001038, 0x0004 Bytes, ...) - Data: 00 01 00 00  returns 0x04 (0000ms, 25039ms total)
T2688 3794:349 JLINK_ReadMem (0xE0001038, 0x0004 Bytes, ...) -- CPU_WriteMem(4 bytes @ 0xE0001038) -- CPU_ReadMem(4 bytes @ 0xE0001038) - Data: 00 03 00 00  returns 0x00 (0002ms, 25041ms total)
T2688 3794:351 JLINK_WriteMem(0xE0001034, 0x0004 Bytes, ...) - Data: 1F 00 00 00  returns 0x04 (0000ms, 25041ms total)
T2688 3794:351 JLINK_ReadMem (0xE0001034, 0x0004 Bytes, ...) -- CPU_WriteMem(4 bytes @ 0xE0001034) -- CPU_ReadMem(4 bytes @ 0xE0001034) - Data: 0F 00 00 00  returns 0x00 (0002ms, 25043ms total)
T2688 3794:353 JLINK_WriteMem(0xE0001048, 0x0004 Bytes, ...) - Data: 00 01 00 00  returns 0x04 (0000ms, 25043ms total)
T2688 3794:353 JLINK_ReadMem (0xE0001048, 0x0004 Bytes, ...) -- CPU_WriteMem(4 bytes @ 0xE0001048) -- CPU_ReadMem(4 bytes @ 0xE0001048) - Data: 00 00 00 00  returns 0x00 (0001ms, 25044ms total)
T2688 3794:354 JLINK_WriteMem(0xE0001044, 0x0004 Bytes, ...) - Data: 1F 00 00 00  returns 0x04 (0000ms, 25044ms total)
T2688 3794:354 JLINK_ReadMem (0xE0001044, 0x0004 Bytes, ...) -- CPU_WriteMem(4 bytes @ 0xE0001044) -- CPU_ReadMem(4 bytes @ 0xE0001044) - Data: 0F 00 00 00  returns 0x00 (0002ms, 25046ms total)
T2688 3794:356 JLINK_WriteMem(0xE0001058, 0x0004 Bytes, ...) - Data: 00 01 00 00  returns 0x04 (0000ms, 25046ms total)
T2688 3794:356 JLINK_ReadMem (0xE0001058, 0x0004 Bytes, ...) -- CPU_WriteMem(4 bytes @ 0xE0001058) -- CPU_ReadMem(4 bytes @ 0xE0001058) - Data: 00 00 00 00  returns 0x00 (0002ms, 25048ms total)
T2688 3794:358 JLINK_WriteMem(0xE0001054, 0x0004 Bytes, ...) - Data: 1F 00 00 00  returns 0x04 (0000ms, 25048ms total)
T2688 3794:358 JLINK_ReadMem (0xE0001054, 0x0004 Bytes, ...) -- CPU_WriteMem(4 bytes @ 0xE0001054) -- CPU_ReadMem(4 bytes @ 0xE0001054) - Data: 0F 00 00 00  returns 0x00 (0001ms, 25049ms total)
T2688 3794:359 JLINK_WriteMem(0xE0001020, 0x0004 Bytes, ...) - Data: 00 00 00 00  returns 0x04 (0000ms, 25049ms total)
T2688 3794:359 JLINK_WriteMem(0xE0001024, 0x0004 Bytes, ...) - Data: 00 00 00 00  returns 0x04 (0000ms, 25049ms total)
T2688 3794:359 JLINK_WriteMem(0xE0001028, 0x0004 Bytes, ...) - Data: 00 00 00 00  returns 0x04 (0000ms, 25049ms total)
T2688 3794:359 JLINK_WriteMem(0xE0001030, 0x0004 Bytes, ...) - Data: 00 00 00 00  returns 0x04 (0000ms, 25049ms total)
T2688 3794:359 JLINK_WriteMem(0xE0001034, 0x0004 Bytes, ...) - Data: 00 00 00 00  returns 0x04 (0000ms, 25049ms total)
T2688 3794:359 JLINK_WriteMem(0xE0001038, 0x0004 Bytes, ...) - Data: 00 00 00 00  returns 0x04 (0001ms, 25050ms total)
T2688 3794:360 JLINK_WriteMem(0xE0001040, 0x0004 Bytes, ...) - Data: 00 00 00 00  returns 0x04 (0000ms, 25050ms total)
T2688 3794:360 JLINK_WriteMem(0xE0001044, 0x0004 Bytes, ...) - Data: 00 00 00 00  returns 0x04 (0000ms, 25050ms total)
T2688 3794:360 JLINK_WriteMem(0xE0001048, 0x0004 Bytes, ...) - Data: 00 00 00 00  returns 0x04 (0000ms, 25050ms total)
T2688 3794:360 JLINK_WriteMem(0xE0001050, 0x0004 Bytes, ...) - Data: 00 00 00 00  returns 0x04 (0000ms, 25050ms total)
T2688 3794:360 JLINK_WriteMem(0xE0001054, 0x0004 Bytes, ...) - Data: 00 00 00 00  returns 0x04 (0000ms, 25050ms total)
T2688 3794:360 JLINK_WriteMem(0xE0001058, 0x0004 Bytes, ...) - Data: 00 00 00 00  returns 0x04 (0000ms, 25050ms total)
T2688 3794:360 JLINK_GetBPInfo(BPHandle = 1)  returns 0x00 (0000ms, 25050ms total)
T2688 3794:360 JLINK_ClrBPEx(BPHandle = 0x00000001)  returns 0x00 (0000ms, 25050ms total)
T2558 3794:366 JLINK_ReadReg(R15 (PC))  returns 0x00401344 (0000ms, 25050ms total)
T2558 3794:366 JLINK_ReadReg(R13 (SP))  returns 0x200034B0 (0000ms, 25050ms total)
T2558 3794:366 JLINK_ReadMemHW(0x00401344, 0x0004 Bytes, ...) -- CPU_ReadMem(4 bytes @ 0x00401344) - Data: 80 B5 00 AF  returns 0x00 (0001ms, 25051ms total)
T2558 3794:378 JLINK_ReadReg(R15 (PC))  returns 0x00401344 (0000ms, 25051ms total)
T2558 3794:378 JLINK_Go() -- CPU_WriteMem(4 bytes @ 0xE0001000) -- CPU_ReadMem(4 bytes @ 0xE0001000) -- CPU_WriteMem(4 bytes @ 0xE0001020) -- CPU_WriteMem(4 bytes @ 0xE0001030) -- CPU_WriteMem(4 bytes @ 0xE0001040) -- CPU_WriteMem(4 bytes @ 0xE0001050) -- CPU_WriteMem(4 bytes @ 0xE0001024) -- CPU_WriteMem(4 bytes @ 0xE0001034) -- CPU_WriteMem(4 bytes @ 0xE0001044) -- CPU_WriteMem(4 bytes @ 0xE0001054) -- CPU_WriteMem(4 bytes @ 0xE0001028) -- CPU_WriteMem(4 bytes @ 0xE0001038)
 -- CPU_WriteMem(4 bytes @ 0xE0001048) -- CPU_WriteMem(4 bytes @ 0xE0001058) -- CPU_WriteMem(4 bytes @ 0xE0002008) (0007ms, 25058ms total)
T2688 3794:385 JLINK_IsHalted()  returns FALSE (0000ms, 25058ms total)
T2688 3794:446 JLINK_IsHalted()  returns FALSE (0001ms, 25059ms total)
T2688 3794:607 JLINK_IsHalted()  returns FALSE (0000ms, 25058ms total)
T2688 3794:807 JLINK_IsHalted()  returns FALSE (0001ms, 25059ms total)
T2688 3795:008 JLINK_IsHalted()  returns FALSE (0001ms, 25059ms total)
T2688 3795:209 JLINK_IsHalted()  returns FALSE (0001ms, 25059ms total)
T2688 3795:410 JLINK_IsHalted()  returns FALSE (0001ms, 25059ms total)
T2688 3795:611 JLINK_IsHalted()  returns FALSE (0001ms, 25059ms total)
T2688 3795:812 JLINK_IsHalted()  returns FALSE (0001ms, 25059ms total)
T2688 3796:013 JLINK_IsHalted()  returns FALSE (0001ms, 25059ms total)
T2688 3796:246 JLINK_IsHalted()  returns FALSE (0001ms, 25059ms total)
T2688 3796:447 JLINK_IsHalted()  returns FALSE (0001ms, 25059ms total)
T2688 3796:648 JLINK_IsHalted()  returns FALSE (0001ms, 25059ms total)
T2688 3796:849 JLINK_IsHalted()  returns FALSE (0001ms, 25059ms total)
T2688 3797:050 JLINK_IsHalted()  returns FALSE (0001ms, 25059ms total)
T2688 3797:251 JLINK_IsHalted()  returns FALSE (0001ms, 25059ms total)
T2688 3797:452 JLINK_IsHalted()  returns FALSE (0001ms, 25059ms total)
T2688 3797:653 JLINK_IsHalted()  returns FALSE (0000ms, 25058ms total)
T2688 3797:853 JLINK_IsHalted()  returns FALSE (0000ms, 25058ms total)
T2688 3798:053 JLINK_IsHalted()  returns FALSE (0001ms, 25059ms total)
T2688 3798:254 JLINK_IsHalted()  returns FALSE (0001ms, 25059ms total)
T2688 3798:455 JLINK_IsHalted()  returns FALSE (0001ms, 25059ms total)
T2688 3798:656 JLINK_IsHalted()  returns FALSE (0000ms, 25058ms total)
T2688 3798:856 JLINK_IsHalted()  returns FALSE (0001ms, 25059ms total)
T2688 3799:057 JLINK_IsHalted()  returns FALSE (0001ms, 25059ms total)
T2688 3799:259 JLINK_IsHalted()  returns FALSE (0001ms, 25059ms total)
T2688 3799:460 JLINK_IsHalted()  returns FALSE (0001ms, 25059ms total)
T2688 3799:661 JLINK_IsHalted()  returns FALSE (0001ms, 25059ms total)
T2688 3799:862 JLINK_IsHalted()  returns FALSE (0001ms, 25059ms total)
T2688 3800:063 JLINK_IsHalted()  returns FALSE (0001ms, 25059ms total)
T2688 3800:264 JLINK_IsHalted()  returns FALSE (0001ms, 25059ms total)
T2688 3800:497 JLINK_IsHalted()  returns FALSE (0001ms, 25059ms total)
T2688 3800:698 JLINK_IsHalted()  returns FALSE (0001ms, 25059ms total)
T2688 3800:899 JLINK_IsHalted()  returns FALSE (0001ms, 25059ms total)
T2688 3801:100 JLINK_IsHalted()  returns FALSE (0001ms, 25059ms total)
T2688 3801:301 JLINK_IsHalted()  returns FALSE (0001ms, 25059ms total)
T2688 3801:502 JLINK_IsHalted()  returns FALSE (0001ms, 25059ms total)
T2688 3801:703 JLINK_IsHalted()  returns FALSE (0001ms, 25059ms total)
T2688 3801:904 JLINK_IsHalted()  returns FALSE (0001ms, 25059ms total)
T2688 3802:105 JLINK_IsHalted()  returns FALSE (0001ms, 25059ms total)
T2688 3802:306 JLINK_IsHalted()  returns FALSE (0001ms, 25059ms total)
T2688 3802:507 JLINK_IsHalted()  returns FALSE (0001ms, 25059ms total)
T2688 3802:708 JLINK_IsHalted()  returns FALSE (0001ms, 25059ms total)
T2688 3802:909 JLINK_IsHalted()  returns FALSE (0001ms, 25059ms total)
T2688 3803:110 JLINK_IsHalted()  returns FALSE (0000ms, 25058ms total)
T2688 3803:310 JLINK_IsHalted()  returns FALSE (0001ms, 25059ms total)
T2688 3803:511 JLINK_IsHalted()  returns FALSE (0001ms, 25059ms total)
T2688 3803:712 JLINK_IsHalted()  returns FALSE (0001ms, 25059ms total)
T2688 3803:913 JLINK_IsHalted()  returns FALSE (0001ms, 25059ms total)
T2688 3804:114 JLINK_IsHalted()  returns FALSE (0001ms, 25059ms total)
T2688 3804:347 JLINK_IsHalted()  returns FALSE (0001ms, 25059ms total)
T2688 3804:548 JLINK_IsHalted()  returns FALSE (0001ms, 25059ms total)
T2688 3804:749 JLINK_IsHalted()  returns FALSE (0001ms, 25059ms total)
T2688 3804:950 JLINK_IsHalted()  returns ERROR (0003ms, 25061ms total)
T2688 3804:953 JLINK_ExecCommand("ProjectFile = C:\Users\H243\Documents\GitHub\Maua-trabalhos\12-TIMER-COUNTER-COMPARE\Timer-Counter\jlink.config", ...)  returns 0x00 (0000ms, 25058ms total)
T2688 3805:056 JLINK_ExecCommand("Device = AT91SAM4SD32C", ...)Device "ATSAM4SD32C" selected.  returns 0x00 (0001ms, 25059ms total)
T2688 3805:057 JLINK_TIF_Select(JLINKARM_TIF_JTAG)  returns 0x00 (0000ms, 25059ms total)
T2688 3805:057 JLINK_GetIdData(...) ScanLen=4 NumDevices=1 aId[0]=0x4BA00477 aIrRead[0]=0 aScanLen[0]=0 aScanRead[0]=0 (0000ms, 25059ms total)
T2688 3805:057 JLINK_ConfigJTAG(IRPre = 0, DRPre = 0) (0000ms, 25059ms total)
T2688 3805:057 JLINK_SetSpeed(4000) (0001ms, 25060ms total)
T2688 3805:058 JLINK_ResetPullsRESET(OFF) (0000ms, 25060ms total)
T2688 3805:058 JLINK_Connect() >0x2F8 JTAG>TotalIRLen = 4, IRPrint = 0x01 >0x30 JTAG> >0x210 JTAG> >0x70 JTAG> >0x40 JTAG> >0x40 JTAG> >0x40 JTAG> >0x48 JTAG> >0x78 JTAG> >0x40 JTAG> >0x30 JTAG> >0x40 JTAG> >0x40 JTAG> >0x30 JTAG> >0x40 JTAG> >0x48 JTAG>Found Cortex-M4 r0p1, Little endian. -- CPU_ReadMem(4 bytes @ 0xE000EDF0) -- CPU_ReadMem(4 bytes @ 0xE0002000)FPUnit: 6 code (BP) slots and 2 literal slots -- CPU_ReadMem(4 bytes @ 0xE0001000) -- CPU_WriteMem(4 bytes @ 0xE0001000)
 -- CPU_ReadMem(4 bytes @ 0xE000ED88) -- CPU_WriteMem(4 bytes @ 0xE000ED88) -- CPU_ReadMem(4 bytes @ 0xE000ED88) -- CPU_WriteMem(4 bytes @ 0xE000ED88)CoreSight components:ROMTbl 0 @ E00FF000 -- CPU_ReadMem(16 bytes @ 0xE00FF000) -- CPU_ReadMem(16 bytes @ 0xE000EFF0) -- CPU_ReadMem(16 bytes @ 0xE000EFE0)ROMTbl 0 [0]: FFF0F000, CID: B105E00D, PID: 000BB000 SCS -- CPU_ReadMem(16 bytes @ 0xE0001FF0) -- CPU_ReadMem(16 bytes @ 0xE0001FE0)ROMTbl 0 [1]: FFF02000, CID: B105E00D, PID: 003BB002 DWT
 -- CPU_ReadMem(16 bytes @ 0xE0002FF0) -- CPU_ReadMem(16 bytes @ 0xE0002FE0)ROMTbl 0 [2]: FFF03000, CID: B105E00D, PID: 002BB003 FPB -- CPU_ReadMem(16 bytes @ 0xE0000FF0) -- CPU_ReadMem(16 bytes @ 0xE0000FE0)ROMTbl 0 [3]: FFF01000, CID: B105E00D, PID: 003BB001 ITM -- CPU_ReadMem(16 bytes @ 0xE00FF010) -- CPU_ReadMem(16 bytes @ 0xE0040FF0) -- CPU_ReadMem(16 bytes @ 0xE0040FE0)ROMTbl 0 [4]: FFF41000, CID: B105900D, PID: 000BB9A1 TPIU  returns 0x00 (0027ms, 25087ms total)
T2688 3805:085 JLINK_Go()
  ***** Error: CPU is not halted (0001ms, 25088ms total)
T2688 3805:297 JLINK_IsHalted()  returns FALSE (0001ms, 25089ms total)
T2688 3805:498 JLINK_IsHalted()  returns FALSE (0000ms, 25088ms total)
T2688 3805:698 JLINK_IsHalted()  returns FALSE (0000ms, 25088ms total)
T2688 3805:898 JLINK_IsHalted()  returns FALSE (0001ms, 25089ms total)
T2688 3806:099 JLINK_IsHalted()  returns FALSE (0000ms, 25088ms total)
T2688 3806:299 JLINK_IsHalted()  returns FALSE (0043ms, 25131ms total)
T2688 3806:547 JLINK_IsHalted()  returns FALSE (0000ms, 25088ms total)
T2688 3806:747 JLINK_IsHalted()  returns FALSE (0001ms, 25089ms total)
T2688 3806:948 JLINK_IsHalted()  returns FALSE (0001ms, 25089ms total)
T2688 3807:149 JLINK_IsHalted()  returns FALSE (0000ms, 25088ms total)
T2688 3807:349 JLINK_IsHalted()  returns FALSE (0000ms, 25088ms total)
T2688 3807:549 JLINK_IsHalted()  returns FALSE (0001ms, 25089ms total)
T2688 3807:750 JLINK_IsHalted()  returns FALSE (0001ms, 25089ms total)
T2688 3807:951 JLINK_IsHalted()  returns FALSE (0000ms, 25088ms total)
T2688 3808:151 JLINK_IsHalted()  returns FALSE (0001ms, 25089ms total)
T2688 3808:352 JLINK_IsHalted()  returns FALSE (0001ms, 25089ms total)
T2688 3808:553 JLINK_IsHalted()  returns FALSE (0001ms, 25089ms total)
T2688 3808:754 JLINK_IsHalted()  returns FALSE (0001ms, 25089ms total)
T2688 3808:955 JLINK_IsHalted()  returns FALSE (0000ms, 25088ms total)
T2688 3809:155 JLINK_IsHalted()  returns FALSE (0000ms, 25088ms total)
T2688 3809:355 JLINK_IsHalted()  returns FALSE (0001ms, 25089ms total)
T2688 3809:556 JLINK_IsHalted()  returns FALSE (0001ms, 25089ms total)
T2688 3809:757 JLINK_IsHalted()  returns FALSE (0001ms, 25089ms total)
T2688 3809:958 JLINK_IsHalted()  returns FALSE (0000ms, 25088ms total)
T2688 3810:158 JLINK_IsHalted()  returns FALSE (0000ms, 25088ms total)
T2688 3810:358 JLINK_IsHalted()  returns FALSE (0001ms, 25089ms total)
T2688 3810:559 JLINK_IsHalted()  returns FALSE (0001ms, 25089ms total)
T2688 3810:760 JLINK_IsHalted()  returns FALSE (0000ms, 25088ms total)
T2688 3810:960 JLINK_IsHalted()  returns FALSE (0001ms, 25089ms total)
T2688 3811:161 JLINK_IsHalted()  returns FALSE (0000ms, 25088ms total)
T2688 3811:361 JLINK_IsHalted()  returns FALSE (0001ms, 25089ms total)
T2688 3811:562 JLINK_IsHalted()  returns FALSE (0001ms, 25089ms total)
T2688 3811:763 JLINK_IsHalted()  returns FALSE (0001ms, 25089ms total)
T2688 3811:996 JLINK_IsHalted()  returns FALSE (0000ms, 25088ms total)
T2688 3812:196 JLINK_IsHalted()  returns FALSE (0000ms, 25088ms total)
T2688 3812:396 JLINK_IsHalted()  returns FALSE (0145ms, 25233ms total)
T2688 3812:746 JLINK_IsHalted()  returns FALSE (0001ms, 25089ms total)
T2688 3812:947 JLINK_IsHalted()  returns FALSE (0001ms, 25089ms total)
T2688 3813:148 JLINK_IsHalted()  returns FALSE (0001ms, 25089ms total)
T2688 3813:349 JLINK_IsHalted()  returns FALSE (0000ms, 25088ms total)
T2688 3813:549 JLINK_IsHalted()  returns FALSE (0001ms, 25089ms total)
T2688 3813:750 JLINK_IsHalted()  returns FALSE (0000ms, 25088ms total)
T2688 3813:950 JLINK_IsHalted()  returns FALSE (0000ms, 25088ms total)
T2688 3814:150 JLINK_IsHalted()  returns FALSE (0001ms, 25089ms total)
T2688 3814:351 JLINK_IsHalted()  returns FALSE (0001ms, 25089ms total)
T2688 3814:552 JLINK_IsHalted()  returns FALSE (0001ms, 25089ms total)
T2688 3814:753 JLINK_IsHalted()  returns FALSE (0000ms, 25088ms total)
T2688 3814:953 JLINK_IsHalted()  returns FALSE (0001ms, 25089ms total)
T2688 3815:154 JLINK_IsHalted()  returns FALSE (0001ms, 25089ms total)
T2688 3815:355 JLINK_IsHalted()  returns FALSE (0001ms, 25089ms total)
T2688 3815:556 JLINK_IsHalted()  returns FALSE (0000ms, 25088ms total)
T2688 3815:756 JLINK_IsHalted()  returns FALSE (0001ms, 25089ms total)
T2688 3815:957 JLINK_IsHalted()  returns FALSE (0001ms, 25089ms total)
T2688 3816:158 JLINK_IsHalted()  returns FALSE (0000ms, 25088ms total)
T2688 3816:358 JLINK_IsHalted()  returns FALSE (0001ms, 25089ms total)
T2688 3816:559 JLINK_IsHalted()  returns FALSE (0001ms, 25089ms total)
T2688 3816:761 JLINK_IsHalted()  returns FALSE (0000ms, 25088ms total)
T2688 3816:961 JLINK_IsHalted()  returns FALSE (0001ms, 25089ms total)
T2688 3817:162 JLINK_IsHalted()  returns FALSE (0000ms, 25088ms total)
T2688 3817:362 JLINK_IsHalted()  returns FALSE (0000ms, 25088ms total)
T2688 3817:562 JLINK_IsHalted()  returns FALSE (0000ms, 25088ms total)
T2688 3817:762 JLINK_IsHalted()  returns FALSE (0000ms, 25088ms total)
T2688 3817:962 JLINK_IsHalted()  returns FALSE (0000ms, 25088ms total)
T2688 3818:162 JLINK_IsHalted()  returns FALSE (0000ms, 25088ms total)
T2688 3818:362 JLINK_IsHalted()  returns FALSE (0000ms, 25088ms total)
T2688 3818:562 JLINK_IsHalted()  returns FALSE (0001ms, 25089ms total)
T2688 3818:763 JLINK_IsHalted()  returns FALSE (0001ms, 25089ms total)
T2688 3818:964 JLINK_IsHalted()  returns FALSE (0001ms, 25089ms total)
T2688 3819:197 JLINK_IsHalted()  returns FALSE (0000ms, 25088ms total)
T2688 3819:397 JLINK_IsHalted()  returns FALSE (0000ms, 25088ms total)
T2688 3819:597 JLINK_IsHalted()  returns FALSE (0001ms, 25089ms total)
T2688 3819:798 JLINK_IsHalted()  returns FALSE (0001ms, 25089ms total)
T2688 3819:999 JLINK_IsHalted()  returns FALSE (0001ms, 25089ms total)
T2688 3820:200 JLINK_IsHalted()  returns FALSE (0001ms, 25089ms total)
T2688 3820:401 JLINK_IsHalted()  returns FALSE (0001ms, 25089ms total)
T2688 3820:602 JLINK_IsHalted()  returns FALSE (0001ms, 25089ms total)
T2688 3820:803 JLINK_IsHalted()  returns FALSE (0000ms, 25088ms total)
T2688 3821:003 JLINK_IsHalted()  returns FALSE (0001ms, 25089ms total)
T2688 3821:204 JLINK_IsHalted()  returns FALSE (0000ms, 25088ms total)
T2688 3821:471 JLINK_IsHalted()  returns FALSE (0005ms, 25093ms total)
T2688 3821:697 JLINK_IsHalted()  returns FALSE (0000ms, 25088ms total)
T2688 3821:897 JLINK_IsHalted()  returns FALSE (0001ms, 25089ms total)
T2688 3822:098 JLINK_IsHalted()  returns FALSE (0001ms, 25089ms total)
T2688 3822:299 JLINK_IsHalted()  returns FALSE (0001ms, 25089ms total)
T2688 3822:502 JLINK_IsHalted()  returns FALSE (0007ms, 25095ms total)
T2688 3822:709 JLINK_IsHalted()  returns FALSE (0000ms, 25088ms total)
T2688 3822:909 JLINK_IsHalted()  returns FALSE (0001ms, 25089ms total)
T2688 3823:111 JLINK_IsHalted()  returns FALSE (0001ms, 25089ms total)
T2688 3823:312 JLINK_IsHalted()  returns FALSE (0000ms, 25088ms total)
T2688 3823:524 JLINK_IsHalted()  returns FALSE (0001ms, 25089ms total)
T2688 3823:747 JLINK_IsHalted()  returns FALSE (0000ms, 25088ms total)
T2688 3823:952 JLINK_IsHalted()  returns FALSE (0000ms, 25088ms total)
T2688 3824:152 JLINK_IsHalted()  returns FALSE (0000ms, 25088ms total)
T2688 3824:352 JLINK_IsHalted()  returns FALSE (0000ms, 25088ms total)
T2688 3824:552 JLINK_IsHalted()  returns FALSE (0022ms, 25110ms total)
T2688 3824:797 JLINK_IsHalted()  returns FALSE (0000ms, 25088ms total)
T2688 3824:997 JLINK_IsHalted()  returns FALSE (0001ms, 25089ms total)
T2688 3825:198 JLINK_IsHalted()  returns FALSE (0000ms, 25088ms total)
T2688 3825:398 JLINK_IsHalted()  returns FALSE (0000ms, 25088ms total)
T2688 3825:598 JLINK_IsHalted()  returns FALSE (0000ms, 25088ms total)
T2688 3825:799 JLINK_IsHalted()  returns FALSE (0000ms, 25088ms total)
T2688 3825:999 JLINK_IsHalted()  returns FALSE (0000ms, 25088ms total)
T2688 3826:199 JLINK_IsHalted()  returns FALSE (0000ms, 25088ms total)
T2688 3826:399 JLINK_IsHalted()  returns FALSE (0001ms, 25089ms total)
T2688 3826:600 JLINK_IsHalted()  returns FALSE (0000ms, 25088ms total)
T2688 3826:800 JLINK_IsHalted()  returns FALSE (0001ms, 25089ms total)
T2688 3827:001 JLINK_IsHalted()  returns FALSE (0001ms, 25089ms total)
T2688 3827:202 JLINK_IsHalted()  returns FALSE (0000ms, 25088ms total)
T2688 3827:402 JLINK_IsHalted()  returns FALSE (0001ms, 25089ms total)
T2688 3827:603 JLINK_IsHalted()  returns FALSE (0000ms, 25088ms total)
T2688 3827:803 JLINK_IsHalted()  returns FALSE (0000ms, 25088ms total)
T2688 3828:003 JLINK_IsHalted()  returns FALSE (0001ms, 25089ms total)
T2688 3828:204 JLINK_IsHalted()  returns FALSE (0001ms, 25089ms total)
T2688 3828:405 JLINK_IsHalted()  returns FALSE (0000ms, 25088ms total)
T2688 3828:605 JLINK_IsHalted()  returns FALSE (0000ms, 25088ms total)
T2688 3828:805 JLINK_IsHalted()  returns FALSE (0000ms, 25088ms total)
T2688 3829:005 JLINK_IsHalted()  returns FALSE (0001ms, 25089ms total)
T2688 3829:206 JLINK_IsHalted()  returns FALSE (0001ms, 25089ms total)
T2688 3829:407 JLINK_IsHalted()  returns FALSE (0001ms, 25089ms total)
T2688 3829:608 JLINK_IsHalted()  returns FALSE (0001ms, 25089ms total)
T2688 3829:809 JLINK_IsHalted()  returns FALSE (0001ms, 25089ms total)
T2688 3830:010 JLINK_IsHalted()  returns FALSE (0000ms, 25088ms total)
T2688 3830:210 JLINK_IsHalted()  returns FALSE (0001ms, 25089ms total)
T2688 3830:411 JLINK_IsHalted()  returns FALSE (0000ms, 25088ms total)
T2688 3830:611 JLINK_IsHalted()  returns FALSE (0000ms, 25088ms total)
T2688 3830:811 JLINK_IsHalted()  returns FALSE (0001ms, 25089ms total)
T2688 3831:012 JLINK_IsHalted()  returns FALSE (0001ms, 25089ms total)
T2688 3831:213 JLINK_IsHalted()  returns FALSE (0000ms, 25088ms total)
T2688 3831:413 JLINK_IsHalted()  returns FALSE (0001ms, 25089ms total)
T2688 3831:646 JLINK_IsHalted()  returns FALSE (0001ms, 25089ms total)
T2688 3831:847 JLINK_IsHalted()  returns FALSE (0001ms, 25089ms total)
T2688 3832:048 JLINK_IsHalted()  returns FALSE (0001ms, 25089ms total)
T2688 3832:249 JLINK_IsHalted()  returns FALSE (0000ms, 25088ms total)
T2688 3832:449 JLINK_IsHalted()  returns FALSE (0001ms, 25089ms total)
T2688 3832:650 JLINK_IsHalted()  returns FALSE (0001ms, 25089ms total)
T2688 3832:851 JLINK_IsHalted()  returns FALSE (0001ms, 25089ms total)
T2688 3833:052 JLINK_IsHalted()  returns FALSE (0001ms, 25089ms total)
T2688 3833:253 JLINK_IsHalted()  returns FALSE (0000ms, 25088ms total)
T2688 3833:453 JLINK_IsHalted()  returns FALSE (0000ms, 25088ms total)
T2688 3833:653 JLINK_IsHalted()  returns FALSE (0000ms, 25088ms total)
T2688 3833:853 JLINK_IsHalted()  returns FALSE (0001ms, 25089ms total)
T2688 3834:054 JLINK_IsHalted()  returns FALSE (0001ms, 25089ms total)
T2688 3834:256 JLINK_IsHalted()  returns FALSE (0001ms, 25089ms total)
T2688 3834:457 JLINK_IsHalted()  returns FALSE (0001ms, 25089ms total)
T2688 3834:658 JLINK_IsHalted()  returns FALSE (0001ms, 25089ms total)
T2688 3834:859 JLINK_IsHalted()  returns FALSE (0001ms, 25089ms total)
T2688 3835:060 JLINK_IsHalted()  returns FALSE (0001ms, 25089ms total)
T2688 3835:261 JLINK_IsHalted()  returns FALSE (0000ms, 25088ms total)
T2688 3835:461 JLINK_IsHalted()  returns FALSE (0001ms, 25089ms total)
T2688 3835:662 JLINK_IsHalted()  returns FALSE (0001ms, 25089ms total)
T2688 3835:863 JLINK_IsHalted()  returns FALSE (0000ms, 25088ms total)
T2688 3836:064 JLINK_IsHalted()  returns FALSE (0000ms, 25088ms total)
T2688 3836:264 JLINK_IsHalted()  returns FALSE (0000ms, 25088ms total)
T2688 3836:464 JLINK_IsHalted()  returns FALSE (0000ms, 25088ms total)
T2688 3836:664 JLINK_IsHalted()  returns FALSE (0001ms, 25089ms total)
T2688 3836:897 JLINK_IsHalted()  returns FALSE (0000ms, 25088ms total)
T2688 3837:097 JLINK_IsHalted()  returns FALSE (0001ms, 25089ms total)
T2688 3837:298 JLINK_IsHalted()  returns FALSE (0001ms, 25089ms total)
T2688 3837:499 JLINK_IsHalted()  returns FALSE (0001ms, 25089ms total)
T2688 3837:700 JLINK_IsHalted()  returns FALSE (0000ms, 25088ms total)
T2688 3837:900 JLINK_IsHalted()  returns FALSE (0000ms, 25088ms total)
T2688 3838:100 JLINK_IsHalted()  returns FALSE (0001ms, 25089ms total)
T2688 3838:301 JLINK_IsHalted()  returns FALSE (0000ms, 25088ms total)
T2688 3838:501 JLINK_IsHalted()  returns FALSE (0000ms, 25088ms total)
T2688 3838:701 JLINK_IsHalted()  returns FALSE (0001ms, 25089ms total)
T2688 3838:902 JLINK_IsHalted()  returns FALSE (0001ms, 25089ms total)
T2688 3839:103 JLINK_IsHalted()  returns FALSE (0001ms, 25089ms total)
T2688 3839:304 JLINK_IsHalted()  returns FALSE (0000ms, 25088ms total)
T2688 3839:504 JLINK_IsHalted()  returns FALSE (0001ms, 25089ms total)
T2688 3839:705 JLINK_IsHalted()  returns FALSE (0001ms, 25089ms total)
T2688 3839:906 JLINK_IsHalted()  returns FALSE (0000ms, 25088ms total)
T2688 3840:106 JLINK_IsHalted()  returns FALSE (0001ms, 25089ms total)
T2688 3840:307 JLINK_IsHalted()  returns FALSE (0000ms, 25088ms total)
T2688 3840:507 JLINK_IsHalted()  returns FALSE (0001ms, 25089ms total)
T2688 3840:708 JLINK_IsHalted()  returns FALSE (0001ms, 25089ms total)
T2688 3840:909 JLINK_IsHalted()  returns FALSE (0000ms, 25088ms total)
T2688 3841:109 JLINK_IsHalted()  returns FALSE (0000ms, 25088ms total)
T2688 3841:309 JLINK_IsHalted()  returns FALSE (0001ms, 25089ms total)
T2688 3841:510 JLINK_IsHalted()  returns FALSE (0001ms, 25089ms total)
T2688 3841:711 JLINK_IsHalted()  returns FALSE (0000ms, 25088ms total)
T2688 3841:911 JLINK_IsHalted()  returns FALSE (0001ms, 25089ms total)
T2688 3842:112 JLINK_IsHalted()  returns FALSE (0001ms, 25089ms total)
T2688 3842:313 JLINK_IsHalted()  returns FALSE (0000ms, 25088ms total)
T2688 3842:513 JLINK_IsHalted()  returns FALSE (0001ms, 25089ms total)
T2688 3842:714 JLINK_IsHalted()  returns FALSE (0001ms, 25089ms total)
T2688 3842:947 JLINK_IsHalted()  returns FALSE (0001ms, 25089ms total)
T2688 3843:148 JLINK_IsHalted()  returns FALSE (0001ms, 25089ms total)
T2688 3843:349 JLINK_IsHalted()  returns FALSE (0001ms, 25089ms total)
T2688 3843:550 JLINK_IsHalted()  returns FALSE (0001ms, 25089ms total)
T2688 3843:751 JLINK_IsHalted()  returns FALSE (0001ms, 25089ms total)
T2688 3843:952 JLINK_IsHalted()  returns FALSE (0000ms, 25088ms total)
T2688 3844:152 JLINK_IsHalted()  returns FALSE (0000ms, 25088ms total)
T2688 3844:352 JLINK_IsHalted()  returns FALSE (0001ms, 25089ms total)
T2688 3844:553 JLINK_IsHalted()  returns FALSE (0000ms, 25088ms total)
T2688 3844:753 JLINK_IsHalted()  returns FALSE (0000ms, 25088ms total)
T2688 3844:953 JLINK_IsHalted()  returns FALSE (0000ms, 25088ms total)
T2688 3845:153 JLINK_IsHalted()  returns FALSE (0000ms, 25088ms total)
T2688 3845:353 JLINK_IsHalted()  returns FALSE (0000ms, 25088ms total)
T2688 3845:553 JLINK_IsHalted()  returns FALSE (0001ms, 25089ms total)
T2688 3845:754 JLINK_IsHalted()  returns FALSE (0001ms, 25089ms total)
T2688 3845:955 JLINK_IsHalted()  returns FALSE (0001ms, 25089ms total)
T2688 3846:156 JLINK_IsHalted()  returns FALSE (0000ms, 25088ms total)
T2688 3846:356 JLINK_IsHalted()  returns FALSE (0001ms, 25089ms total)
T2688 3846:557 JLINK_IsHalted()  returns FALSE (0001ms, 25089ms total)
T2688 3846:758 JLINK_IsHalted()  returns FALSE (0001ms, 25089ms total)
T2688 3846:959 JLINK_IsHalted()  returns FALSE (0001ms, 25089ms total)
T2688 3847:160 JLINK_IsHalted()  returns FALSE (0001ms, 25089ms total)
T2688 3847:361 JLINK_IsHalted()  returns FALSE (0000ms, 25088ms total)
T2688 3847:561 JLINK_IsHalted()  returns FALSE (0001ms, 25089ms total)
T2688 3847:762 JLINK_IsHalted()  returns FALSE (0000ms, 25088ms total)
T2688 3847:963 JLINK_IsHalted()  returns FALSE (0001ms, 25089ms total)
T2688 3848:196 JLINK_IsHalted()  returns FALSE (0001ms, 25089ms total)
T2688 3848:397 JLINK_IsHalted()  returns FALSE (0000ms, 25088ms total)
T2688 3848:597 JLINK_IsHalted()  returns FALSE (0000ms, 25088ms total)
T2688 3848:797 JLINK_IsHalted()  returns FALSE (0000ms, 25088ms total)
T2688 3848:997 JLINK_IsHalted()  returns FALSE (0000ms, 25088ms total)
T2688 3849:197 JLINK_IsHalted()  returns FALSE (0001ms, 25089ms total)
T2688 3849:398 JLINK_IsHalted()  returns FALSE (0001ms, 25089ms total)
T2688 3849:599 JLINK_IsHalted()  returns FALSE (0001ms, 25089ms total)
T2688 3849:800 JLINK_IsHalted()  returns FALSE (0000ms, 25088ms total)
T2688 3850:000 JLINK_IsHalted()  returns FALSE (0001ms, 25089ms total)
T2688 3850:201 JLINK_IsHalted()  returns FALSE (0001ms, 25089ms total)
T2688 3850:402 JLINK_IsHalted()  returns FALSE (0001ms, 25089ms total)
T2688 3850:603 JLINK_IsHalted()  returns FALSE (0001ms, 25089ms total)
T2688 3850:804 JLINK_IsHalted()  returns FALSE (0001ms, 25089ms total)
T2688 3851:005 JLINK_IsHalted()  returns FALSE (0001ms, 25089ms total)
T2688 3851:206 JLINK_IsHalted()  returns FALSE (0001ms, 25089ms total)
T2688 3851:407 JLINK_IsHalted()  returns FALSE (0001ms, 25089ms total)
T2688 3851:609 JLINK_IsHalted()  returns FALSE (0001ms, 25089ms total)
T2688 3851:810 JLINK_IsHalted()  returns FALSE (0000ms, 25088ms total)
T2688 3852:010 JLINK_IsHalted()  returns FALSE (0001ms, 25089ms total)
T2688 3852:211 JLINK_IsHalted()  returns FALSE (0001ms, 25089ms total)
T2688 3852:417 JLINK_IsHalted()  returns FALSE (0001ms, 25089ms total)
T2688 3852:647 JLINK_IsHalted()  returns FALSE (0000ms, 25088ms total)
T2688 3852:847 JLINK_IsHalted()  returns FALSE (0000ms, 25088ms total)
T2688 3853:047 JLINK_IsHalted()  returns FALSE (0000ms, 25088ms total)
T2688 3853:247 JLINK_IsHalted()  returns FALSE (0000ms, 25088ms total)
T2688 3853:447 JLINK_IsHalted()  returns FALSE (0000ms, 25088ms total)
T2688 3853:647 JLINK_IsHalted()  returns FALSE (0000ms, 25088ms total)
T2688 3853:847 JLINK_IsHalted()  returns FALSE (0000ms, 25088ms total)
T2688 3854:047 JLINK_IsHalted()  returns FALSE (0000ms, 25088ms total)
T2688 3854:247 JLINK_IsHalted()  returns FALSE (0000ms, 25088ms total)
T2688 3854:447 JLINK_IsHalted()  returns FALSE (0001ms, 25089ms total)
T2688 3854:648 JLINK_IsHalted()  returns FALSE (0000ms, 25088ms total)
T2688 3854:848 JLINK_IsHalted()  returns FALSE (0000ms, 25088ms total)
T2688 3855:048 JLINK_IsHalted()  returns FALSE (0001ms, 25089ms total)
T2688 3855:249 JLINK_IsHalted()  returns FALSE (0000ms, 25088ms total)
T2688 3855:449 JLINK_IsHalted()  returns FALSE (0000ms, 25088ms total)
T2688 3855:649 JLINK_IsHalted()  returns FALSE (0000ms, 25088ms total)
T2688 3855:849 JLINK_IsHalted()  returns FALSE (0000ms, 25088ms total)
T2688 3856:049 JLINK_IsHalted()  returns FALSE (0000ms, 25088ms total)
T2688 3856:249 JLINK_IsHalted()  returns FALSE (0000ms, 25088ms total)
T2688 3856:450 JLINK_IsHalted()  returns FALSE (0008ms, 25096ms total)
T2688 3856:658 JLINK_IsHalted()  returns FALSE (0000ms, 25088ms total)
T2688 3856:858 JLINK_IsHalted()  returns FALSE (0000ms, 25088ms total)
T2688 3857:058 JLINK_IsHalted()  returns FALSE (0001ms, 25089ms total)
T2688 3857:259 JLINK_IsHalted()  returns FALSE (0001ms, 25089ms total)
T2688 3857:460 JLINK_IsHalted()  returns FALSE (0001ms, 25089ms total)
T2688 3857:661 JLINK_IsHalted()  returns FALSE (0000ms, 25088ms total)
T2688 3857:861 JLINK_IsHalted()  returns FALSE (0000ms, 25088ms total)
T2688 3858:061 JLINK_IsHalted()  returns FALSE (0000ms, 25088ms total)
T2688 3858:261 JLINK_IsHalted()  returns FALSE (0001ms, 25089ms total)
T2688 3858:462 JLINK_IsHalted()  returns FALSE (0000ms, 25088ms total)
T2688 3858:662 JLINK_IsHalted()  returns FALSE (0000ms, 25088ms total)
T2688 3858:862 JLINK_IsHalted()  returns FALSE (0000ms, 25088ms total)
T2688 3859:062 JLINK_IsHalted()  returns FALSE (0001ms, 25089ms total)
T2688 3859:263 JLINK_IsHalted()  returns FALSE (0000ms, 25088ms total)
T2688 3859:464 JLINK_IsHalted()  returns FALSE (0000ms, 25088ms total)
T2688 3859:697 JLINK_IsHalted()  returns FALSE (0000ms, 25088ms total)
T2688 3859:897 JLINK_IsHalted()  returns FALSE (0000ms, 25088ms total)
T2688 3860:097 JLINK_IsHalted()  returns FALSE (0001ms, 25089ms total)
T2688 3860:298 JLINK_IsHalted()  returns FALSE (0001ms, 25089ms total)
T2688 3860:499 JLINK_IsHalted()  returns FALSE (0001ms, 25089ms total)
T2688 3860:700 JLINK_IsHalted()  returns FALSE (0001ms, 25089ms total)
T2688 3860:901 JLINK_IsHalted()  returns FALSE (0000ms, 25088ms total)
T2688 3861:101 JLINK_IsHalted()  returns FALSE (0001ms, 25089ms total)
T2688 3861:304 JLINK_IsHalted()  returns FALSE (0005ms, 25093ms total)
T2688 3861:509 JLINK_IsHalted()  returns FALSE (0000ms, 25088ms total)
T2688 3861:709 JLINK_IsHalted()  returns FALSE (0000ms, 25088ms total)
T2688 3861:909 JLINK_IsHalted()  returns FALSE (0000ms, 25088ms total)
T2688 3862:110 JLINK_IsHalted()  returns FALSE (0000ms, 25088ms total)
T2688 3862:310 JLINK_IsHalted()  returns FALSE (0033ms, 25121ms total)
T2688 3862:546 JLINK_IsHalted()  returns FALSE (0001ms, 25089ms total)
T2688 3862:747 JLINK_IsHalted()  returns FALSE (0000ms, 25088ms total)
T2688 3862:948 JLINK_IsHalted()  returns FALSE (0001ms, 25089ms total)
T2688 3863:149 JLINK_IsHalted()  returns FALSE (0001ms, 25089ms total)
T2688 3863:350 JLINK_IsHalted()  returns FALSE (0001ms, 25089ms total)
T2688 3863:551 JLINK_IsHalted()  returns FALSE (0001ms, 25089ms total)
T2688 3863:756 JLINK_IsHalted()  returns FALSE (0001ms, 25089ms total)
T2688 3863:957 JLINK_IsHalted()  returns FALSE (0000ms, 25088ms total)
T2688 3864:157 JLINK_IsHalted()  returns FALSE (0000ms, 25088ms total)
T2688 3864:357 JLINK_IsHalted()  returns FALSE (0001ms, 25089ms total)
T2688 3864:558 JLINK_IsHalted()  returns FALSE (0001ms, 25089ms total)
T2688 3864:759 JLINK_IsHalted()  returns FALSE (0001ms, 25089ms total)
T2688 3864:960 JLINK_IsHalted()  returns FALSE (0000ms, 25088ms total)
T2688 3865:160 JLINK_IsHalted()  returns FALSE (0000ms, 25088ms total)
T2688 3865:360 JLINK_IsHalted()  returns FALSE (0000ms, 25088ms total)
T2688 3865:560 JLINK_IsHalted()  returns FALSE (0001ms, 25089ms total)
T2688 3865:761 JLINK_IsHalted()  returns FALSE (0001ms, 25089ms total)
T2688 3865:962 JLINK_IsHalted()  returns FALSE (0001ms, 25089ms total)
T2688 3866:163 JLINK_IsHalted()  returns FALSE (0001ms, 25089ms total)
T2688 3866:396 JLINK_IsHalted()  returns FALSE (0001ms, 25089ms total)
T2688 3866:597 JLINK_IsHalted()  returns FALSE (0001ms, 25089ms total)
T2688 3866:798 JLINK_IsHalted()  returns FALSE (0001ms, 25089ms total)
T2688 3866:999 JLINK_IsHalted()  returns FALSE (0001ms, 25089ms total)
T2688 3867:200 JLINK_IsHalted()  returns FALSE (0001ms, 25089ms total)
T2688 3867:401 JLINK_IsHalted()  returns FALSE (0001ms, 25089ms total)
T2558 3867:562 JLINK_Halt()  returns 0x00 (0004ms, 25092ms total)
T2688 3867:602 JLINK_IsHalted()  returns TRUE (0000ms, 25092ms total)
T2688 3867:602 JLINK_GetMOEs(...) -- CPU_ReadMem(4 bytes @ 0xE000ED30) -- CPU_WriteMem(4 bytes @ 0xE000ED30)  returns 0x01 (0002ms, 25094ms total)
T2688 3867:604 JLINK_ReadReg(R15 (PC))  returns 0x00401360 (0000ms, 25094ms total)
T2688 3867:804 JLINK_IsHalted()  returns TRUE (0000ms, 25094ms total)
T1688 3867:804 JLINK_ResetPullsRESET(ON) (0000ms, 25094ms total)
T1688 3867:805 JLINK_ResetNoHalt() >0x2F8 JTAG>TotalIRLen = 4, IRPrint = 0x01 >0x30 JTAG> >0x210 JTAG> >0x70 JTAG> >0x40 JTAG> >0x40 JTAG> >0x40 JTAG> >0x48 JTAG> >0x78 JTAG> >0x40 JTAG> >0x30 JTAG> >0x40 JTAG> >0x40 JTAG> >0x30 JTAG> >0x40 JTAG> >0x48 JTAG>Found Cortex-M4 r0p1, Little endian. -- CPU_ReadMem(4 bytes @ 0xE000EDF0) -- CPU_ReadMem(4 bytes @ 0xE0002000)FPUnit: 6 code (BP) slots and 2 literal slots -- CPU_ReadMem(4 bytes @ 0xE000EDFC) -- CPU_ReadMem(4 bytes @ 0xE0001000)
 -- CPU_ReadMem(4 bytes @ 0xE000ED88) -- CPU_WriteMem(4 bytes @ 0xE000ED88) -- CPU_ReadMem(4 bytes @ 0xE000ED88) -- CPU_WriteMem(4 bytes @ 0xE000ED88)CoreSight components:ROMTbl 0 @ E00FF000 -- CPU_ReadMem(16 bytes @ 0xE00FF000) -- CPU_ReadMem(16 bytes @ 0xE000EFF0) -- CPU_ReadMem(16 bytes @ 0xE000EFE0)ROMTbl 0 [0]: FFF0F000, CID: B105E00D, PID: 000BB000 SCS -- CPU_WriteMem(4 bytes @ 0xE0001000) -- CPU_ReadMem(16 bytes @ 0xE0001FF0) -- CPU_ReadMem(16 bytes @ 0xE0001FE0)
ROMTbl 0 [1]: FFF02000, CID: B105E00D, PID: 003BB002 DWT -- CPU_ReadMem(16 bytes @ 0xE0002FF0) -- CPU_ReadMem(16 bytes @ 0xE0002FE0)ROMTbl 0 [2]: FFF03000, CID: B105E00D, PID: 002BB003 FPB -- CPU_ReadMem(16 bytes @ 0xE0000FF0) -- CPU_ReadMem(16 bytes @ 0xE0000FE0)ROMTbl 0 [3]: FFF01000, CID: B105E00D, PID: 003BB001 ITM -- CPU_ReadMem(16 bytes @ 0xE00FF010) -- CPU_ReadMem(16 bytes @ 0xE0040FF0) -- CPU_ReadMem(16 bytes @ 0xE0040FE0)ROMTbl 0 [4]: FFF41000, CID: B105900D, PID: 000BB9A1 TPIU
                JLINK_Reset() -- CPU_ReadMem(16 bytes @ 0x20000000) -- CPU_WriteMem(16 bytes @ 0x20000000) -- CPU_ReadMem(4 bytes @ 0xE000EDFC) -- CPU_WriteMem(4 bytes @ 0xE000EDFC) -- CPU_ReadMem(4 bytes @ 0xE0001000) -- CPU_WriteMem(4 bytes @ 0xE000EDFC) -- CPU_WriteMem(16 bytes @ 0x20000000) -- CPU_WriteMem(4 bytes @ 0xE0002000) -- CPU_ReadMem(4 bytes @ 0xE000EDFC) -- CPU_ReadMem(4 bytes @ 0xE0001000) (0024ms, 0024ms total)
                JLINK_Go() -- CPU_ReadMem(4 bytes @ 0xE0001000) -- CPU_WriteMem(4 bytes @ 0xE0002008) -- CPU_WriteMem(4 bytes @ 0xE000200C) -- CPU_WriteMem(4 bytes @ 0xE0002010) -- CPU_WriteMem(4 bytes @ 0xE0002014) -- CPU_WriteMem(4 bytes @ 0xE0002018) -- CPU_WriteMem(4 bytes @ 0xE000201C) -- CPU_WriteMem(4 bytes @ 0xE0001004) (0004ms, 0028ms total)
               (0050ms, 25145ms total)
T1688 3867:862 JLINK_Close() -- CPU is running -- CPU_WriteMem(4 bytes @ 0xE0002008) -- CPU is running -- CPU_WriteMem(4 bytes @ 0xE000200C) -- CPU is running -- CPU_WriteMem(4 bytes @ 0xE0002010) -- CPU is running -- CPU_WriteMem(4 bytes @ 0xE0002014) -- CPU is running -- CPU_WriteMem(4 bytes @ 0xE0002018) -- CPU is running -- CPU_WriteMem(4 bytes @ 0xE000201C) >0x78 JTAG> >0x08 JTAG> (0007ms, 25152ms total)
T1688 3867:862  (0007ms, 25152ms total)
T1688 3867:862 Closed (0007ms, 25152ms total)
