T19C8 9572:998 SEGGER J-Link V5.10 Log File (0001ms, 54229ms total)
T19C8 9572:998 DLL Compiled: Nov 27 2015 17:01:28 (0001ms, 54229ms total)
T19C8 9572:998 Logging started @ 2016-09-02 18:23 (0001ms, 54229ms total)
T19C8 9573:071 JLINK_ExecCommand("Device = AT91SAM4SD32C", ...)Device "ATSAM4SD32C" selected.  returns 0x00 (0001ms, 54230ms total)
T19C8 9573:113 JLINK_ExecCommand("ProjectFile = C:\Users\H243\Documents\GitHub\Maua-trabalhos\20-UART\20-UART\jlink.config", ...)  returns 0x00 (0001ms, 54231ms total)
T19C8 9573:171 JLINK_ExecCommand("Device = AT91SAM4SD32C", ...)Device "ATSAM4SD32C" selected.  returns 0x00 (0001ms, 54232ms total)
T19C8 9573:172 JLINK_TIF_Select(JLINKARM_TIF_JTAG)  returns 0x00 (0002ms, 54234ms total)
T19C8 9573:174 JLINK_GetIdData(...) >0x2F8 JTAG>TotalIRLen = 4, IRPrint = 0x01 >0x30 JTAG> >0x210 JTAG> >0x70 JTAG> >0x40 JTAG> >0x40 JTAG> >0x40 JTAG> >0x48 JTAG> >0x78 JTAG> >0x40 JTAG> >0x30 JTAG> >0x40 JTAG> >0x40 JTAG> >0x30 JTAG> >0x40 JTAG> >0x48 JTAG>Found Cortex-M4 r0p1, Little endian. -- CPU_ReadMem(4 bytes @ 0xE000EDF0) -- CPU_ReadMem(4 bytes @ 0xE0002000)FPUnit: 6 code (BP) slots and 2 literal slots -- CPU_ReadMem(4 bytes @ 0xE000EDFC) -- CPU_ReadMem(4 bytes @ 0xE0001000)
 -- CPU_WriteMem(4 bytes @ 0xE0001000) -- CPU_ReadMem(4 bytes @ 0xE000ED88) -- CPU_WriteMem(4 bytes @ 0xE000ED88) -- CPU_ReadMem(4 bytes @ 0xE000ED88) -- CPU_WriteMem(4 bytes @ 0xE000ED88)CoreSight components:ROMTbl 0 @ E00FF000 -- CPU_ReadMem(16 bytes @ 0xE00FF000) -- CPU_ReadMem(16 bytes @ 0xE000EFF0) -- CPU_ReadMem(16 bytes @ 0xE000EFE0)ROMTbl 0 [0]: FFF0F000, CID: B105E00D, PID: 000BB000 SCS -- CPU_ReadMem(16 bytes @ 0xE0001FF0) -- CPU_ReadMem(16 bytes @ 0xE0001FE0)
ROMTbl 0 [1]: FFF02000, CID: B105E00D, PID: 003BB002 DWT -- CPU_ReadMem(16 bytes @ 0xE0002FF0) -- CPU_ReadMem(16 bytes @ 0xE0002FE0)ROMTbl 0 [2]: FFF03000, CID: B105E00D, PID: 002BB003 FPB -- CPU_ReadMem(16 bytes @ 0xE0000FF0) -- CPU_ReadMem(16 bytes @ 0xE0000FE0)ROMTbl 0 [3]: FFF01000, CID: B105E00D, PID: 003BB001 ITM -- CPU_ReadMem(16 bytes @ 0xE00FF010) -- CPU_ReadMem(16 bytes @ 0xE0040FF0) -- CPU_ReadMem(16 bytes @ 0xE0040FE0)ROMTbl 0 [4]: FFF41000, CID: B105900D, PID: 000BB9A1 TPIU ScanLen=4
 NumDevices=1 aId[0]=0x4BA00477 aIrRead[0]=0 aScanLen[0]=0 aScanRead[0]=0 (0036ms, 54270ms total)
T19C8 9573:210 JLINK_ConfigJTAG(IRPre = 0, DRPre = 0) (0000ms, 54270ms total)
T19C8 9573:210 JLINK_SetSpeed(4000) (0000ms, 54270ms total)
T19C8 9573:210 JLINK_ResetPullsRESET(OFF) (0000ms, 54270ms total)
T19C8 9573:210 JLINK_Connect() >0x2F8 JTAG>TotalIRLen = 4, IRPrint = 0x01 >0x30 JTAG> >0x210 JTAG> >0x70 JTAG> >0x40 JTAG> >0x40 JTAG> >0x40 JTAG> >0x48 JTAG> >0x78 JTAG> >0x40 JTAG> >0x30 JTAG> >0x40 JTAG> >0x40 JTAG> >0x30 JTAG> >0x40 JTAG> >0x48 JTAG>Found Cortex-M4 r0p1, Little endian. -- CPU_ReadMem(4 bytes @ 0xE000EDF0) -- CPU_ReadMem(4 bytes @ 0xE0002000)FPUnit: 6 code (BP) slots and 2 literal slots -- CPU_ReadMem(4 bytes @ 0xE000EDFC) -- CPU_ReadMem(4 bytes @ 0xE0001000)
 -- CPU_WriteMem(4 bytes @ 0xE0001000) -- CPU_ReadMem(4 bytes @ 0xE000ED88) -- CPU_WriteMem(4 bytes @ 0xE000ED88) -- CPU_ReadMem(4 bytes @ 0xE000ED88) -- CPU_WriteMem(4 bytes @ 0xE000ED88)CoreSight components:ROMTbl 0 @ E00FF000 -- CPU_ReadMem(16 bytes @ 0xE00FF000) -- CPU_ReadMem(16 bytes @ 0xE000EFF0) -- CPU_ReadMem(16 bytes @ 0xE000EFE0)ROMTbl 0 [0]: FFF0F000, CID: B105E00D, PID: 000BB000 SCS -- CPU_ReadMem(16 bytes @ 0xE0001FF0) -- CPU_ReadMem(16 bytes @ 0xE0001FE0)
ROMTbl 0 [1]: FFF02000, CID: B105E00D, PID: 003BB002 DWT -- CPU_ReadMem(16 bytes @ 0xE0002FF0) -- CPU_ReadMem(16 bytes @ 0xE0002FE0)ROMTbl 0 [2]: FFF03000, CID: B105E00D, PID: 002BB003 FPB -- CPU_ReadMem(16 bytes @ 0xE0000FF0) -- CPU_ReadMem(16 bytes @ 0xE0000FE0)ROMTbl 0 [3]: FFF01000, CID: B105E00D, PID: 003BB001 ITM -- CPU_ReadMem(16 bytes @ 0xE00FF010) -- CPU_ReadMem(16 bytes @ 0xE0040FF0) -- CPU_ReadMem(16 bytes @ 0xE0040FE0)ROMTbl 0 [4]: FFF41000, CID: B105900D, PID: 000BB9A1 TPIU  returns 0x00
 (0022ms, 54292ms total)
T19C8 9573:232 JLINK_Halt()  returns 0x00 (0004ms, 54296ms total)
T19C8 9573:236 JLINK_WriteMem(0x400E0A04, 0x0004 Bytes, ...) - Data: 0B 01 00 5A -- CPU_WriteMem(4 bytes @ 0x400E0A04)  returns 0x04 (0001ms, 54297ms total)
T19C8 9573:237 JLINK_ReadMem (0x400E0A08, 0x0004 Bytes, ...) -- CPU_ReadMem(4 bytes @ 0x400E0A08) - Data: 01 00 0A 00  returns 0x00 (0000ms, 54297ms total)
T19C8 9573:237 JLINK_WriteMem(0x400E0A04, 0x0004 Bytes, ...) - Data: 0C 02 00 5A -- CPU_WriteMem(4 bytes @ 0x400E0A04)  returns 0x04 (0001ms, 54298ms total)
T19C8 9573:238 JLINK_ReadMem (0x400E0A08, 0x0004 Bytes, ...) -- CPU_ReadMem(4 bytes @ 0x400E0A08) - Data: 01 00 00 00  returns 0x00 (0001ms, 54299ms total)
T19C8 9573:239 JLINK_Reset() -- CPU_ReadMem(16 bytes @ 0x20000000) -- CPU_WriteMem(16 bytes @ 0x20000000) -- CPU_ReadMem(4 bytes @ 0xE000EDFC) -- CPU_WriteMem(4 bytes @ 0xE000EDFC) -- CPU_ReadMem(4 bytes @ 0xE0001000)T-bit of XPSR is 0 but should be 1. Changed to 1. -- CPU_ReadMem(4 bytes @ 0x00000004) -- CPU_WriteMem(4 bytes @ 0xE000EDFC) -- CPU_WriteMem(16 bytes @ 0x20000000)T-bit of XPSR is 0 but should be 1. Changed to 1. -- CPU_WriteMem(4 bytes @ 0xE0002000) -- CPU_ReadMem(4 bytes @ 0xE000EDFC)
 -- CPU_ReadMem(4 bytes @ 0xE0001000) (0025ms, 54324ms total)
T19C8 9573:265 JLINK_JTAG_GetDeviceID(DeviceIndex = 0)  returns 0x4BA00477 (0000ms, 54324ms total)
T19C8 9573:265 JLINK_ReadMemU32(0x400E0740, 0x0001 Items, ...) -- CPU_ReadMem(4 bytes @ 0x400E0740) - Data: E0 0E A7 29  returns 0x01 (0001ms, 54325ms total)
T19C8 9573:266 JLINK_ReadMemU32(0x400E0744, 0x0001 Items, ...) -- CPU_ReadMem(4 bytes @ 0x400E0744) - Data: 00 00 00 00  returns 0x01 (0001ms, 54326ms total)
T19C8 9573:267 JLINK_WriteMem(0x400E0A04, 0x0004 Bytes, ...) - Data: 05 00 00 5A -- CPU_WriteMem(4 bytes @ 0x400E0A04)  returns 0x04 (0001ms, 54327ms total)
T19C8 9573:268 JLINK_WriteMem(0x400E0C04, 0x0004 Bytes, ...) - Data: 05 00 00 5A -- CPU_WriteMem(4 bytes @ 0x400E0C04)  returns 0x04 (0000ms, 54327ms total)
T19C8 9573:268 JLINK_ReadMem (0x400E0A08, 0x0004 Bytes, ...) -- CPU_ReadMem(4 bytes @ 0x400E0A08) - Data: 00 00 0A 00  returns 0x00 (0001ms, 54328ms total)
T19C8 9573:270 JLINK_ReadMem (0x400E0A08, 0x0004 Bytes, ...) -- CPU_ReadMem(4 bytes @ 0x400E0A08) - Data: 00 00 00 00  returns 0x00 (0000ms, 54328ms total)
T05B4 9573:304 JLINK_IsHalted() -- CPU_ReadMem(4 bytes @ 0x00000004)  returns TRUE (0000ms, 54328ms total)
T19C8 9573:304 JLINK_ReadMem (0x400E0A08, 0x0004 Bytes, ...) -- CPU_ReadMem(4 bytes @ 0x400E0A08) - Data: 01 00 0A 00  returns 0x00 (0001ms, 54329ms total)
T05B4 9573:305 JLINK_GetMOEs(...) -- CPU_ReadMem(4 bytes @ 0xE000ED30) -- CPU_WriteMem(4 bytes @ 0xE000ED30)  returns 0x00 (0001ms, 54330ms total)
T19C8 9573:306 JLINK_ReadMem (0x400E0C08, 0x0004 Bytes, ...) -- CPU_ReadMem(4 bytes @ 0x400E0C08) - Data: 01 00 00 00  returns 0x00 (0001ms, 54331ms total)
T05B4 9573:307 JLINK_ReadReg(R15 (PC))  returns 0x00000000 (0000ms, 54331ms total)
T05B4 9573:507 JLINK_IsHalted()  returns TRUE (0000ms, 54331ms total)
T19C8 9573:507 JLINK_ResetPullsRESET(ON) (0000ms, 54331ms total)
T19C8 9573:507 JLINK_ResetNoHalt() >0x2F8 JTAG>TotalIRLen = 4, IRPrint = 0x01 >0x30 JTAG> >0x210 JTAG> >0x70 JTAG> >0x40 JTAG> >0x40 JTAG> >0x40 JTAG> >0x48 JTAG> >0x78 JTAG> >0x40 JTAG> >0x30 JTAG> >0x40 JTAG> >0x40 JTAG> >0x30 JTAG> >0x40 JTAG> >0x48 JTAG>Found Cortex-M4 r0p1, Little endian. -- CPU_ReadMem(4 bytes @ 0xE000EDF0) -- CPU_WriteMem(4 bytes @ 0xE000EDF0) -- CPU_ReadMem(4 bytes @ 0xE0002000)FPUnit: 6 code (BP) slots and 2 literal slots -- CPU_ReadMem(4 bytes @ 0xE000EDFC)
 -- CPU_WriteMem(4 bytes @ 0xE000EDFC) -- CPU_ReadMem(4 bytes @ 0xE0001000) -- CPU_ReadMem(4 bytes @ 0xE000ED88) -- CPU_WriteMem(4 bytes @ 0xE000ED88) -- CPU_ReadMem(4 bytes @ 0xE000ED88) -- CPU_WriteMem(4 bytes @ 0xE000ED88)CoreSight components:ROMTbl 0 @ E00FF000 -- CPU_ReadMem(16 bytes @ 0xE00FF000) -- CPU_ReadMem(16 bytes @ 0xE000EFF0) -- CPU_ReadMem(16 bytes @ 0xE000EFE0)ROMTbl 0 [0]: FFF0F000, CID: B105E00D, PID: 000BB000 SCS -- CPU_WriteMem(4 bytes @ 0xE0001000)
 -- CPU_ReadMem(16 bytes @ 0xE0001FF0) -- CPU_ReadMem(16 bytes @ 0xE0001FE0)ROMTbl 0 [1]: FFF02000, CID: B105E00D, PID: 003BB002 DWT -- CPU_ReadMem(16 bytes @ 0xE0002FF0) -- CPU_ReadMem(16 bytes @ 0xE0002FE0)ROMTbl 0 [2]: FFF03000, CID: B105E00D, PID: 002BB003 FPB -- CPU_ReadMem(16 bytes @ 0xE0000FF0) -- CPU_ReadMem(16 bytes @ 0xE0000FE0)ROMTbl 0 [3]: FFF01000, CID: B105E00D, PID: 003BB001 ITM -- CPU_ReadMem(16 bytes @ 0xE00FF010) -- CPU_ReadMem(16 bytes @ 0xE0040FF0)
 -- CPU_ReadMem(16 bytes @ 0xE0040FE0)ROMTbl 0 [4]: FFF41000, CID: B105900D, PID: 000BB9A1 TPIU
                JLINK_Reset() -- CPU_ReadMem(16 bytes @ 0x20000000) -- CPU_WriteMem(16 bytes @ 0x20000000) -- CPU_ReadMem(4 bytes @ 0xE000EDFC) -- CPU_WriteMem(4 bytes @ 0xE000EDFC) -- CPU_ReadMem(4 bytes @ 0xE0001000) -- CPU_WriteMem(4 bytes @ 0xE0001004)T-bit of XPSR is 0 but should be 1. Changed to 1. -- CPU_ReadMem(4 bytes @ 0x00000004) -- CPU_WriteMem(4 bytes @ 0xE000EDFC) -- CPU_WriteMem(16 bytes @ 0x20000000)T-bit of XPSR is 0 but should be 1. Changed to 1. -- CPU_WriteMem(4 bytes @ 0xE0002000)
 -- CPU_ReadMem(4 bytes @ 0xE000EDFC) -- CPU_ReadMem(4 bytes @ 0xE0001000) (0025ms, 0025ms total)
                JLINK_Go() -- CPU_ReadMem(4 bytes @ 0xE0001000) -- CPU_WriteMem(4 bytes @ 0xE0001004) (0003ms, 0028ms total)
               (0052ms, 54383ms total)
T19C8 9573:559 JLINK_ExecCommand("ProjectFile = C:\Users\H243\Documents\GitHub\Maua-trabalhos\20-UART\20-UART\jlink.config", ...)  returns 0x00 (0001ms, 54384ms total)
T19C8 9573:613 JLINK_ExecCommand("Device = AT91SAM4SD32C", ...)Device "ATSAM4SD32C" selected.  returns 0x00 (0001ms, 54385ms total)
T19C8 9573:614 JLINK_TIF_Select(JLINKARM_TIF_JTAG)  returns 0x00 (0000ms, 54385ms total)
T19C8 9573:614 JLINK_GetIdData(...) ScanLen=4 NumDevices=1 aId[0]=0x4BA00477 aIrRead[0]=0 aScanLen[0]=0 aScanRead[0]=0 (0000ms, 54385ms total)
T19C8 9573:614 JLINK_ConfigJTAG(IRPre = 0, DRPre = 0) (0000ms, 54385ms total)
T19C8 9573:614 JLINK_SetSpeed(4000) (0000ms, 54385ms total)
T19C8 9573:614 JLINK_ResetPullsRESET(OFF) (0000ms, 54385ms total)
T19C8 9573:614 JLINK_Connect() >0x2F8 JTAG>TotalIRLen = 4, IRPrint = 0x01 >0x30 JTAG> >0x210 JTAG> >0x70 JTAG> >0x40 JTAG> >0x40 JTAG> >0x40 JTAG> >0x48 JTAG> >0x78 JTAG> >0x40 JTAG> >0x30 JTAG> >0x40 JTAG> >0x40 JTAG> >0x30 JTAG> >0x40 JTAG> >0x48 JTAG>Found Cortex-M4 r0p1, Little endian. -- CPU_ReadMem(4 bytes @ 0xE000EDF0) -- CPU_ReadMem(4 bytes @ 0xE0002000)FPUnit: 6 code (BP) slots and 2 literal slots -- CPU_ReadMem(4 bytes @ 0xE000EDFC) -- CPU_ReadMem(4 bytes @ 0xE0001000)
 -- CPU_WriteMem(4 bytes @ 0xE0001000) -- CPU_ReadMem(4 bytes @ 0xE000ED88) -- CPU_WriteMem(4 bytes @ 0xE000ED88) -- CPU_ReadMem(4 bytes @ 0xE000ED88) -- CPU_WriteMem(4 bytes @ 0xE000ED88)CoreSight components:ROMTbl 0 @ E00FF000 -- CPU_ReadMem(16 bytes @ 0xE00FF000) -- CPU_ReadMem(16 bytes @ 0xE000EFF0) -- CPU_ReadMem(16 bytes @ 0xE000EFE0)ROMTbl 0 [0]: FFF0F000, CID: B105E00D, PID: 000BB000 SCS -- CPU_ReadMem(16 bytes @ 0xE0001FF0) -- CPU_ReadMem(16 bytes @ 0xE0001FE0)
ROMTbl 0 [1]: FFF02000, CID: B105E00D, PID: 003BB002 DWT -- CPU_ReadMem(16 bytes @ 0xE0002FF0) -- CPU_ReadMem(16 bytes @ 0xE0002FE0)ROMTbl 0 [2]: FFF03000, CID: B105E00D, PID: 002BB003 FPB -- CPU_ReadMem(16 bytes @ 0xE0000FF0) -- CPU_ReadMem(16 bytes @ 0xE0000FE0)ROMTbl 0 [3]: FFF01000, CID: B105E00D, PID: 003BB001 ITM -- CPU_ReadMem(16 bytes @ 0xE00FF010) -- CPU_ReadMem(16 bytes @ 0xE0040FF0) -- CPU_ReadMem(16 bytes @ 0xE0040FE0)ROMTbl 0 [4]: FFF41000, CID: B105900D, PID: 000BB9A1 TPIU  returns 0x00
 (0022ms, 54407ms total)
T19C8 9573:636 JLINK_Halt()  returns 0x00 (0004ms, 54411ms total)
T19C8 9573:640 JLINK_WriteMem(0x400E0A04, 0x0004 Bytes, ...) - Data: 0B 01 00 5A -- CPU_WriteMem(4 bytes @ 0x400E0A04)  returns 0x04 (0001ms, 54412ms total)
T19C8 9573:641 JLINK_ReadMem (0x400E0A08, 0x0004 Bytes, ...) -- CPU_ReadMem(4 bytes @ 0x400E0A08) - Data: 01 00 0A 00  returns 0x00 (0001ms, 54413ms total)
T19C8 9573:642 JLINK_WriteMem(0x400E0A04, 0x0004 Bytes, ...) - Data: 0C 02 00 5A -- CPU_WriteMem(4 bytes @ 0x400E0A04)  returns 0x04 (0000ms, 54413ms total)
T19C8 9573:642 JLINK_ReadMem (0x400E0A08, 0x0004 Bytes, ...) -- CPU_ReadMem(4 bytes @ 0x400E0A08) - Data: 01 00 00 00  returns 0x00 (0001ms, 54414ms total)
T19C8 9573:643 JLINK_Reset() -- CPU_ReadMem(16 bytes @ 0x20000000) -- CPU_WriteMem(16 bytes @ 0x20000000) -- CPU_ReadMem(4 bytes @ 0xE000EDFC) -- CPU_WriteMem(4 bytes @ 0xE000EDFC) -- CPU_ReadMem(4 bytes @ 0xE0001000)T-bit of XPSR is 0 but should be 1. Changed to 1. -- CPU_ReadMem(4 bytes @ 0x00000004) -- CPU_WriteMem(4 bytes @ 0xE000EDFC) -- CPU_WriteMem(16 bytes @ 0x20000000)T-bit of XPSR is 0 but should be 1. Changed to 1. -- CPU_WriteMem(4 bytes @ 0xE0002000) -- CPU_ReadMem(4 bytes @ 0xE000EDFC)
 -- CPU_ReadMem(4 bytes @ 0xE0001000) (0024ms, 54438ms total)
T19C8 9573:669 JLINK_JTAG_GetDeviceID(DeviceIndex = 0)  returns 0x4BA00477 (0001ms, 54439ms total)
T19C8 9573:670 JLINK_ReadMemU32(0x400E0740, 0x0001 Items, ...) -- CPU_ReadMem(4 bytes @ 0x400E0740) - Data: E0 0E A7 29  returns 0x01 (0000ms, 54439ms total)
T19C8 9573:670 JLINK_ReadMemU32(0x400E0744, 0x0001 Items, ...) -- CPU_ReadMem(4 bytes @ 0x400E0744) - Data: 00 00 00 00  returns 0x01 (0001ms, 54440ms total)
T19C8 9573:673 JLINK_BeginDownload(Flags = 0x00) (0000ms, 54440ms total)
T19C8 9573:673 JLINK_WriteMem(0x00400000, 0x4000 Bytes, ...) - Data: 58 39 00 20 F1 13 40 00 B9 14 40 00 B9 14 40 00 ...  returns 0x4000 (0000ms, 54440ms total)
T19C8 9573:673 JLINK_WriteMem(0x00404000, 0x14DC Bytes, ...) - Data: C7 FC B0 F1 FF 3F 81 46 01 9A 00 F0 47 81 83 45 ...  returns 0x14DC (0000ms, 54440ms total)
T19C8 9573:674 JLINK_WriteMem(0x004054DC, 0x0008 Bytes, ...) - Data: 18 F9 FF 7F 01 00 00 00  returns 0x08 (0000ms, 54440ms total)
T19C8 9573:674 JLINK_WriteMem(0x004054E4, 0x086C Bytes, ...) - Data: 00 09 3D 00 00 00 00 00 00 00 00 00 F4 02 00 20 ...  returns 0x86C (0000ms, 54440ms total)
T2888 9573:705 JLINK_IsHalted()  returns TRUE (0000ms, 54440ms total)
T2888 9573:705 JLINK_GetMOEs(...) -- CPU_ReadMem(4 bytes @ 0xE000ED30) -- CPU_WriteMem(4 bytes @ 0xE000ED30)  returns 0x01 (0001ms, 54441ms total)
T2888 9573:706 JLINK_ReadReg(R15 (PC)) -- -------------------------------------- -- Start of determining dirty areas in flash cache -- End of determining dirty areas -- Start of preparing flash programming -- Calculating RAM usage -- RAM usage = 3956 Bytes -- Preserving CPU registers -- Preparing memory -- Determining CPU clock frequency -- CPU clock frequency: 4250 kHz -- CPU frequency = 4250 kHz -- Preparing target -- Downloading RAMCode -- Checking target RAM -- Preparing RAMCode
 -- End of preparing flash programming -- CPU is running at 90000 kHz. -- Start of comparing flash -- CRC check was estimated as fastest method -- Comparing range 0x400000 - 0x403FFF (32 Sectors, 16 KB), using multi-block CRC calculation -- CRC does not match for sectors 0-7, 14-15 -- Comparing range 0x404000 - 0x405FFF (2 Sectors, 8 KB), using multi-block CRC calculation -- All CRCs match -- Comparing range 0x401000 - 0x401BFF (6 Sectors, 3 KB), using alternative multi-block CRC calculation
 -- All CRCs match -- Comparing range 0x402000 - 0x403FFF (16 Sectors, 8 KB), using alternative multi-block CRC calculation -- All CRCs match -- Comparing range 0x404000 - 0x405FFF (2 Sectors, 8 KB), using alternative multi-block CRC calculation -- All CRCs match -- End of comparing flash -- Start of erasing sectors -- Erasing range 0x00400000 - 0x00400FFF (008 Sectors, 4 KB) -- Erasing range 0x00401C00 - 0x00401FFF (002 Sectors, 1024 Bytes) -- End of erasing sectors -- Start of flash programming
 -- Programming range 0x00400000 - 0x00400FFF (008 Sectors, 4 KB) -- Programming range 0x00401C00 - 0x00401FFF (002 Sectors, 1024 Bytes) -- End of flash programming -- 0x400000 - 0x400FFF (008 Sectors, 4 KB) -- 0x401C00 - 0x401FFF (002 Sectors, 1024 Bytes) -- Start of verifying flash -- Checksum calculation was estimated as fastest method -- Checksum calculation was estimated as fastest method -- End of verifying flash -- Start of restoring -- Restore RAMCode -- Restore content of target memory
 -- Restore target -- Restore memory -- Restoring CPU registers -- End of restoring -- Flash programming performed for 2 ranges (5120 bytes) -- Total time needed: 0.428s (Prepare: 0.222s, Compare: 0.030s, Erase: 0.088s, Program: 0.026s, Verify: 0.003s, Restore: 0.057s)  returns 0x00000000 (0429ms, 54870ms total)
T19C8 9574:140 JLINK_EndDownload()  returns 0x00 (0000ms, 54870ms total)
T19C8 9574:140 JLINK_ResetPullsRESET(ON) (0000ms, 54870ms total)
T19C8 9574:140 JLINK_ResetNoHalt() >0x2F8 JTAG>TotalIRLen = 4, IRPrint = 0x01 >0x30 JTAG> >0x210 JTAG> >0x70 JTAG> >0x40 JTAG> >0x40 JTAG> >0x40 JTAG> >0x48 JTAG> >0x78 JTAG> >0x40 JTAG> >0x30 JTAG> >0x40 JTAG> >0x40 JTAG> >0x30 JTAG> >0x40 JTAG> >0x48 JTAG>Found Cortex-M4 r0p1, Little endian. -- CPU_ReadMem(4 bytes @ 0xE000EDF0) -- CPU_ReadMem(4 bytes @ 0xE0002000)FPUnit: 6 code (BP) slots and 2 literal slots -- CPU_ReadMem(4 bytes @ 0xE000EDFC) -- CPU_ReadMem(4 bytes @ 0xE0001000)
 -- CPU_ReadMem(4 bytes @ 0xE000ED88) -- CPU_WriteMem(4 bytes @ 0xE000ED88) -- CPU_ReadMem(4 bytes @ 0xE000ED88) -- CPU_WriteMem(4 bytes @ 0xE000ED88)CoreSight components:ROMTbl 0 @ E00FF000 -- CPU_ReadMem(16 bytes @ 0xE00FF000) -- CPU_ReadMem(16 bytes @ 0xE000EFF0) -- CPU_ReadMem(16 bytes @ 0xE000EFE0)ROMTbl 0 [0]: FFF0F000, CID: B105E00D, PID: 000BB000 SCS -- CPU_WriteMem(4 bytes @ 0xE0001000) -- CPU_ReadMem(16 bytes @ 0xE0001FF0) -- CPU_ReadMem(16 bytes @ 0xE0001FE0)
ROMTbl 0 [1]: FFF02000, CID: B105E00D, PID: 003BB002 DWT -- CPU_ReadMem(16 bytes @ 0xE0002FF0) -- CPU_ReadMem(16 bytes @ 0xE0002FE0)ROMTbl 0 [2]: FFF03000, CID: B105E00D, PID: 002BB003 FPB -- CPU_ReadMem(16 bytes @ 0xE0000FF0) -- CPU_ReadMem(16 bytes @ 0xE0000FE0)ROMTbl 0 [3]: FFF01000, CID: B105E00D, PID: 003BB001 ITM -- CPU_ReadMem(16 bytes @ 0xE00FF010) -- CPU_ReadMem(16 bytes @ 0xE0040FF0) -- CPU_ReadMem(16 bytes @ 0xE0040FE0)ROMTbl 0 [4]: FFF41000, CID: B105900D, PID: 000BB9A1 TPIU
                JLINK_Reset() -- CPU_ReadMem(16 bytes @ 0x20000000) -- CPU_WriteMem(16 bytes @ 0x20000000) -- CPU_ReadMem(4 bytes @ 0xE000EDFC) -- CPU_WriteMem(4 bytes @ 0xE000EDFC) -- CPU_ReadMem(4 bytes @ 0xE0001000) -- CPU_WriteMem(4 bytes @ 0xE000EDFC) -- CPU_WriteMem(16 bytes @ 0x20000000) -- CPU_WriteMem(4 bytes @ 0xE0002000) -- CPU_ReadMem(4 bytes @ 0xE000EDFC) -- CPU_ReadMem(4 bytes @ 0xE0001000) (0028ms, 0028ms total)
                JLINK_Go() -- CPU_ReadMem(4 bytes @ 0xE0001000) -- CPU_WriteMem(4 bytes @ 0xE0001004) (0002ms, 0030ms total)
               (0057ms, 54927ms total)
T19C8 9574:205 JLINK_Close() >0x78 JTAG> >0x08 JTAG> (0003ms, 54930ms total)
T19C8 9574:205  (0003ms, 54930ms total)
T19C8 9574:205 Closed (0003ms, 54930ms total)
