T0F68 9084:771 SEGGER J-Link V5.10 Log File (0000ms, 24477ms total)
T0F68 9084:771 DLL Compiled: Nov 27 2015 17:01:28 (0000ms, 24477ms total)
T0F68 9084:771 Logging started @ 2016-06-03 18:34 (0000ms, 24477ms total)
T0F68 9084:835 JLINK_ExecCommand("Device = AT91SAM4SD32C", ...)Device "ATSAM4SD32C" selected.  returns 0x00 (0000ms, 24477ms total)
T0F68 9084:918 JLINK_ExecCommand("ProjectFile = C:\Users\H243\Documents\GitHub\Maua-trabalhos\15-DAC\LCD-Desenhos\jlink.config", ...)  returns 0x00 (0000ms, 24477ms total)
T0F68 9084:978 JLINK_ExecCommand("Device = AT91SAM4SD32C", ...)Device "ATSAM4SD32C" selected.  returns 0x00 (0001ms, 24478ms total)
T0F68 9084:979 JLINK_TIF_Select(JLINKARM_TIF_JTAG)  returns 0x00 (0003ms, 24481ms total)
T0F68 9084:982 JLINK_GetIdData(...) >0x2F8 JTAG>TotalIRLen = 4, IRPrint = 0x01 >0x30 JTAG> >0x210 JTAG> >0x70 JTAG> >0x40 JTAG> >0x40 JTAG> >0x40 JTAG> >0x48 JTAG> >0x78 JTAG> >0x40 JTAG> >0x30 JTAG> >0x40 JTAG> >0x40 JTAG> >0x30 JTAG> >0x40 JTAG> >0x48 JTAG>Found Cortex-M4 r0p1, Little endian. -- CPU_ReadMem(4 bytes @ 0xE000EDF0) -- CPU_ReadMem(4 bytes @ 0xE0002000)FPUnit: 6 code (BP) slots and 2 literal slots -- CPU_ReadMem(4 bytes @ 0xE000EDFC) -- CPU_ReadMem(4 bytes @ 0xE0001000)
 -- CPU_WriteMem(4 bytes @ 0xE0001000) -- CPU_ReadMem(4 bytes @ 0xE000ED88) -- CPU_WriteMem(4 bytes @ 0xE000ED88) -- CPU_ReadMem(4 bytes @ 0xE000ED88) -- CPU_WriteMem(4 bytes @ 0xE000ED88)CoreSight components:ROMTbl 0 @ E00FF000 -- CPU_ReadMem(16 bytes @ 0xE00FF000) -- CPU_ReadMem(16 bytes @ 0xE000EFF0) -- CPU_ReadMem(16 bytes @ 0xE000EFE0)ROMTbl 0 [0]: FFF0F000, CID: B105E00D, PID: 000BB000 SCS -- CPU_ReadMem(16 bytes @ 0xE0001FF0) -- CPU_ReadMem(16 bytes @ 0xE0001FE0)
ROMTbl 0 [1]: FFF02000, CID: B105E00D, PID: 003BB002 DWT -- CPU_ReadMem(16 bytes @ 0xE0002FF0) -- CPU_ReadMem(16 bytes @ 0xE0002FE0)ROMTbl 0 [2]: FFF03000, CID: B105E00D, PID: 002BB003 FPB -- CPU_ReadMem(16 bytes @ 0xE0000FF0) -- CPU_ReadMem(16 bytes @ 0xE0000FE0)ROMTbl 0 [3]: FFF01000, CID: B105E00D, PID: 003BB001 ITM -- CPU_ReadMem(16 bytes @ 0xE00FF010) -- CPU_ReadMem(16 bytes @ 0xE0040FF0) -- CPU_ReadMem(16 bytes @ 0xE0040FE0)ROMTbl 0 [4]: FFF41000, CID: B105900D, PID: 000BB9A1 TPIU ScanLen=4
 NumDevices=1 aId[0]=0x4BA00477 aIrRead[0]=0 aScanLen[0]=0 aScanRead[0]=0 (0042ms, 24523ms total)
T0F68 9085:024 JLINK_ConfigJTAG(IRPre = 0, DRPre = 0) (0000ms, 24523ms total)
T0F68 9085:024 JLINK_SetSpeed(4000) (0001ms, 24524ms total)
T0F68 9085:025 JLINK_ResetPullsRESET(OFF) (0000ms, 24524ms total)
T0F68 9085:025 JLINK_Connect() >0x2F8 JTAG>TotalIRLen = 4, IRPrint = 0x01 >0x30 JTAG> >0x210 JTAG> >0x70 JTAG> >0x40 JTAG> >0x40 JTAG> >0x40 JTAG> >0x48 JTAG> >0x78 JTAG> >0x40 JTAG> >0x30 JTAG> >0x40 JTAG> >0x40 JTAG> >0x30 JTAG> >0x40 JTAG> >0x48 JTAG>Found Cortex-M4 r0p1, Little endian. -- CPU_ReadMem(4 bytes @ 0xE000EDF0) -- CPU_ReadMem(4 bytes @ 0xE0002000)FPUnit: 6 code (BP) slots and 2 literal slots -- CPU_ReadMem(4 bytes @ 0xE000EDFC) -- CPU_ReadMem(4 bytes @ 0xE0001000)
 -- CPU_WriteMem(4 bytes @ 0xE0001000) -- CPU_ReadMem(4 bytes @ 0xE000ED88) -- CPU_WriteMem(4 bytes @ 0xE000ED88) -- CPU_ReadMem(4 bytes @ 0xE000ED88) -- CPU_WriteMem(4 bytes @ 0xE000ED88)CoreSight components:ROMTbl 0 @ E00FF000 -- CPU_ReadMem(16 bytes @ 0xE00FF000) -- CPU_ReadMem(16 bytes @ 0xE000EFF0) -- CPU_ReadMem(16 bytes @ 0xE000EFE0)ROMTbl 0 [0]: FFF0F000, CID: B105E00D, PID: 000BB000 SCS -- CPU_ReadMem(16 bytes @ 0xE0001FF0) -- CPU_ReadMem(16 bytes @ 0xE0001FE0)
ROMTbl 0 [1]: FFF02000, CID: B105E00D, PID: 003BB002 DWT -- CPU_ReadMem(16 bytes @ 0xE0002FF0) -- CPU_ReadMem(16 bytes @ 0xE0002FE0)ROMTbl 0 [2]: FFF03000, CID: B105E00D, PID: 002BB003 FPB -- CPU_ReadMem(16 bytes @ 0xE0000FF0) -- CPU_ReadMem(16 bytes @ 0xE0000FE0)ROMTbl 0 [3]: FFF01000, CID: B105E00D, PID: 003BB001 ITM -- CPU_ReadMem(16 bytes @ 0xE00FF010) -- CPU_ReadMem(16 bytes @ 0xE0040FF0) -- CPU_ReadMem(16 bytes @ 0xE0040FE0)ROMTbl 0 [4]: FFF41000, CID: B105900D, PID: 000BB9A1 TPIU  returns 0x00
 (0029ms, 24553ms total)
T0F68 9085:054 JLINK_Halt()  returns 0x00 (0004ms, 24557ms total)
T0F68 9085:058 JLINK_WriteMem(0x400E0A04, 0x0004 Bytes, ...) - Data: 0B 01 00 5A -- CPU_WriteMem(4 bytes @ 0x400E0A04)  returns 0x04 (0002ms, 24559ms total)
T0F68 9085:060 JLINK_ReadMem (0x400E0A08, 0x0004 Bytes, ...) -- CPU_ReadMem(4 bytes @ 0x400E0A08) - Data: 01 00 00 00  returns 0x00 (0001ms, 24560ms total)
T0F68 9085:061 JLINK_WriteMem(0x400E0A04, 0x0004 Bytes, ...) - Data: 0C 02 00 5A -- CPU_WriteMem(4 bytes @ 0x400E0A04)  returns 0x04 (0001ms, 24561ms total)
T0F68 9085:062 JLINK_ReadMem (0x400E0A08, 0x0004 Bytes, ...) -- CPU_ReadMem(4 bytes @ 0x400E0A08) - Data: 01 00 00 00  returns 0x00 (0001ms, 24562ms total)
T0F68 9085:063 JLINK_Reset() -- CPU_ReadMem(16 bytes @ 0x20000000) -- CPU_WriteMem(16 bytes @ 0x20000000) -- CPU_ReadMem(4 bytes @ 0xE000EDFC) -- CPU_WriteMem(4 bytes @ 0xE000EDFC) -- CPU_ReadMem(4 bytes @ 0xE0001000) -- CPU_WriteMem(4 bytes @ 0xE000EDFC) -- CPU_WriteMem(16 bytes @ 0x20000000) -- CPU_WriteMem(4 bytes @ 0xE0002000) -- CPU_ReadMem(4 bytes @ 0xE000EDFC) -- CPU_ReadMem(4 bytes @ 0xE0001000) (0027ms, 24589ms total)
T0F68 9085:091 JLINK_JTAG_GetDeviceID(DeviceIndex = 0)  returns 0x4BA00477 (0000ms, 24589ms total)
T0F68 9085:091 JLINK_ReadMemU32(0x400E0740, 0x0001 Items, ...) -- CPU_ReadMem(4 bytes @ 0x400E0740) - Data: E0 0E A7 29  returns 0x01 (0002ms, 24591ms total)
T0F68 9085:093 JLINK_ReadMemU32(0x400E0744, 0x0001 Items, ...) -- CPU_ReadMem(4 bytes @ 0x400E0744) - Data: 00 00 00 00  returns 0x01 (0001ms, 24592ms total)
T0F68 9085:094 JLINK_WriteMem(0x400E0A04, 0x0004 Bytes, ...) - Data: 05 00 00 5A -- CPU_WriteMem(4 bytes @ 0x400E0A04)  returns 0x04 (0001ms, 24593ms total)
T0F68 9085:095 JLINK_WriteMem(0x400E0C04, 0x0004 Bytes, ...) - Data: 05 00 00 5A -- CPU_WriteMem(4 bytes @ 0x400E0C04)  returns 0x04 (0000ms, 24593ms total)
T0F68 9085:095 JLINK_ReadMem (0x400E0A08, 0x0004 Bytes, ...) -- CPU_ReadMem(4 bytes @ 0x400E0A08) - Data: 00 00 00 00  returns 0x00 (0001ms, 24594ms total)
T21E0 9085:102 JLINK_IsHalted()  returns TRUE (0000ms, 24594ms total)
T21E0 9085:102 JLINK_GetMOEs(...) -- CPU_ReadMem(4 bytes @ 0xE000ED30) -- CPU_WriteMem(4 bytes @ 0xE000ED30)  returns 0x01 (0001ms, 24595ms total)
T0F68 9085:103 JLINK_ReadMem (0x400E0A08, 0x0004 Bytes, ...) -- CPU_ReadMem(4 bytes @ 0x400E0A08) - Data: 00 00 00 00  returns 0x00 (0001ms, 24596ms total)
T21E0 9085:104 JLINK_ReadReg(R15 (PC))  returns 0x0040111C (0000ms, 24596ms total)
T0F68 9085:108 JLINK_ReadMem (0x400E0A08, 0x0004 Bytes, ...) -- CPU_ReadMem(4 bytes @ 0x400E0A08) - Data: 00 00 00 00  returns 0x00 (0001ms, 24597ms total)
T0F68 9085:151 JLINK_ReadMem (0x400E0A08, 0x0004 Bytes, ...) -- CPU_ReadMem(4 bytes @ 0x400E0A08) - Data: 00 00 00 00  returns 0x00 (0001ms, 24598ms total)
T0F68 9085:216 JLINK_ReadMem (0x400E0A08, 0x0004 Bytes, ...) -- CPU_ReadMem(4 bytes @ 0x400E0A08) - Data: 00 00 00 00  returns 0x00 (0000ms, 24598ms total)
T21E0 9085:304 JLINK_IsHalted()  returns TRUE (0000ms, 24598ms total)
T0F68 9085:501 JLINK_ReadMem (0x400E0A08, 0x0004 Bytes, ...) -- CPU_ReadMem(4 bytes @ 0x400E0A08) - Data: 00 00 00 00  returns 0x00 (0001ms, 24599ms total)
T21E0 9085:504 JLINK_IsHalted()  returns TRUE (0000ms, 24599ms total)
T21E0 9085:704 JLINK_IsHalted()  returns TRUE (0000ms, 24599ms total)
T21E0 9085:905 JLINK_IsHalted()  returns TRUE (0000ms, 24599ms total)
T21E0 9086:105 JLINK_IsHalted()  returns TRUE (0000ms, 24599ms total)
T21E0 9086:305 JLINK_IsHalted()  returns TRUE (0000ms, 24599ms total)
T21E0 9086:505 JLINK_IsHalted()  returns TRUE (0000ms, 24599ms total)
T0F68 9086:551 JLINK_ReadMem (0x400E0A08, 0x0004 Bytes, ...) -- CPU_ReadMem(4 bytes @ 0x400E0A08) - Data: 00 00 00 00  returns 0x00 (0000ms, 24599ms total)
T0F68 9086:551 JLINK_ReadMem (0x400E0C08, 0x0004 Bytes, ...) -- CPU_ReadMem(4 bytes @ 0x400E0C08) - Data: 00 00 00 00  returns 0x00 (0001ms, 24600ms total)
T0F68 9086:553 JLINK_ReadMem (0x400E0C08, 0x0004 Bytes, ...) -- CPU_ReadMem(4 bytes @ 0x400E0C08) - Data: 00 00 00 00  returns 0x00 (0000ms, 24600ms total)
T0F68 9086:557 JLINK_ReadMem (0x400E0C08, 0x0004 Bytes, ...) -- CPU_ReadMem(4 bytes @ 0x400E0C08) - Data: 00 00 00 00  returns 0x00 (0000ms, 24600ms total)
T0F68 9086:601 JLINK_ReadMem (0x400E0C08, 0x0004 Bytes, ...) -- CPU_ReadMem(4 bytes @ 0x400E0C08) - Data: 00 00 00 00  returns 0x00 (0000ms, 24600ms total)
T0F68 9086:665 JLINK_ReadMem (0x400E0C08, 0x0004 Bytes, ...) -- CPU_ReadMem(4 bytes @ 0x400E0C08) - Data: 00 00 00 00  returns 0x00 (0000ms, 24600ms total)
T21E0 9086:705 JLINK_IsHalted()  returns TRUE (0000ms, 24600ms total)
T21E0 9086:905 JLINK_IsHalted()  returns TRUE (0000ms, 24600ms total)
T0F68 9086:951 JLINK_ReadMem (0x400E0C08, 0x0004 Bytes, ...) -- CPU_ReadMem(4 bytes @ 0x400E0C08) - Data: 00 00 00 00  returns 0x00 (0000ms, 24600ms total)
T21E0 9087:105 JLINK_IsHalted()  returns TRUE (0000ms, 24600ms total)
T21E0 9087:305 JLINK_IsHalted()  returns TRUE (0000ms, 24600ms total)
T21E0 9087:505 JLINK_IsHalted()  returns TRUE (0001ms, 24601ms total)
T21E0 9087:706 JLINK_IsHalted()  returns TRUE (0000ms, 24600ms total)
T21E0 9087:906 JLINK_IsHalted()  returns TRUE (0000ms, 24600ms total)
T0F68 9088:001 JLINK_ReadMem (0x400E0C08, 0x0004 Bytes, ...) -- CPU_ReadMem(4 bytes @ 0x400E0C08) - Data: 00 00 00 00  returns 0x00 (0001ms, 24601ms total)
T0F68 9088:002 JLINK_ReadMem (0x400E0A08, 0x0004 Bytes, ...) -- CPU_ReadMem(4 bytes @ 0x400E0A08) - Data: 00 00 00 00  returns 0x00 (0001ms, 24602ms total)
T0F68 9088:004 JLINK_ReadMem (0x400E0A08, 0x0004 Bytes, ...) -- CPU_ReadMem(4 bytes @ 0x400E0A08) - Data: 00 00 00 00  returns 0x00 (0001ms, 24603ms total)
T0F68 9088:009 JLINK_ReadMem (0x400E0A08, 0x0004 Bytes, ...) -- CPU_ReadMem(4 bytes @ 0x400E0A08) - Data: 00 00 00 00  returns 0x00 (0001ms, 24604ms total)
T0F68 9088:051 JLINK_ReadMem (0x400E0A08, 0x0004 Bytes, ...) -- CPU_ReadMem(4 bytes @ 0x400E0A08) - Data: 00 00 00 00  returns 0x00 (0001ms, 24605ms total)
T21E0 9088:106 JLINK_IsHalted()  returns TRUE (0001ms, 24606ms total)
T0F68 9088:116 JLINK_ReadMem (0x400E0A08, 0x0004 Bytes, ...) -- CPU_ReadMem(4 bytes @ 0x400E0A08) - Data: 00 00 00 00  returns 0x00 (0001ms, 24606ms total)
T21E0 9088:307 JLINK_IsHalted()  returns TRUE (0000ms, 24606ms total)
T0F68 9088:401 JLINK_ReadMem (0x400E0A08, 0x0004 Bytes, ...) -- CPU_ReadMem(4 bytes @ 0x400E0A08) - Data: 00 00 00 00  returns 0x00 (0001ms, 24607ms total)
T21E0 9088:507 JLINK_IsHalted()  returns TRUE (0000ms, 24607ms total)
T21E0 9088:707 JLINK_IsHalted()  returns TRUE (0001ms, 24608ms total)
T21E0 9088:908 JLINK_IsHalted()  returns TRUE (0000ms, 24607ms total)
T21E0 9089:109 JLINK_IsHalted()  returns TRUE (0000ms, 24607ms total)
T21E0 9089:309 JLINK_IsHalted()  returns TRUE (0001ms, 24608ms total)
T0F68 9089:452 JLINK_ReadMem (0x400E0A08, 0x0004 Bytes, ...) -- CPU_ReadMem(4 bytes @ 0x400E0A08) - Data: 00 00 00 00  returns 0x00 (0001ms, 24608ms total)
T0F68 9089:453 JLINK_ReadMem (0x400E0C08, 0x0004 Bytes, ...) -- CPU_ReadMem(4 bytes @ 0x400E0C08) - Data: 00 00 00 00  returns 0x00 (0001ms, 24609ms total)
T0F68 9089:455 JLINK_ReadMem (0x400E0C08, 0x0004 Bytes, ...) -- CPU_ReadMem(4 bytes @ 0x400E0C08) - Data: 00 00 00 00  returns 0x00 (0001ms, 24610ms total)
T0F68 9089:460 JLINK_ReadMem (0x400E0C08, 0x0004 Bytes, ...) -- CPU_ReadMem(4 bytes @ 0x400E0C08) - Data: 00 00 00 00  returns 0x00 (0001ms, 24611ms total)
T0F68 9089:502 JLINK_ReadMem (0x400E0C08, 0x0004 Bytes, ...) -- CPU_ReadMem(4 bytes @ 0x400E0C08) - Data: 00 00 00 00  returns 0x00 (0001ms, 24612ms total)
T21E0 9089:510 JLINK_IsHalted()  returns TRUE (0000ms, 24612ms total)
T0F68 9089:567 JLINK_ReadMem (0x400E0C08, 0x0004 Bytes, ...) -- CPU_ReadMem(4 bytes @ 0x400E0C08) - Data: 00 00 00 00  returns 0x00 (0001ms, 24613ms total)
T21E0 9089:710 JLINK_IsHalted()  returns TRUE (0000ms, 24613ms total)
T0F68 9089:852 JLINK_ReadMem (0x400E0C08, 0x0004 Bytes, ...) -- CPU_ReadMem(4 bytes @ 0x400E0C08) - Data: 00 00 00 00  returns 0x00 (0001ms, 24614ms total)
T21E0 9089:910 JLINK_IsHalted()  returns TRUE (0001ms, 24615ms total)
T21E0 9090:111 JLINK_IsHalted()  returns TRUE (0000ms, 24614ms total)
T21E0 9090:311 JLINK_IsHalted()  returns TRUE (0000ms, 24614ms total)
T21E0 9090:511 JLINK_IsHalted()  returns TRUE (0001ms, 24615ms total)
T21E0 9090:712 JLINK_IsHalted()  returns TRUE (0000ms, 24614ms total)
T0F68 9090:902 JLINK_ReadMem (0x400E0C08, 0x0004 Bytes, ...) -- CPU_ReadMem(4 bytes @ 0x400E0C08) - Data: 01 00 00 00  returns 0x00 (0001ms, 24615ms total)
T0F68 9090:903 JLINK_ReadMem (0x400E0A08, 0x0004 Bytes, ...) -- CPU_ReadMem(4 bytes @ 0x400E0A08) - Data: 01 00 00 00  returns 0x00 (0000ms, 24615ms total)
T21E0 9090:912 JLINK_IsHalted()  returns TRUE (0000ms, 24615ms total)
T0F68 9090:912 JLINK_ResetPullsRESET(ON) (0000ms, 24615ms total)
T0F68 9090:912 JLINK_ResetNoHalt() >0x2F8 JTAG>TotalIRLen = 4, IRPrint = 0x01 >0x30 JTAG> >0x210 JTAG> >0x70 JTAG> >0x40 JTAG> >0x40 JTAG> >0x40 JTAG> >0x48 JTAG> >0x78 JTAG> >0x40 JTAG> >0x30 JTAG> >0x40 JTAG> >0x40 JTAG> >0x30 JTAG> >0x40 JTAG> >0x48 JTAG>Found Cortex-M4 r0p1, Little endian. -- CPU_ReadMem(4 bytes @ 0xE000EDF0) -- CPU_ReadMem(4 bytes @ 0xE0002000)FPUnit: 6 code (BP) slots and 2 literal slots -- CPU_ReadMem(4 bytes @ 0xE000EDFC) -- CPU_ReadMem(4 bytes @ 0xE0001000)
 -- CPU_ReadMem(4 bytes @ 0xE000ED88) -- CPU_WriteMem(4 bytes @ 0xE000ED88) -- CPU_ReadMem(4 bytes @ 0xE000ED88) -- CPU_WriteMem(4 bytes @ 0xE000ED88)CoreSight components:ROMTbl 0 @ E00FF000 -- CPU_ReadMem(16 bytes @ 0xE00FF000) -- CPU_ReadMem(16 bytes @ 0xE000EFF0) -- CPU_ReadMem(16 bytes @ 0xE000EFE0)ROMTbl 0 [0]: FFF0F000, CID: B105E00D, PID: 000BB000 SCS -- CPU_WriteMem(4 bytes @ 0xE0001000) -- CPU_ReadMem(16 bytes @ 0xE0001FF0) -- CPU_ReadMem(16 bytes @ 0xE0001FE0)
ROMTbl 0 [1]: FFF02000, CID: B105E00D, PID: 003BB002 DWT -- CPU_ReadMem(16 bytes @ 0xE0002FF0) -- CPU_ReadMem(16 bytes @ 0xE0002FE0)ROMTbl 0 [2]: FFF03000, CID: B105E00D, PID: 002BB003 FPB -- CPU_ReadMem(16 bytes @ 0xE0000FF0) -- CPU_ReadMem(16 bytes @ 0xE0000FE0)ROMTbl 0 [3]: FFF01000, CID: B105E00D, PID: 003BB001 ITM -- CPU_ReadMem(16 bytes @ 0xE00FF010) -- CPU_ReadMem(16 bytes @ 0xE0040FF0) -- CPU_ReadMem(16 bytes @ 0xE0040FE0)ROMTbl 0 [4]: FFF41000, CID: B105900D, PID: 000BB9A1 TPIU
                JLINK_Reset() -- CPU_ReadMem(16 bytes @ 0x20000000) -- CPU_WriteMem(16 bytes @ 0x20000000) -- CPU_ReadMem(4 bytes @ 0xE000EDFC) -- CPU_WriteMem(4 bytes @ 0xE000EDFC) -- CPU_ReadMem(4 bytes @ 0xE0001000) -- CPU_WriteMem(4 bytes @ 0xE0001004) -- CPU_WriteMem(4 bytes @ 0xE000EDFC) -- CPU_WriteMem(16 bytes @ 0x20000000) -- CPU_WriteMem(4 bytes @ 0xE0002000) -- CPU_ReadMem(4 bytes @ 0xE000EDFC) -- CPU_ReadMem(4 bytes @ 0xE0001000) (0028ms, 0028ms total)
                JLINK_Go() -- CPU_ReadMem(4 bytes @ 0xE0001000) -- CPU_WriteMem(4 bytes @ 0xE0001004) (0002ms, 0030ms total)
               (0061ms, 24676ms total)
T0F68 9090:973 JLINK_ExecCommand("ProjectFile = C:\Users\H243\Documents\GitHub\Maua-trabalhos\15-DAC\LCD-Desenhos\jlink.config", ...)  returns 0x00 (0000ms, 24676ms total)
T0F68 9091:037 JLINK_ExecCommand("Device = AT91SAM4SD32C", ...)Device "ATSAM4SD32C" selected.  returns 0x00 (0000ms, 24677ms total)
T0F68 9091:038 JLINK_TIF_Select(JLINKARM_TIF_JTAG)  returns 0x00 (0000ms, 24677ms total)
T0F68 9091:038 JLINK_GetIdData(...) ScanLen=4 NumDevices=1 aId[0]=0x4BA00477 aIrRead[0]=0 aScanLen[0]=0 aScanRead[0]=0 (0000ms, 24677ms total)
T0F68 9091:038 JLINK_ConfigJTAG(IRPre = 0, DRPre = 0) (0000ms, 24677ms total)
T0F68 9091:038 JLINK_SetSpeed(4000) (0001ms, 24678ms total)
T0F68 9091:039 JLINK_ResetPullsRESET(OFF) (0000ms, 24678ms total)
T0F68 9091:039 JLINK_Connect() >0x2F8 JTAG>TotalIRLen = 4, IRPrint = 0x01 >0x30 JTAG> >0x210 JTAG> >0x70 JTAG> >0x40 JTAG> >0x40 JTAG> >0x40 JTAG> >0x48 JTAG> >0x78 JTAG> >0x40 JTAG> >0x30 JTAG> >0x40 JTAG> >0x40 JTAG> >0x30 JTAG> >0x40 JTAG> >0x48 JTAG>Found Cortex-M4 r0p1, Little endian. -- CPU_ReadMem(4 bytes @ 0xE000EDF0) -- CPU_ReadMem(4 bytes @ 0xE0002000)FPUnit: 6 code (BP) slots and 2 literal slots -- CPU_ReadMem(4 bytes @ 0xE000EDFC) -- CPU_ReadMem(4 bytes @ 0xE0001000)
 -- CPU_WriteMem(4 bytes @ 0xE0001000) -- CPU_ReadMem(4 bytes @ 0xE000ED88) -- CPU_WriteMem(4 bytes @ 0xE000ED88) -- CPU_ReadMem(4 bytes @ 0xE000ED88) -- CPU_WriteMem(4 bytes @ 0xE000ED88)CoreSight components:ROMTbl 0 @ E00FF000 -- CPU_ReadMem(16 bytes @ 0xE00FF000) -- CPU_ReadMem(16 bytes @ 0xE000EFF0) -- CPU_ReadMem(16 bytes @ 0xE000EFE0)ROMTbl 0 [0]: FFF0F000, CID: B105E00D, PID: 000BB000 SCS -- CPU_ReadMem(16 bytes @ 0xE0001FF0) -- CPU_ReadMem(16 bytes @ 0xE0001FE0)
ROMTbl 0 [1]: FFF02000, CID: B105E00D, PID: 003BB002 DWT -- CPU_ReadMem(16 bytes @ 0xE0002FF0) -- CPU_ReadMem(16 bytes @ 0xE0002FE0)ROMTbl 0 [2]: FFF03000, CID: B105E00D, PID: 002BB003 FPB -- CPU_ReadMem(16 bytes @ 0xE0000FF0) -- CPU_ReadMem(16 bytes @ 0xE0000FE0)ROMTbl 0 [3]: FFF01000, CID: B105E00D, PID: 003BB001 ITM -- CPU_ReadMem(16 bytes @ 0xE00FF010) -- CPU_ReadMem(16 bytes @ 0xE0040FF0) -- CPU_ReadMem(16 bytes @ 0xE0040FE0)ROMTbl 0 [4]: FFF41000, CID: B105900D, PID: 000BB9A1 TPIU  returns 0x00
 (0027ms, 24705ms total)
T0F68 9091:066 JLINK_Halt()  returns 0x00 (0004ms, 24709ms total)
T0F68 9091:070 JLINK_WriteMem(0x400E0A04, 0x0004 Bytes, ...) - Data: 0B 01 00 5A -- CPU_WriteMem(4 bytes @ 0x400E0A04)  returns 0x04 (0001ms, 24710ms total)
T0F68 9091:071 JLINK_ReadMem (0x400E0A08, 0x0004 Bytes, ...) -- CPU_ReadMem(4 bytes @ 0x400E0A08) - Data: 01 00 00 00  returns 0x00 (0001ms, 24711ms total)
T0F68 9091:072 JLINK_WriteMem(0x400E0A04, 0x0004 Bytes, ...) - Data: 0C 02 00 5A -- CPU_WriteMem(4 bytes @ 0x400E0A04)  returns 0x04 (0001ms, 24712ms total)
T0F68 9091:073 JLINK_ReadMem (0x400E0A08, 0x0004 Bytes, ...) -- CPU_ReadMem(4 bytes @ 0x400E0A08) - Data: 01 00 00 00  returns 0x00 (0001ms, 24713ms total)
T0F68 9091:074 JLINK_Reset() -- CPU_ReadMem(16 bytes @ 0x20000000) -- CPU_WriteMem(16 bytes @ 0x20000000) -- CPU_ReadMem(4 bytes @ 0xE000EDFC) -- CPU_WriteMem(4 bytes @ 0xE000EDFC) -- CPU_ReadMem(4 bytes @ 0xE0001000) -- CPU_WriteMem(4 bytes @ 0xE000EDFC) -- CPU_WriteMem(16 bytes @ 0x20000000) -- CPU_WriteMem(4 bytes @ 0xE0002000) -- CPU_ReadMem(4 bytes @ 0xE000EDFC) -- CPU_ReadMem(4 bytes @ 0xE0001000) (0026ms, 24739ms total)
T0F68 9091:101 JLINK_JTAG_GetDeviceID(DeviceIndex = 0)  returns 0x4BA00477 (0000ms, 24739ms total)
T0F68 9091:101 JLINK_ReadMemU32(0x400E0740, 0x0001 Items, ...) -- CPU_ReadMem(4 bytes @ 0x400E0740) - Data: E0 0E A7 29  returns 0x01 (0002ms, 24741ms total)
T0F68 9091:103 JLINK_ReadMemU32(0x400E0744, 0x0001 Items, ...) -- CPU_ReadMem(4 bytes @ 0x400E0744) - Data: 00 00 00 00  returns 0x01 (0001ms, 24742ms total)
T0F68 9091:108 JLINK_BeginDownload(Flags = 0x00) (0000ms, 24742ms total)
T0F68 9091:108 JLINK_WriteMem(0x00400000, 0x4000 Bytes, ...) - Data: C0 38 00 20 1D 11 40 00 19 11 40 00 19 11 40 00 ...  returns 0x4000 (0000ms, 24742ms total)
T0F68 9091:108 JLINK_WriteMem(0x00404000, 0x1680C Bytes, ...) - Data: FF FF FF 00 FF FF FF 00 FF FF FF 00 FF FF FF 00 ...  returns 0x1680C (0001ms, 24743ms total)
T0F68 9091:109 JLINK_WriteMem(0x0041A80C, 0x0440 Bytes, ...) - Data: F0 00 00 00 40 01 00 00 00 09 3D 00 CD 1C 9B 44 ...  returns 0x440 (0000ms, 24743ms total)
T2750 9091:110 JLINK_IsHalted()  returns TRUE (0000ms, 24743ms total)
T2750 9091:110 JLINK_GetMOEs(...) -- CPU_ReadMem(4 bytes @ 0xE000ED30) -- CPU_WriteMem(4 bytes @ 0xE000ED30)  returns 0x01 (0011ms, 24754ms total)
T2750 9091:121 JLINK_ReadReg(R15 (PC)) -- -------------------------------------- -- Start of determining dirty areas in flash cache -- End of determining dirty areas -- Start of preparing flash programming -- Calculating RAM usage -- RAM usage = 6004 Bytes -- Preserving CPU registers -- Preparing memory -- Determining CPU clock frequency -- CPU clock frequency: 4250 kHz -- CPU frequency = 4250 kHz -- Preparing target -- Downloading RAMCode -- Checking target RAM -- Preparing RAMCode
 -- End of preparing flash programming -- CPU is running at 90000 kHz. -- Start of comparing flash -- CRC check was estimated as fastest method -- Comparing range 0x400000 - 0x403FFF (32 Sectors, 16 KB), using multi-block CRC calculation -- CRC does not match for sectors 0-31 -- Comparing range 0x404000 - 0x41AFFF (23 Sectors, 92 KB), using multi-block CRC calculation -- CRC does not match for sectors 0-22 -- End of comparing flash -- Start of erasing sectors -- End of erasing sectors
 -- Start of flash programming -- Programming range 0x00400000 - 0x00403FFF (032 Sectors, 16 KB) -- Programming range 0x00404000 - 0x0040BFFF (008 Sectors, 32 KB) -- Programming range 0x0040C000 - 0x00413FFF (008 Sectors, 32 KB) -- Programming range 0x00414000 - 0x0041AFFF (007 Sectors, 28 KB) -- End of flash programming -- 0x400000 - 0x403FFF (032 Sectors, 16 KB) -- 0x404000 - 0x41AFFF (023 Sectors, 92 KB) -- Start of verifying flash -- Checksum calculation was estimated as fastest method
 -- Checksum calculation was estimated as fastest method -- End of verifying flash -- Start of restoring -- Restore RAMCode -- Restore content of target memory -- Restore target -- Restore memory -- Restoring CPU registers -- End of restoring -- Flash programming performed for 2 ranges (110592 bytes) -- Total time needed: 0.795s (Prepare: 0.224s, Compare: 0.014s, Erase: 0.000s, Program: 0.494s, Verify: 0.005s, Restore: 0.056s)  returns 0xFFFFFFFE (0798ms, 25552ms total)
T255C 9092:052 JLINK_Halt()  returns 0x00 (0001ms, 25553ms total)
T255C 9092:053 JLINK_ReadReg(R15 (PC))  returns 0xFFFFFFFE (0000ms, 25553ms total)
T255C 9092:053 JLINK_ReadReg(R13 (SP))  returns 0xFFFFFFFC (0000ms, 25553ms total)
T255C 9092:084 JLINK_ReadReg(R0)  returns 0x400E1400 (0000ms, 25553ms total)
T255C 9092:084 JLINK_ReadReg(R1)  returns 0x40C00000 (0000ms, 25553ms total)
T255C 9092:084 JLINK_ReadReg(R2)  returns 0xA5000005 (0000ms, 25553ms total)
T255C 9092:084 JLINK_ReadReg(R3)  returns 0x00400229 (0000ms, 25553ms total)
T255C 9092:084 JLINK_ReadReg(R4)  returns 0x4003C000 (0000ms, 25553ms total)
T255C 9092:084 JLINK_ReadReg(R5)  returns 0x004010C5 (0000ms, 25553ms total)
T255C 9092:084 JLINK_ReadReg(R6)  returns 0x3F674200 (0000ms, 25553ms total)
T255C 9092:084 JLINK_ReadReg(R7)  returns 0x4003C000 (0000ms, 25553ms total)
T255C 9092:084 JLINK_ReadReg(R8)  returns 0x00000000 (0000ms, 25553ms total)
T255C 9092:084 JLINK_ReadReg(R9)  returns 0x40640000 (0000ms, 25553ms total)
T255C 9092:084 JLINK_ReadReg(R10)  returns 0xEA82C754 (0000ms, 25553ms total)
T255C 9092:084 JLINK_ReadReg(R11)  returns 0xA197832C (0000ms, 25553ms total)
T255C 9092:084 JLINK_ReadReg(R12)  returns 0x00000003 (0000ms, 25553ms total)
T255C 9092:084 JLINK_ReadReg(R13 (SP))  returns 0xFFFFFFFC (0000ms, 25553ms total)
T255C 9092:085 JLINK_ReadReg(R14)  returns 0xFFFFFFFF (0000ms, 25553ms total)
T255C 9092:085 JLINK_ReadReg(R15 (PC))  returns 0xFFFFFFFE (0000ms, 25553ms total)
T255C 9092:085 JLINK_ReadReg(XPSR)  returns 0x01000000 (0000ms, 25553ms total)
T255C 9092:085 JLINK_ReadReg(MSP)  returns 0xFFFFFFFC (0000ms, 25553ms total)
T255C 9092:085 JLINK_ReadReg(PSP)  returns 0x7050A970 (0000ms, 25553ms total)
T255C 9092:085 JLINK_ReadReg(PRIMASK)  returns 0x00000000 (0000ms, 25553ms total)
T255C 9092:085 JLINK_ReadReg(BASEPRI)  returns 0x00000000 (0000ms, 25553ms total)
T255C 9092:085 JLINK_ReadReg(FAULTMASK)  returns 0x00000000 (0000ms, 25553ms total)
T255C 9092:085 JLINK_ReadReg(CONTROL)  returns 0x00000000 (0000ms, 25553ms total)
T255C 9092:117 JLINK_EndDownload()  returns 0x00 (0000ms, 25553ms total)
T255C 9092:117 JLINK_Reset() -- CPU_ReadMem(16 bytes @ 0x20000000) -- CPU_WriteMem(16 bytes @ 0x20000000) -- CPU_ReadMem(4 bytes @ 0xE000EDFC) -- CPU_WriteMem(4 bytes @ 0xE000EDFC) -- CPU_ReadMem(4 bytes @ 0xE0001000) -- CPU_WriteMem(4 bytes @ 0xE000EDFC) -- CPU_WriteMem(16 bytes @ 0x20000000) -- CPU_WriteMem(4 bytes @ 0xE0002000) -- CPU_ReadMem(4 bytes @ 0xE000EDFC) -- CPU_ReadMem(4 bytes @ 0xE0001000) (0027ms, 25580ms total)
T2750 9092:144 JLINK_IsHalted()  returns TRUE (0000ms, 25580ms total)
T2750 9092:144 JLINK_GetMOEs(...) -- CPU_ReadMem(4 bytes @ 0xE000ED30) -- CPU_WriteMem(4 bytes @ 0xE000ED30)  returns 0x01 (0002ms, 25582ms total)
T2750 9092:146 JLINK_ReadReg(R15 (PC))  returns 0x0040111C (0000ms, 25582ms total)
T255C 9092:154 JLINK_ReadReg(R15 (PC))  returns 0x0040111C (0000ms, 25582ms total)
T255C 9092:154 JLINK_ReadReg(R13 (SP))  returns 0x200038C0 (0000ms, 25582ms total)
T255C 9092:162 JLINK_ReadMemHW(0x0040111C, 0x0004 Bytes, ...) -- CPU_ReadMem(4 bytes @ 0x0040111C) - Data: 08 B5 20 4B  returns 0x00 (0001ms, 25583ms total)
T255C 9092:194 JLINK_ReadMemHW(0x004017C8, 0x0001 Bytes, ...) -- CPU_ReadMem(1 bytes @ 0x004017C8) - Data: 00  returns 0x00 (0001ms, 25584ms total)
T255C 9092:225 JLINK_ReadReg(R15 (PC))  returns 0x0040111C (0000ms, 25584ms total)
T255C 9092:225 JLINK_GetNumBPUnits(Type = 0xFFFFFF02)  returns 0x06 (0000ms, 25584ms total)
T255C 9092:225 JLINK_SetBPEx(Addr = 0x004017C8, Type = 0xFFFFFF02)  returns 0x00000001 (0000ms, 25584ms total)
T255C 9092:225 JLINK_GetBPInfo(BPHandle = 1)  returns 0x00 (0000ms, 25584ms total)
T255C 9092:225 JLINK_Go() -- CPU_ReadMem(4 bytes @ 0xE0001000) -- CPU_WriteMem(4 bytes @ 0xE0002008) -- CPU_WriteMem(4 bytes @ 0xE000200C) -- CPU_WriteMem(4 bytes @ 0xE0002010) -- CPU_WriteMem(4 bytes @ 0xE0002014) -- CPU_WriteMem(4 bytes @ 0xE0002018) -- CPU_WriteMem(4 bytes @ 0xE000201C) -- CPU_WriteMem(4 bytes @ 0xE0001004) (0005ms, 25589ms total)
T2750 9092:230 JLINK_IsHalted()  returns TRUE (0004ms, 25593ms total)
T2750 9092:234 JLINK_GetMOEs(...) -- CPU_ReadMem(4 bytes @ 0xE000ED30) -- CPU_WriteMem(4 bytes @ 0xE000ED30)  returns 0x01 (0001ms, 25590ms total)
T2750 9092:235 JLINK_ReadReg(R15 (PC))  returns 0x004017C8 (0000ms, 25590ms total)
T2750 9092:235 JLINK_WriteMem(0xE000EDFC, 0x0004 Bytes, ...) - Data: 00 00 00 01 -- CPU_WriteMem(4 bytes @ 0xE000EDFC)  returns 0x04 (0001ms, 25591ms total)
T2750 9092:236 JLINK_ReadMem (0xE0001000, 0x0004 Bytes, ...) -- CPU_ReadMem(4 bytes @ 0xE0001000) - Data: 01 00 00 40  returns 0x00 (0001ms, 25592ms total)
T2750 9092:237 JLINK_WriteMem(0xE0001000, 0x0004 Bytes, ...) - Data: 01 00 00 40  returns 0x04 (0000ms, 25592ms total)
T2750 9092:237 JLINK_WriteMem(0xE0001028, 0x0004 Bytes, ...) - Data: 00 01 00 00  returns 0x04 (0000ms, 25592ms total)
T2750 9092:237 JLINK_ReadMem (0xE0001028, 0x0004 Bytes, ...) -- CPU_WriteMem(4 bytes @ 0xE0001028) -- CPU_ReadMem(4 bytes @ 0xE0001028) - Data: 00 00 00 00  returns 0x00 (0002ms, 25594ms total)
T2750 9092:239 JLINK_WriteMem(0xE0001024, 0x0004 Bytes, ...) - Data: 1F 00 00 00  returns 0x04 (0000ms, 25594ms total)
T2750 9092:239 JLINK_ReadMem (0xE0001024, 0x0004 Bytes, ...) -- CPU_WriteMem(4 bytes @ 0xE0001024) -- CPU_ReadMem(4 bytes @ 0xE0001024) - Data: 0F 00 00 00  returns 0x00 (0001ms, 25595ms total)
T2750 9092:240 JLINK_WriteMem(0xE0001038, 0x0004 Bytes, ...) - Data: 00 01 00 00  returns 0x04 (0001ms, 25596ms total)
T2750 9092:241 JLINK_ReadMem (0xE0001038, 0x0004 Bytes, ...) -- CPU_WriteMem(4 bytes @ 0xE0001038) -- CPU_ReadMem(4 bytes @ 0xE0001038) - Data: 00 03 00 00  returns 0x00 (0001ms, 25597ms total)
T2750 9092:242 JLINK_WriteMem(0xE0001034, 0x0004 Bytes, ...) - Data: 1F 00 00 00  returns 0x04 (0000ms, 25597ms total)
T2750 9092:242 JLINK_ReadMem (0xE0001034, 0x0004 Bytes, ...) -- CPU_WriteMem(4 bytes @ 0xE0001034) -- CPU_ReadMem(4 bytes @ 0xE0001034) - Data: 0F 00 00 00  returns 0x00 (0002ms, 25599ms total)
T2750 9092:244 JLINK_WriteMem(0xE0001048, 0x0004 Bytes, ...) - Data: 00 01 00 00  returns 0x04 (0000ms, 25599ms total)
T2750 9092:244 JLINK_ReadMem (0xE0001048, 0x0004 Bytes, ...) -- CPU_WriteMem(4 bytes @ 0xE0001048) -- CPU_ReadMem(4 bytes @ 0xE0001048) - Data: 00 00 00 00  returns 0x00 (0001ms, 25600ms total)
T2750 9092:245 JLINK_WriteMem(0xE0001044, 0x0004 Bytes, ...) - Data: 1F 00 00 00  returns 0x04 (0000ms, 25600ms total)
T2750 9092:245 JLINK_ReadMem (0xE0001044, 0x0004 Bytes, ...) -- CPU_WriteMem(4 bytes @ 0xE0001044) -- CPU_ReadMem(4 bytes @ 0xE0001044) - Data: 0F 00 00 00  returns 0x00 (0002ms, 25602ms total)
T2750 9092:247 JLINK_WriteMem(0xE0001058, 0x0004 Bytes, ...) - Data: 00 01 00 00  returns 0x04 (0000ms, 25602ms total)
T2750 9092:247 JLINK_ReadMem (0xE0001058, 0x0004 Bytes, ...) -- CPU_WriteMem(4 bytes @ 0xE0001058) -- CPU_ReadMem(4 bytes @ 0xE0001058) - Data: 00 00 00 00  returns 0x00 (0001ms, 25603ms total)
T2750 9092:248 JLINK_WriteMem(0xE0001054, 0x0004 Bytes, ...) - Data: 1F 00 00 00  returns 0x04 (0000ms, 25603ms total)
T2750 9092:248 JLINK_ReadMem (0xE0001054, 0x0004 Bytes, ...) -- CPU_WriteMem(4 bytes @ 0xE0001054) -- CPU_ReadMem(4 bytes @ 0xE0001054) - Data: 0F 00 00 00  returns 0x00 (0002ms, 25605ms total)
T2750 9092:250 JLINK_WriteMem(0xE0001020, 0x0004 Bytes, ...) - Data: 00 00 00 00  returns 0x04 (0000ms, 25605ms total)
T2750 9092:250 JLINK_WriteMem(0xE0001024, 0x0004 Bytes, ...) - Data: 00 00 00 00  returns 0x04 (0000ms, 25605ms total)
T2750 9092:250 JLINK_WriteMem(0xE0001028, 0x0004 Bytes, ...) - Data: 00 00 00 00  returns 0x04 (0000ms, 25605ms total)
T2750 9092:250 JLINK_WriteMem(0xE0001030, 0x0004 Bytes, ...) - Data: 00 00 00 00  returns 0x04 (0000ms, 25605ms total)
T2750 9092:250 JLINK_WriteMem(0xE0001034, 0x0004 Bytes, ...) - Data: 00 00 00 00  returns 0x04 (0000ms, 25605ms total)
T2750 9092:250 JLINK_WriteMem(0xE0001038, 0x0004 Bytes, ...) - Data: 00 00 00 00  returns 0x04 (0000ms, 25605ms total)
T2750 9092:250 JLINK_WriteMem(0xE0001040, 0x0004 Bytes, ...) - Data: 00 00 00 00  returns 0x04 (0000ms, 25605ms total)
T2750 9092:250 JLINK_WriteMem(0xE0001044, 0x0004 Bytes, ...) - Data: 00 00 00 00  returns 0x04 (0000ms, 25605ms total)
T2750 9092:250 JLINK_WriteMem(0xE0001048, 0x0004 Bytes, ...) - Data: 00 00 00 00  returns 0x04 (0000ms, 25605ms total)
T2750 9092:250 JLINK_WriteMem(0xE0001050, 0x0004 Bytes, ...) - Data: 00 00 00 00  returns 0x04 (0001ms, 25606ms total)
T2750 9092:251 JLINK_WriteMem(0xE0001054, 0x0004 Bytes, ...) - Data: 00 00 00 00  returns 0x04 (0000ms, 25606ms total)
T2750 9092:251 JLINK_WriteMem(0xE0001058, 0x0004 Bytes, ...) - Data: 00 00 00 00  returns 0x04 (0000ms, 25606ms total)
T2750 9092:251 JLINK_GetBPInfo(BPHandle = 1)  returns 0x00 (0000ms, 25606ms total)
T2750 9092:251 JLINK_ClrBPEx(BPHandle = 0x00000001)  returns 0x00 (0000ms, 25606ms total)
T255C 9092:260 JLINK_ReadReg(R15 (PC))  returns 0x004017C8 (0000ms, 25606ms total)
T255C 9092:260 JLINK_ReadReg(R13 (SP))  returns 0x200038B8 (0000ms, 25606ms total)
T255C 9092:260 JLINK_ReadMemHW(0x004017C8, 0x0004 Bytes, ...) -- CPU_ReadMem(4 bytes @ 0x004017C8) - Data: 00 B5 83 B0  returns 0x00 (0001ms, 25607ms total)
T255C 9092:273 JLINK_ReadReg(R15 (PC))  returns 0x004017C8 (0000ms, 25607ms total)
T255C 9092:273 JLINK_Go() -- CPU_WriteMem(4 bytes @ 0xE0001000) -- CPU_ReadMem(4 bytes @ 0xE0001000) -- CPU_WriteMem(4 bytes @ 0xE0001020) -- CPU_WriteMem(4 bytes @ 0xE0001030) -- CPU_WriteMem(4 bytes @ 0xE0001040) -- CPU_WriteMem(4 bytes @ 0xE0001050) -- CPU_WriteMem(4 bytes @ 0xE0001024) -- CPU_WriteMem(4 bytes @ 0xE0001034) -- CPU_WriteMem(4 bytes @ 0xE0001044) -- CPU_WriteMem(4 bytes @ 0xE0001054) -- CPU_WriteMem(4 bytes @ 0xE0001028) -- CPU_WriteMem(4 bytes @ 0xE0001038)
 -- CPU_WriteMem(4 bytes @ 0xE0001048) -- CPU_WriteMem(4 bytes @ 0xE0001058) -- CPU_WriteMem(4 bytes @ 0xE0002008) (0007ms, 25614ms total)
T2750 9092:280 JLINK_IsHalted()  returns FALSE (0000ms, 25614ms total)
T2750 9092:352 JLINK_IsHalted()  returns FALSE (0001ms, 25615ms total)
T2750 9092:513 JLINK_IsHalted()  returns FALSE (0001ms, 25615ms total)
T2750 9092:714 JLINK_IsHalted()  returns FALSE (0000ms, 25614ms total)
T2750 9092:914 JLINK_IsHalted()  returns FALSE (0000ms, 25614ms total)
T2750 9093:114 JLINK_IsHalted()  returns FALSE (0001ms, 25615ms total)
T2750 9093:315 JLINK_IsHalted()  returns FALSE (0000ms, 25614ms total)
T2750 9093:515 JLINK_IsHalted()  returns FALSE (0001ms, 25615ms total)
T2750 9093:716 JLINK_IsHalted()  returns FALSE (0001ms, 25615ms total)
T2750 9093:917 JLINK_IsHalted()  returns FALSE (0001ms, 25615ms total)
T2750 9094:118 JLINK_IsHalted()  returns FALSE (0000ms, 25614ms total)
T2750 9094:318 JLINK_IsHalted()  returns FALSE (0001ms, 25615ms total)
T2750 9094:519 JLINK_IsHalted()  returns FALSE (0000ms, 25614ms total)
T2750 9094:719 JLINK_IsHalted()  returns FALSE (0000ms, 25614ms total)
T2750 9094:919 JLINK_IsHalted()  returns FALSE (0000ms, 25614ms total)
T2750 9095:119 JLINK_IsHalted()  returns FALSE (0001ms, 25615ms total)
T2750 9095:352 JLINK_IsHalted()  returns FALSE (0000ms, 25614ms total)
T2750 9095:552 JLINK_IsHalted()  returns FALSE (0001ms, 25615ms total)
T2750 9095:753 JLINK_IsHalted()  returns FALSE (0001ms, 25615ms total)
T2750 9095:954 JLINK_IsHalted()  returns FALSE (0001ms, 25615ms total)
T2750 9096:155 JLINK_IsHalted()  returns FALSE (0000ms, 25614ms total)
T2750 9096:355 JLINK_IsHalted()  returns FALSE (0001ms, 25615ms total)
T2750 9096:556 JLINK_IsHalted()  returns FALSE (0000ms, 25614ms total)
T2750 9096:756 JLINK_IsHalted()  returns FALSE (0001ms, 25615ms total)
T2750 9096:957 JLINK_IsHalted()  returns FALSE (0001ms, 25615ms total)
T2750 9097:158 JLINK_IsHalted()  returns FALSE (0000ms, 25614ms total)
T2750 9097:358 JLINK_IsHalted()  returns FALSE (0001ms, 25615ms total)
T2750 9097:559 JLINK_IsHalted()  returns FALSE (0001ms, 25615ms total)
T2750 9097:760 JLINK_IsHalted()  returns FALSE (0001ms, 25615ms total)
T2750 9097:961 JLINK_IsHalted()  returns FALSE (0000ms, 25614ms total)
T2750 9098:161 JLINK_IsHalted()  returns FALSE (0000ms, 25614ms total)
T2750 9098:361 JLINK_IsHalted()  returns FALSE (0001ms, 25615ms total)
T2750 9098:562 JLINK_IsHalted()  returns FALSE (0001ms, 25615ms total)
T2750 9098:763 JLINK_IsHalted()  returns FALSE (0001ms, 25615ms total)
T2750 9098:964 JLINK_IsHalted()  returns FALSE (0000ms, 25614ms total)
T2750 9099:164 JLINK_IsHalted()  returns FALSE (0001ms, 25615ms total)
T2750 9099:365 JLINK_IsHalted()  returns FALSE (0001ms, 25615ms total)
T2750 9099:566 JLINK_IsHalted()  returns FALSE (0001ms, 25615ms total)
T2750 9099:767 JLINK_IsHalted()  returns FALSE (0001ms, 25615ms total)
T2750 9099:968 JLINK_IsHalted()  returns FALSE (0001ms, 25615ms total)
T2750 9100:201 JLINK_IsHalted()  returns FALSE (0001ms, 25615ms total)
T2750 9100:402 JLINK_IsHalted()  returns FALSE (0001ms, 25615ms total)
T2750 9100:603 JLINK_IsHalted()  returns FALSE (0001ms, 25615ms total)
T2750 9100:804 JLINK_IsHalted()  returns FALSE (0001ms, 25615ms total)
T2750 9101:005 JLINK_IsHalted()  returns FALSE (0001ms, 25615ms total)
T2750 9101:206 JLINK_IsHalted()  returns FALSE (0001ms, 25615ms total)
T2750 9101:407 JLINK_IsHalted()  returns FALSE (0000ms, 25614ms total)
T2750 9101:607 JLINK_IsHalted()  returns FALSE (0000ms, 25614ms total)
T2750 9101:807 JLINK_IsHalted()  returns FALSE (0001ms, 25615ms total)
T2750 9102:008 JLINK_IsHalted()  returns FALSE (0001ms, 25615ms total)
T2750 9102:209 JLINK_IsHalted()  returns FALSE (0001ms, 25615ms total)
T2750 9102:410 JLINK_IsHalted()  returns FALSE (0000ms, 25614ms total)
T2750 9102:610 JLINK_IsHalted()  returns FALSE (0000ms, 25614ms total)
T2750 9102:810 JLINK_IsHalted()  returns FALSE (0001ms, 25615ms total)
T2750 9103:011 JLINK_IsHalted()  returns FALSE (0000ms, 25614ms total)
T2750 9103:211 JLINK_IsHalted()  returns FALSE (0000ms, 25614ms total)
T2750 9103:411 JLINK_IsHalted()  returns FALSE (0001ms, 25615ms total)
T2750 9103:612 JLINK_IsHalted()  returns FALSE (0001ms, 25615ms total)
T2750 9103:813 JLINK_IsHalted()  returns FALSE (0001ms, 25615ms total)
T2750 9104:014 JLINK_IsHalted()  returns FALSE (0001ms, 25615ms total)
T2750 9104:215 JLINK_IsHalted()  returns FALSE (0001ms, 25615ms total)
T2750 9104:416 JLINK_IsHalted()  returns FALSE (0001ms, 25615ms total)
T2750 9104:617 JLINK_IsHalted()  returns FALSE (0001ms, 25615ms total)
T2750 9104:818 JLINK_IsHalted()  returns FALSE (0000ms, 25614ms total)
T2750 9105:051 JLINK_IsHalted()  returns FALSE (0001ms, 25615ms total)
T2750 9105:252 JLINK_IsHalted()  returns FALSE (0001ms, 25615ms total)
T2750 9105:453 JLINK_IsHalted()  returns FALSE (0001ms, 25615ms total)
T2750 9105:654 JLINK_IsHalted()  returns FALSE (0001ms, 25615ms total)
T2750 9105:855 JLINK_IsHalted()  returns FALSE (0001ms, 25615ms total)
T2750 9106:056 JLINK_IsHalted()  returns FALSE (0000ms, 25614ms total)
T2750 9106:256 JLINK_IsHalted()  returns FALSE (0001ms, 25615ms total)
T2750 9106:457 JLINK_IsHalted()  returns FALSE (0001ms, 25615ms total)
T2750 9106:659 JLINK_IsHalted()  returns FALSE (0001ms, 25615ms total)
T2750 9106:860 JLINK_IsHalted()  returns FALSE (0000ms, 25614ms total)
T2750 9107:060 JLINK_IsHalted()  returns FALSE (0000ms, 25614ms total)
T2750 9107:260 JLINK_IsHalted()  returns FALSE (0001ms, 25615ms total)
T2750 9107:461 JLINK_IsHalted()  returns FALSE (0001ms, 25615ms total)
T2750 9107:662 JLINK_IsHalted()  returns FALSE (0000ms, 25614ms total)
T2750 9107:862 JLINK_IsHalted()  returns FALSE (0001ms, 25615ms total)
T2750 9108:063 JLINK_IsHalted()  returns FALSE (0000ms, 25614ms total)
T2750 9108:263 JLINK_IsHalted()  returns FALSE (0000ms, 25614ms total)
T2750 9108:463 JLINK_IsHalted()  returns FALSE (0000ms, 25614ms total)
T2750 9108:663 JLINK_IsHalted()  returns FALSE (0000ms, 25614ms total)
T2750 9108:863 JLINK_IsHalted()  returns FALSE (0000ms, 25614ms total)
T2750 9109:063 JLINK_IsHalted()  returns FALSE (0001ms, 25615ms total)
T2750 9109:264 JLINK_IsHalted()  returns FALSE (0001ms, 25615ms total)
T2750 9109:465 JLINK_IsHalted()  returns FALSE (0000ms, 25614ms total)
T2750 9109:665 JLINK_IsHalted()  returns FALSE (0001ms, 25615ms total)
T2750 9109:866 JLINK_IsHalted()  returns FALSE (0001ms, 25615ms total)
T2750 9110:067 JLINK_IsHalted()  returns FALSE (0001ms, 25615ms total)
T2750 9110:268 JLINK_IsHalted()  returns FALSE (0001ms, 25615ms total)
T2750 9110:469 JLINK_IsHalted()  returns FALSE (0000ms, 25614ms total)
T2750 9110:669 JLINK_IsHalted()  returns FALSE (0001ms, 25615ms total)
T2750 9110:902 JLINK_IsHalted()  returns FALSE (0000ms, 25614ms total)
T2750 9111:102 JLINK_IsHalted()  returns FALSE (0000ms, 25614ms total)
T2750 9111:302 JLINK_IsHalted()  returns FALSE (0000ms, 25614ms total)
T2750 9111:502 JLINK_IsHalted()  returns FALSE (0001ms, 25615ms total)
T2750 9111:703 JLINK_IsHalted()  returns FALSE (0001ms, 25615ms total)
T2750 9111:904 JLINK_IsHalted()  returns FALSE (0000ms, 25614ms total)
T2750 9112:104 JLINK_IsHalted()  returns FALSE (0000ms, 25614ms total)
T2750 9112:304 JLINK_IsHalted()  returns FALSE (0001ms, 25615ms total)
T2750 9112:505 JLINK_IsHalted()  returns FALSE (0001ms, 25615ms total)
T2750 9112:706 JLINK_IsHalted()  returns FALSE (0001ms, 25615ms total)
T2750 9112:907 JLINK_IsHalted()  returns FALSE (0001ms, 25615ms total)
T2750 9113:108 JLINK_IsHalted()  returns FALSE (0000ms, 25614ms total)
T2750 9113:308 JLINK_IsHalted()  returns FALSE (0000ms, 25614ms total)
T2750 9113:509 JLINK_IsHalted()  returns FALSE (0001ms, 25615ms total)
T2750 9113:710 JLINK_IsHalted()  returns FALSE (0001ms, 25615ms total)
T2750 9113:911 JLINK_IsHalted()  returns FALSE (0000ms, 25614ms total)
T2750 9114:111 JLINK_IsHalted()  returns FALSE (0000ms, 25614ms total)
T2750 9114:311 JLINK_IsHalted()  returns FALSE (0000ms, 25614ms total)
T2750 9114:511 JLINK_IsHalted()  returns FALSE (0000ms, 25614ms total)
T2750 9114:711 JLINK_IsHalted()  returns FALSE (0000ms, 25614ms total)
T2750 9114:911 JLINK_IsHalted()  returns FALSE (0001ms, 25615ms total)
T2750 9115:112 JLINK_IsHalted()  returns FALSE (0001ms, 25615ms total)
T2750 9115:313 JLINK_IsHalted()  returns FALSE (0001ms, 25615ms total)
T2750 9115:514 JLINK_IsHalted()  returns FALSE (0001ms, 25615ms total)
T2750 9115:715 JLINK_IsHalted()  returns FALSE (0001ms, 25615ms total)
T2750 9115:916 JLINK_IsHalted()  returns FALSE (0001ms, 25615ms total)
T2750 9116:117 JLINK_IsHalted()  returns FALSE (0001ms, 25615ms total)
T2750 9116:318 JLINK_IsHalted()  returns FALSE (0001ms, 25615ms total)
T2750 9116:551 JLINK_IsHalted()  returns FALSE (0001ms, 25615ms total)
T2750 9116:752 JLINK_IsHalted()  returns FALSE (0001ms, 25615ms total)
T2750 9116:953 JLINK_IsHalted()  returns FALSE (0001ms, 25615ms total)
T2750 9117:154 JLINK_IsHalted()  returns FALSE (0000ms, 25614ms total)
T2750 9117:354 JLINK_IsHalted()  returns FALSE (0000ms, 25614ms total)
T2750 9117:554 JLINK_IsHalted()  returns FALSE (0000ms, 25614ms total)
T2750 9117:754 JLINK_IsHalted()  returns FALSE (0001ms, 25615ms total)
T2750 9117:955 JLINK_IsHalted()  returns FALSE (0001ms, 25615ms total)
T2750 9118:156 JLINK_IsHalted()  returns FALSE (0001ms, 25615ms total)
T2750 9118:357 JLINK_IsHalted()  returns FALSE (0001ms, 25615ms total)
T2750 9118:558 JLINK_IsHalted()  returns FALSE (0001ms, 25615ms total)
T2750 9118:759 JLINK_IsHalted()  returns FALSE (0001ms, 25615ms total)
T2750 9118:960 JLINK_IsHalted()  returns FALSE (0000ms, 25614ms total)
T2750 9119:160 JLINK_IsHalted()  returns FALSE (0001ms, 25615ms total)
T2750 9119:361 JLINK_IsHalted()  returns FALSE (0001ms, 25615ms total)
T2750 9119:562 JLINK_IsHalted()  returns FALSE (0001ms, 25615ms total)
T2750 9119:763 JLINK_IsHalted()  returns FALSE (0001ms, 25615ms total)
T2750 9119:964 JLINK_IsHalted()  returns FALSE (0001ms, 25615ms total)
T2750 9120:165 JLINK_IsHalted()  returns FALSE (0001ms, 25615ms total)
T2750 9120:366 JLINK_IsHalted()  returns FALSE (0001ms, 25615ms total)
T2750 9120:567 JLINK_IsHalted()  returns FALSE (0000ms, 25614ms total)
T2750 9120:768 JLINK_IsHalted()  returns FALSE (0001ms, 25615ms total)
T2750 9121:001 JLINK_IsHalted()  returns FALSE (0001ms, 25615ms total)
T2750 9121:202 JLINK_IsHalted()  returns FALSE (0000ms, 25614ms total)
T2750 9121:402 JLINK_IsHalted()  returns FALSE (0000ms, 25614ms total)
T2750 9121:602 JLINK_IsHalted()  returns FALSE (0000ms, 25614ms total)
T2750 9121:802 JLINK_IsHalted()  returns FALSE (0000ms, 25614ms total)
T2750 9122:002 JLINK_IsHalted()  returns FALSE (0001ms, 25615ms total)
T2750 9122:203 JLINK_IsHalted()  returns FALSE (0000ms, 25614ms total)
T2750 9122:404 JLINK_IsHalted()  returns FALSE (0001ms, 25615ms total)
T2750 9122:605 JLINK_IsHalted()  returns FALSE (0001ms, 25615ms total)
T2750 9122:806 JLINK_IsHalted()  returns FALSE (0000ms, 25614ms total)
T2750 9123:006 JLINK_IsHalted()  returns FALSE (0001ms, 25615ms total)
T2750 9123:207 JLINK_IsHalted()  returns FALSE (0001ms, 25615ms total)
T2750 9123:408 JLINK_IsHalted()  returns FALSE (0001ms, 25615ms total)
T2750 9123:609 JLINK_IsHalted()  returns FALSE (0001ms, 25615ms total)
T2750 9123:810 JLINK_IsHalted()  returns FALSE (0000ms, 25614ms total)
T2750 9124:011 JLINK_IsHalted()  returns FALSE (0001ms, 25615ms total)
T2750 9124:212 JLINK_IsHalted()  returns FALSE (0000ms, 25614ms total)
T2750 9124:412 JLINK_IsHalted()  returns FALSE (0000ms, 25614ms total)
T2750 9124:612 JLINK_IsHalted()  returns FALSE (0001ms, 25615ms total)
T2750 9124:813 JLINK_IsHalted()  returns FALSE (0001ms, 25615ms total)
T2750 9125:014 JLINK_IsHalted()  returns FALSE (0001ms, 25615ms total)
T2750 9125:215 JLINK_IsHalted()  returns FALSE (0001ms, 25615ms total)
T2750 9125:416 JLINK_IsHalted()  returns FALSE (0000ms, 25614ms total)
T2750 9125:616 JLINK_IsHalted()  returns FALSE (0000ms, 25614ms total)
T2750 9125:816 JLINK_IsHalted()  returns FALSE (0000ms, 25614ms total)
T2750 9126:016 JLINK_IsHalted()  returns FALSE (0000ms, 25614ms total)
T2750 9126:216 JLINK_IsHalted()  returns FALSE (0001ms, 25615ms total)
T2750 9126:417 JLINK_IsHalted()  returns FALSE (0000ms, 25614ms total)
T2750 9126:617 JLINK_IsHalted()  returns FALSE (0001ms, 25615ms total)
T2750 9126:818 JLINK_IsHalted()  returns FALSE (0000ms, 25614ms total)
T2750 9127:018 JLINK_IsHalted()  returns FALSE (0000ms, 25614ms total)
T2750 9127:218 JLINK_IsHalted()  returns FALSE (0001ms, 25615ms total)
T2750 9127:419 JLINK_IsHalted()  returns FALSE (0000ms, 25614ms total)
T2750 9127:619 JLINK_IsHalted()  returns FALSE (0000ms, 25614ms total)
T2750 9127:819 JLINK_IsHalted()  returns FALSE (0000ms, 25614ms total)
T2750 9128:019 JLINK_IsHalted()  returns FALSE (0000ms, 25614ms total)
T2750 9128:219 JLINK_IsHalted()  returns FALSE (0000ms, 25614ms total)
T2750 9128:419 JLINK_IsHalted()  returns FALSE (0001ms, 25615ms total)
T2750 9128:652 JLINK_IsHalted()  returns FALSE (0001ms, 25615ms total)
T2750 9128:853 JLINK_IsHalted()  returns FALSE (0001ms, 25615ms total)
T2750 9129:054 JLINK_IsHalted()  returns FALSE (0000ms, 25614ms total)
T2750 9129:254 JLINK_IsHalted()  returns FALSE (0000ms, 25614ms total)
T2750 9129:454 JLINK_IsHalted()  returns FALSE (0000ms, 25614ms total)
T2750 9129:654 JLINK_IsHalted()  returns FALSE (0000ms, 25614ms total)
T2750 9129:854 JLINK_IsHalted()  returns FALSE (0001ms, 25615ms total)
T2750 9130:055 JLINK_IsHalted()  returns FALSE (0001ms, 25615ms total)
T2750 9130:256 JLINK_IsHalted()  returns FALSE (0001ms, 25615ms total)
T2750 9130:457 JLINK_IsHalted()  returns FALSE (0001ms, 25615ms total)
T2750 9130:658 JLINK_IsHalted()  returns FALSE (0001ms, 25615ms total)
T2750 9130:859 JLINK_IsHalted()  returns FALSE (0001ms, 25615ms total)
T2750 9131:060 JLINK_IsHalted()  returns FALSE (0001ms, 25615ms total)
T2750 9131:261 JLINK_IsHalted()  returns FALSE (0001ms, 25615ms total)
T2750 9131:462 JLINK_IsHalted()  returns FALSE (0001ms, 25615ms total)
T2750 9131:663 JLINK_IsHalted()  returns FALSE (0001ms, 25615ms total)
T2750 9131:864 JLINK_IsHalted()  returns FALSE (0001ms, 25615ms total)
T2750 9132:065 JLINK_IsHalted()  returns FALSE (0001ms, 25615ms total)
T2750 9132:266 JLINK_IsHalted()  returns FALSE (0001ms, 25615ms total)
T2750 9132:467 JLINK_IsHalted()  returns FALSE (0001ms, 25615ms total)
T2750 9132:668 JLINK_IsHalted()  returns FALSE (0001ms, 25615ms total)
T2750 9132:869 JLINK_IsHalted()  returns FALSE (0000ms, 25614ms total)
T2750 9133:069 JLINK_IsHalted()  returns FALSE (0001ms, 25615ms total)
T2750 9133:302 JLINK_IsHalted()  returns FALSE (0001ms, 25615ms total)
T2750 9133:503 JLINK_IsHalted()  returns FALSE (0001ms, 25615ms total)
T2750 9133:704 JLINK_IsHalted()  returns FALSE (0000ms, 25614ms total)
T2750 9133:904 JLINK_IsHalted()  returns FALSE (0001ms, 25615ms total)
T2750 9134:105 JLINK_IsHalted()  returns FALSE (0000ms, 25614ms total)
T2750 9134:305 JLINK_IsHalted()  returns FALSE (0000ms, 25614ms total)
T2750 9134:505 JLINK_IsHalted()  returns FALSE (0001ms, 25615ms total)
T2750 9134:706 JLINK_IsHalted()  returns FALSE (0001ms, 25615ms total)
T2750 9134:907 JLINK_IsHalted()  returns FALSE (0001ms, 25615ms total)
T2750 9135:108 JLINK_IsHalted()  returns FALSE (0000ms, 25614ms total)
T2750 9135:309 JLINK_IsHalted()  returns FALSE (0000ms, 25614ms total)
T2750 9135:509 JLINK_IsHalted()  returns FALSE (0000ms, 25614ms total)
T2750 9135:709 JLINK_IsHalted()  returns FALSE (0001ms, 25615ms total)
T2750 9135:910 JLINK_IsHalted()  returns FALSE (0001ms, 25615ms total)
T2750 9136:111 JLINK_IsHalted()  returns FALSE (0001ms, 25615ms total)
T2750 9136:312 JLINK_IsHalted()  returns FALSE (0001ms, 25615ms total)
T2750 9136:513 JLINK_IsHalted()  returns FALSE (0001ms, 25615ms total)
T2750 9136:714 JLINK_IsHalted()  returns FALSE (0000ms, 25614ms total)
T2750 9136:914 JLINK_IsHalted()  returns FALSE (0000ms, 25614ms total)
T2750 9137:114 JLINK_IsHalted()  returns FALSE (0000ms, 25614ms total)
T2750 9137:314 JLINK_IsHalted()  returns FALSE (0000ms, 25614ms total)
T2750 9137:514 JLINK_IsHalted()  returns FALSE (0000ms, 25614ms total)
T2750 9137:714 JLINK_IsHalted()  returns FALSE (0000ms, 25614ms total)
T2750 9137:914 JLINK_IsHalted()  returns FALSE (0000ms, 25614ms total)
T2750 9138:114 JLINK_IsHalted()  returns FALSE (0000ms, 25614ms total)
T2750 9138:314 JLINK_IsHalted()  returns FALSE (0000ms, 25614ms total)
T2750 9138:514 JLINK_IsHalted()  returns FALSE (0001ms, 25615ms total)
T2750 9138:715 JLINK_IsHalted()  returns FALSE (0001ms, 25615ms total)
T2750 9138:916 JLINK_IsHalted()  returns FALSE (0001ms, 25615ms total)
T2750 9139:117 JLINK_IsHalted()  returns FALSE (0000ms, 25614ms total)
T2750 9139:317 JLINK_IsHalted()  returns FALSE (0001ms, 25615ms total)
T2750 9139:518 JLINK_IsHalted()  returns FALSE (0001ms, 25615ms total)
T2750 9139:751 JLINK_IsHalted()  returns FALSE (0001ms, 25615ms total)
T2750 9139:952 JLINK_IsHalted()  returns FALSE (0001ms, 25615ms total)
T2750 9140:153 JLINK_IsHalted()  returns FALSE (0001ms, 25615ms total)
T2750 9140:354 JLINK_IsHalted()  returns FALSE (0000ms, 25614ms total)
T2750 9140:554 JLINK_IsHalted()  returns FALSE (0001ms, 25615ms total)
T2750 9140:755 JLINK_IsHalted()  returns FALSE (0001ms, 25615ms total)
T2750 9140:956 JLINK_IsHalted()  returns FALSE (0001ms, 25615ms total)
T2750 9141:157 JLINK_IsHalted()  returns FALSE (0000ms, 25614ms total)
T2750 9141:357 JLINK_IsHalted()  returns FALSE (0000ms, 25614ms total)
T2750 9141:558 JLINK_IsHalted()  returns FALSE (0000ms, 25614ms total)
T2750 9141:758 JLINK_IsHalted()  returns FALSE (0000ms, 25614ms total)
T2750 9141:958 JLINK_IsHalted()  returns FALSE (0001ms, 25615ms total)
T2750 9142:159 JLINK_IsHalted()  returns FALSE (0000ms, 25614ms total)
T2750 9142:359 JLINK_IsHalted()  returns FALSE (0001ms, 25615ms total)
T2750 9142:560 JLINK_IsHalted()  returns FALSE (0001ms, 25615ms total)
T2750 9142:761 JLINK_IsHalted()  returns FALSE (0000ms, 25614ms total)
T2750 9142:961 JLINK_IsHalted()  returns FALSE (0000ms, 25614ms total)
T2750 9143:161 JLINK_IsHalted()  returns FALSE (0000ms, 25614ms total)
T2750 9143:361 JLINK_IsHalted()  returns FALSE (0000ms, 25614ms total)
T2750 9143:561 JLINK_IsHalted()  returns FALSE (0000ms, 25614ms total)
T2750 9143:762 JLINK_IsHalted()  returns FALSE (0001ms, 25615ms total)
T2750 9143:963 JLINK_IsHalted()  returns FALSE (0001ms, 25615ms total)
T2750 9144:164 JLINK_IsHalted()  returns FALSE (0001ms, 25615ms total)
T2750 9144:365 JLINK_IsHalted()  returns FALSE (0001ms, 25615ms total)
T2750 9144:566 JLINK_IsHalted()  returns FALSE (0000ms, 25614ms total)
T2750 9144:766 JLINK_IsHalted()  returns FALSE (0000ms, 25614ms total)
T2750 9144:966 JLINK_IsHalted()  returns FALSE (0000ms, 25614ms total)
T2750 9145:166 JLINK_IsHalted()  returns FALSE (0000ms, 25614ms total)
T2750 9145:366 JLINK_IsHalted()  returns FALSE (0000ms, 25614ms total)
T2750 9145:566 JLINK_IsHalted()  returns FALSE (0000ms, 25614ms total)
T2750 9145:766 JLINK_IsHalted()  returns FALSE (0001ms, 25615ms total)
T2750 9145:967 JLINK_IsHalted()  returns FALSE (0000ms, 25614ms total)
T2750 9146:167 JLINK_IsHalted()  returns FALSE (0001ms, 25615ms total)
T2750 9146:368 JLINK_IsHalted()  returns FALSE (0001ms, 25615ms total)
T2750 9146:569 JLINK_IsHalted()  returns FALSE (0001ms, 25615ms total)
T2750 9146:802 JLINK_IsHalted()  returns FALSE (0001ms, 25615ms total)
T2750 9147:003 JLINK_IsHalted()  returns FALSE (0001ms, 25615ms total)
T2750 9147:204 JLINK_IsHalted()  returns FALSE (0001ms, 25615ms total)
T2750 9147:405 JLINK_IsHalted()  returns FALSE (0001ms, 25615ms total)
T2750 9147:606 JLINK_IsHalted()  returns FALSE (0001ms, 25615ms total)
T2750 9147:807 JLINK_IsHalted()  returns FALSE (0001ms, 25615ms total)
T2750 9148:008 JLINK_IsHalted()  returns FALSE (0001ms, 25615ms total)
T2750 9148:209 JLINK_IsHalted()  returns FALSE (0000ms, 25614ms total)
T2750 9148:409 JLINK_IsHalted()  returns FALSE (0000ms, 25614ms total)
T2750 9148:609 JLINK_IsHalted()  returns FALSE (0000ms, 25614ms total)
T2750 9148:809 JLINK_IsHalted()  returns FALSE (0000ms, 25614ms total)
T2750 9149:009 JLINK_IsHalted()  returns FALSE (0000ms, 25614ms total)
T2750 9149:209 JLINK_IsHalted()  returns FALSE (0000ms, 25614ms total)
T2750 9149:409 JLINK_IsHalted()  returns FALSE (0001ms, 25615ms total)
T2750 9149:610 JLINK_IsHalted()  returns FALSE (0000ms, 25614ms total)
T2750 9149:810 JLINK_IsHalted()  returns FALSE (0001ms, 25615ms total)
T2750 9150:011 JLINK_IsHalted()  returns FALSE (0001ms, 25615ms total)
T2750 9150:212 JLINK_IsHalted()  returns FALSE (0001ms, 25615ms total)
T2750 9150:413 JLINK_IsHalted()  returns FALSE (0001ms, 25615ms total)
T2750 9150:614 JLINK_IsHalted()  returns FALSE (0001ms, 25615ms total)
T2750 9150:815 JLINK_IsHalted()  returns FALSE (0001ms, 25615ms total)
T2750 9151:016 JLINK_IsHalted()  returns FALSE (0001ms, 25615ms total)
T2750 9151:217 JLINK_IsHalted()  returns FALSE (0001ms, 25615ms total)
T2750 9151:418 JLINK_IsHalted()  returns FALSE (0001ms, 25615ms total)
T2750 9151:651 JLINK_IsHalted()  returns FALSE (0000ms, 25614ms total)
T2750 9151:851 JLINK_IsHalted()  returns FALSE (0000ms, 25614ms total)
T2750 9152:052 JLINK_IsHalted()  returns FALSE (0001ms, 25615ms total)
T2750 9152:253 JLINK_IsHalted()  returns FALSE (0001ms, 25615ms total)
T2750 9152:454 JLINK_IsHalted()  returns FALSE (0000ms, 25614ms total)
T2750 9152:654 JLINK_IsHalted()  returns FALSE (0000ms, 25614ms total)
T2750 9152:854 JLINK_IsHalted()  returns FALSE (0001ms, 25615ms total)
T2750 9153:055 JLINK_IsHalted()  returns FALSE (0000ms, 25614ms total)
T2750 9153:255 JLINK_IsHalted()  returns FALSE (0001ms, 25615ms total)
T2750 9153:456 JLINK_IsHalted()  returns FALSE (0000ms, 25614ms total)
T2750 9153:656 JLINK_IsHalted()  returns FALSE (0000ms, 25614ms total)
T2750 9153:856 JLINK_IsHalted()  returns FALSE (0000ms, 25614ms total)
T2750 9154:056 JLINK_IsHalted()  returns FALSE (0001ms, 25615ms total)
T2750 9154:257 JLINK_IsHalted()  returns FALSE (0001ms, 25615ms total)
T2750 9154:458 JLINK_IsHalted()  returns FALSE (0001ms, 25615ms total)
T2750 9154:659 JLINK_IsHalted()  returns FALSE (0001ms, 25615ms total)
T2750 9154:860 JLINK_IsHalted()  returns FALSE (0001ms, 25615ms total)
T2750 9155:061 JLINK_IsHalted()  returns FALSE (0001ms, 25615ms total)
T2750 9155:262 JLINK_IsHalted()  returns FALSE (0001ms, 25615ms total)
T2750 9155:463 JLINK_IsHalted()  returns FALSE (0001ms, 25615ms total)
T2750 9155:664 JLINK_IsHalted()  returns FALSE (0001ms, 25615ms total)
T2750 9155:865 JLINK_IsHalted()  returns FALSE (0001ms, 25615ms total)
T2750 9156:066 JLINK_IsHalted()  returns FALSE (0000ms, 25614ms total)
T2750 9156:266 JLINK_IsHalted()  returns FALSE (0000ms, 25614ms total)
T2750 9156:466 JLINK_IsHalted()  returns FALSE (0000ms, 25614ms total)
T2750 9156:666 JLINK_IsHalted()  returns FALSE (0000ms, 25614ms total)
T2750 9156:866 JLINK_IsHalted()  returns FALSE (0000ms, 25614ms total)
T2750 9157:066 JLINK_IsHalted()  returns FALSE (0000ms, 25614ms total)
T2750 9157:266 JLINK_IsHalted()  returns FALSE (0000ms, 25614ms total)
T2750 9157:466 JLINK_IsHalted()  returns FALSE (0001ms, 25615ms total)
T2750 9157:667 JLINK_IsHalted()  returns FALSE (0000ms, 25614ms total)
T2750 9157:868 JLINK_IsHalted()  returns FALSE (0001ms, 25615ms total)
T2750 9158:101 JLINK_IsHalted()  returns FALSE (0000ms, 25614ms total)
T2750 9158:301 JLINK_IsHalted()  returns FALSE (0001ms, 25615ms total)
T2750 9158:502 JLINK_IsHalted()  returns FALSE (0001ms, 25615ms total)
T2750 9158:703 JLINK_IsHalted()  returns FALSE (0001ms, 25615ms total)
T2750 9158:904 JLINK_IsHalted()  returns FALSE (0001ms, 25615ms total)
T2750 9159:106 JLINK_IsHalted()  returns FALSE (0000ms, 25614ms total)
T2750 9159:306 JLINK_IsHalted()  returns FALSE (0001ms, 25615ms total)
T2750 9159:507 JLINK_IsHalted()  returns FALSE (0000ms, 25614ms total)
T2750 9159:707 JLINK_IsHalted()  returns FALSE (0000ms, 25614ms total)
T2750 9159:907 JLINK_IsHalted()  returns FALSE (0001ms, 25615ms total)
T2750 9160:108 JLINK_IsHalted()  returns FALSE (0001ms, 25615ms total)
T2750 9160:309 JLINK_IsHalted()  returns FALSE (0001ms, 25615ms total)
T2750 9160:510 JLINK_IsHalted()  returns FALSE (0001ms, 25615ms total)
T2750 9160:711 JLINK_IsHalted()  returns FALSE (0000ms, 25614ms total)
T2750 9160:911 JLINK_IsHalted()  returns FALSE (0000ms, 25614ms total)
T2750 9161:111 JLINK_IsHalted()  returns FALSE (0000ms, 25614ms total)
T2750 9161:311 JLINK_IsHalted()  returns FALSE (0000ms, 25614ms total)
T2750 9161:511 JLINK_IsHalted()  returns FALSE (0001ms, 25615ms total)
T2750 9161:712 JLINK_IsHalted()  returns FALSE (0001ms, 25615ms total)
T2750 9161:913 JLINK_IsHalted()  returns FALSE (0001ms, 25615ms total)
T2750 9162:114 JLINK_IsHalted()  returns FALSE (0001ms, 25615ms total)
T2750 9162:315 JLINK_IsHalted()  returns FALSE (0001ms, 25615ms total)
T2750 9162:516 JLINK_IsHalted()  returns FALSE (0001ms, 25615ms total)
T2750 9162:717 JLINK_IsHalted()  returns FALSE (0001ms, 25615ms total)
T2750 9162:918 JLINK_IsHalted()  returns FALSE (0001ms, 25615ms total)
T2750 9163:119 JLINK_IsHalted()  returns FALSE (0001ms, 25615ms total)
T2750 9163:352 JLINK_IsHalted()  returns FALSE (0000ms, 25614ms total)
T2750 9163:552 JLINK_IsHalted()  returns FALSE (0001ms, 25615ms total)
T2750 9163:753 JLINK_IsHalted()  returns FALSE (0000ms, 25614ms total)
T2750 9163:953 JLINK_IsHalted()  returns FALSE (0001ms, 25615ms total)
T2750 9164:154 JLINK_IsHalted()  returns FALSE (0001ms, 25615ms total)
T2750 9164:355 JLINK_IsHalted()  returns FALSE (0001ms, 25615ms total)
T2750 9164:556 JLINK_IsHalted()  returns FALSE (0000ms, 25614ms total)
T2750 9164:756 JLINK_IsHalted()  returns FALSE (0001ms, 25615ms total)
T2750 9164:957 JLINK_IsHalted()  returns FALSE (0001ms, 25615ms total)
T2750 9165:158 JLINK_IsHalted()  returns FALSE (0000ms, 25614ms total)
T2750 9165:358 JLINK_IsHalted()  returns FALSE (0000ms, 25614ms total)
T2750 9165:558 JLINK_IsHalted()  returns FALSE (0001ms, 25615ms total)
T2750 9165:759 JLINK_IsHalted()  returns FALSE (0001ms, 25615ms total)
T2750 9165:960 JLINK_IsHalted()  returns FALSE (0001ms, 25615ms total)
T2750 9166:161 JLINK_IsHalted()  returns FALSE (0001ms, 25615ms total)
T2750 9166:362 JLINK_IsHalted()  returns FALSE (0001ms, 25615ms total)
T2750 9166:563 JLINK_IsHalted()  returns FALSE (0001ms, 25615ms total)
T2750 9166:764 JLINK_IsHalted()  returns FALSE (0001ms, 25615ms total)
T2750 9166:965 JLINK_IsHalted()  returns FALSE (0001ms, 25615ms total)
T2750 9167:166 JLINK_IsHalted()  returns FALSE (0001ms, 25615ms total)
T2750 9167:367 JLINK_IsHalted()  returns FALSE (0001ms, 25615ms total)
T2750 9167:568 JLINK_IsHalted()  returns FALSE (0000ms, 25614ms total)
T2750 9167:768 JLINK_IsHalted()  returns FALSE (0001ms, 25615ms total)
T2750 9167:969 JLINK_IsHalted()  returns FALSE (0000ms, 25614ms total)
T2750 9168:169 JLINK_IsHalted()  returns FALSE (0000ms, 25614ms total)
T2750 9168:369 JLINK_IsHalted()  returns FALSE (0001ms, 25615ms total)
T2750 9168:601 JLINK_IsHalted()  returns FALSE (0001ms, 25615ms total)
T2750 9168:802 JLINK_IsHalted()  returns FALSE (0001ms, 25615ms total)
T2750 9169:003 JLINK_IsHalted()  returns FALSE (0000ms, 25614ms total)
T2750 9169:203 JLINK_IsHalted()  returns FALSE (0000ms, 25614ms total)
T2750 9169:403 JLINK_IsHalted()  returns FALSE (0001ms, 25615ms total)
T2750 9169:604 JLINK_IsHalted()  returns FALSE (0001ms, 25615ms total)
T2750 9169:805 JLINK_IsHalted()  returns FALSE (0001ms, 25615ms total)
T2750 9170:006 JLINK_IsHalted()  returns FALSE (0001ms, 25615ms total)
T2750 9170:207 JLINK_IsHalted()  returns FALSE (0000ms, 25614ms total)
T2750 9170:407 JLINK_IsHalted()  returns FALSE (0000ms, 25614ms total)
T2750 9170:607 JLINK_IsHalted()  returns FALSE (0000ms, 25614ms total)
T2750 9170:807 JLINK_IsHalted()  returns FALSE (0000ms, 25614ms total)
T2750 9171:007 JLINK_IsHalted()  returns FALSE (0000ms, 25614ms total)
T2750 9171:207 JLINK_IsHalted()  returns FALSE (0001ms, 25615ms total)
T2750 9171:408 JLINK_IsHalted()  returns FALSE (0000ms, 25614ms total)
T2750 9171:608 JLINK_IsHalted()  returns FALSE (0001ms, 25615ms total)
T2750 9171:809 JLINK_IsHalted()  returns FALSE (0001ms, 25615ms total)
T2750 9172:010 JLINK_IsHalted()  returns FALSE (0001ms, 25615ms total)
T2750 9172:211 JLINK_IsHalted()  returns FALSE (0001ms, 25615ms total)
T2750 9172:412 JLINK_IsHalted()  returns FALSE (0000ms, 25614ms total)
T2750 9172:612 JLINK_IsHalted()  returns FALSE (0000ms, 25614ms total)
T2750 9172:812 JLINK_IsHalted()  returns FALSE (0000ms, 25614ms total)
T2750 9173:012 JLINK_IsHalted()  returns FALSE (0000ms, 25614ms total)
T2750 9173:212 JLINK_IsHalted()  returns FALSE (0001ms, 25615ms total)
T2750 9173:413 JLINK_IsHalted()  returns FALSE (0001ms, 25615ms total)
T2750 9173:614 JLINK_IsHalted()  returns FALSE (0001ms, 25615ms total)
T2750 9173:815 JLINK_IsHalted()  returns FALSE (0001ms, 25615ms total)
T2750 9174:016 JLINK_IsHalted()  returns FALSE (0001ms, 25615ms total)
T2750 9174:217 JLINK_IsHalted()  returns FALSE (0000ms, 25614ms total)
T2750 9174:417 JLINK_IsHalted()  returns FALSE (0001ms, 25615ms total)
T2750 9174:618 JLINK_IsHalted()  returns FALSE (0000ms, 25614ms total)
T2750 9174:818 JLINK_IsHalted()  returns FALSE (0001ms, 25615ms total)
T2750 9175:051 JLINK_IsHalted()  returns FALSE (0000ms, 25614ms total)
T2750 9175:251 JLINK_IsHalted()  returns FALSE (0000ms, 25614ms total)
T2750 9175:451 JLINK_IsHalted()  returns FALSE (0001ms, 25615ms total)
T2750 9175:652 JLINK_IsHalted()  returns FALSE (0001ms, 25615ms total)
T2750 9175:853 JLINK_IsHalted()  returns FALSE (0001ms, 25615ms total)
T2750 9176:054 JLINK_IsHalted()  returns FALSE (0001ms, 25615ms total)
T2750 9176:255 JLINK_IsHalted()  returns FALSE (0001ms, 25615ms total)
T2750 9176:457 JLINK_IsHalted()  returns FALSE (0001ms, 25615ms total)
T2750 9176:658 JLINK_IsHalted()  returns FALSE (0000ms, 25614ms total)
T2750 9176:858 JLINK_IsHalted()  returns FALSE (0000ms, 25614ms total)
T2750 9177:058 JLINK_IsHalted()  returns FALSE (0001ms, 25615ms total)
T2750 9177:259 JLINK_IsHalted()  returns FALSE (0001ms, 25615ms total)
T2750 9177:460 JLINK_IsHalted()  returns FALSE (0001ms, 25615ms total)
T2750 9177:661 JLINK_IsHalted()  returns FALSE (0001ms, 25615ms total)
T2750 9177:862 JLINK_IsHalted()  returns FALSE (0000ms, 25614ms total)
T2750 9178:062 JLINK_IsHalted()  returns FALSE (0001ms, 25615ms total)
T2750 9178:263 JLINK_IsHalted()  returns FALSE (0001ms, 25615ms total)
T2750 9178:464 JLINK_IsHalted()  returns FALSE (0001ms, 25615ms total)
T2750 9178:665 JLINK_IsHalted()  returns FALSE (0001ms, 25615ms total)
T2750 9178:866 JLINK_IsHalted()  returns FALSE (0001ms, 25615ms total)
T2750 9179:067 JLINK_IsHalted()  returns FALSE (0001ms, 25615ms total)
T2750 9179:268 JLINK_IsHalted()  returns FALSE (0001ms, 25615ms total)
T2750 9179:469 JLINK_IsHalted()  returns FALSE (0000ms, 25614ms total)
T2750 9179:669 JLINK_IsHalted()  returns FALSE (0001ms, 25615ms total)
T2750 9179:902 JLINK_IsHalted()  returns FALSE (0000ms, 25614ms total)
T2750 9180:102 JLINK_IsHalted()  returns FALSE (0001ms, 25615ms total)
T2750 9180:303 JLINK_IsHalted()  returns FALSE (0043ms, 25657ms total)
T2750 9180:552 JLINK_IsHalted()  returns FALSE (0001ms, 25615ms total)
T2750 9180:753 JLINK_IsHalted()  returns FALSE (0001ms, 25615ms total)
T2750 9180:954 JLINK_IsHalted()  returns FALSE (0001ms, 25615ms total)
T2750 9181:155 JLINK_IsHalted()  returns FALSE (0001ms, 25615ms total)
T2750 9181:356 JLINK_IsHalted()  returns FALSE (0001ms, 25615ms total)
T2750 9181:557 JLINK_IsHalted()  returns FALSE (0001ms, 25615ms total)
T2750 9181:758 JLINK_IsHalted()  returns FALSE (0001ms, 25615ms total)
T2750 9181:959 JLINK_IsHalted()  returns FALSE (0001ms, 25615ms total)
T2750 9182:160 JLINK_IsHalted()  returns FALSE (0001ms, 25615ms total)
T2750 9182:361 JLINK_IsHalted()  returns FALSE (0001ms, 25615ms total)
T2750 9182:562 JLINK_IsHalted()  returns FALSE (0001ms, 25615ms total)
T2750 9182:763 JLINK_IsHalted()  returns FALSE (0001ms, 25615ms total)
T2750 9182:964 JLINK_IsHalted()  returns FALSE (0001ms, 25615ms total)
T2750 9183:165 JLINK_IsHalted()  returns FALSE (0001ms, 25615ms total)
T2750 9183:366 JLINK_IsHalted()  returns FALSE (0001ms, 25615ms total)
T2750 9183:567 JLINK_IsHalted()  returns FALSE (0001ms, 25615ms total)
T2750 9183:768 JLINK_IsHalted()  returns FALSE (0000ms, 25614ms total)
T2750 9183:968 JLINK_IsHalted()  returns FALSE (0000ms, 25614ms total)
T2750 9184:168 JLINK_IsHalted()  returns FALSE (0000ms, 25614ms total)
T2750 9184:368 JLINK_IsHalted()  returns FALSE (0000ms, 25614ms total)
T2750 9184:568 JLINK_IsHalted()  returns FALSE (0000ms, 25614ms total)
T2750 9184:768 JLINK_IsHalted()  returns FALSE (0000ms, 25614ms total)
T2750 9184:968 JLINK_IsHalted()  returns FALSE (0001ms, 25615ms total)
T2750 9185:169 JLINK_IsHalted()  returns FALSE (0001ms, 25615ms total)
T2750 9185:402 JLINK_IsHalted()  returns FALSE (0001ms, 25615ms total)
T2750 9185:603 JLINK_IsHalted()  returns FALSE (0000ms, 25614ms total)
T2750 9185:803 JLINK_IsHalted()  returns FALSE (0001ms, 25615ms total)
T2750 9186:004 JLINK_IsHalted()  returns FALSE (0001ms, 25615ms total)
T2750 9186:205 JLINK_IsHalted()  returns FALSE (0000ms, 25614ms total)
T2750 9186:405 JLINK_IsHalted()  returns FALSE (0000ms, 25614ms total)
T2750 9186:605 JLINK_IsHalted()  returns FALSE (0000ms, 25614ms total)
T2750 9186:805 JLINK_IsHalted()  returns FALSE (0001ms, 25615ms total)
T2750 9187:006 JLINK_IsHalted()  returns FALSE (0001ms, 25615ms total)
T2750 9187:207 JLINK_IsHalted()  returns FALSE (0000ms, 25614ms total)
T2750 9187:407 JLINK_IsHalted()  returns FALSE (0000ms, 25614ms total)
T2750 9187:607 JLINK_IsHalted()  returns FALSE (0000ms, 25614ms total)
T2750 9187:807 JLINK_IsHalted()  returns FALSE (0001ms, 25615ms total)
T2750 9188:008 JLINK_IsHalted()  returns FALSE (0000ms, 25614ms total)
T2750 9188:208 JLINK_IsHalted()  returns FALSE (0000ms, 25614ms total)
T2750 9188:408 JLINK_IsHalted()  returns FALSE (0000ms, 25614ms total)
T2750 9188:608 JLINK_IsHalted()  returns FALSE (0000ms, 25614ms total)
T2750 9188:808 JLINK_IsHalted()  returns FALSE (0000ms, 25614ms total)
T2750 9189:008 JLINK_IsHalted()  returns FALSE (0001ms, 25615ms total)
T2750 9189:209 JLINK_IsHalted()  returns FALSE (0001ms, 25615ms total)
T2750 9189:410 JLINK_IsHalted()  returns FALSE (0001ms, 25615ms total)
T2750 9189:611 JLINK_IsHalted()  returns FALSE (0000ms, 25614ms total)
T2750 9189:811 JLINK_IsHalted()  returns FALSE (0001ms, 25615ms total)
T2750 9190:012 JLINK_IsHalted()  returns FALSE (0001ms, 25615ms total)
T2750 9190:213 JLINK_IsHalted()  returns FALSE (0000ms, 25614ms total)
T2750 9190:413 JLINK_IsHalted()  returns FALSE (0000ms, 25614ms total)
T2750 9190:613 JLINK_IsHalted()  returns FALSE (0000ms, 25614ms total)
T2750 9190:813 JLINK_IsHalted()  returns FALSE (0001ms, 25615ms total)
T2750 9191:014 JLINK_IsHalted()  returns FALSE (0001ms, 25615ms total)
T2750 9191:215 JLINK_IsHalted()  returns FALSE (0001ms, 25615ms total)
T2750 9191:416 JLINK_IsHalted()  returns FALSE (0000ms, 25614ms total)
T2750 9191:616 JLINK_IsHalted()  returns FALSE (0001ms, 25615ms total)
T2750 9191:817 JLINK_IsHalted()  returns FALSE (0000ms, 25614ms total)
T2750 9192:017 JLINK_IsHalted()  returns FALSE (0000ms, 25614ms total)
T2750 9192:217 JLINK_IsHalted()  returns FALSE (0001ms, 25615ms total)
T2750 9192:418 JLINK_IsHalted()  returns FALSE (0001ms, 25615ms total)
T2750 9192:651 JLINK_IsHalted()  returns FALSE (0001ms, 25615ms total)
T2750 9192:852 JLINK_IsHalted()  returns FALSE (0001ms, 25615ms total)
T2750 9193:053 JLINK_IsHalted()  returns FALSE (0001ms, 25615ms total)
T2750 9193:254 JLINK_IsHalted()  returns FALSE (0001ms, 25615ms total)
T2750 9193:455 JLINK_IsHalted()  returns FALSE (0001ms, 25615ms total)
T2750 9193:656 JLINK_IsHalted()  returns FALSE (0001ms, 25615ms total)
T2750 9193:857 JLINK_IsHalted()  returns FALSE (0001ms, 25615ms total)
T2750 9194:059 JLINK_IsHalted()  returns FALSE (0001ms, 25615ms total)
T2750 9194:260 JLINK_IsHalted()  returns FALSE (0001ms, 25615ms total)
T2750 9194:461 JLINK_IsHalted()  returns FALSE (0000ms, 25614ms total)
T2750 9194:661 JLINK_IsHalted()  returns FALSE (0001ms, 25615ms total)
T2750 9194:862 JLINK_IsHalted()  returns FALSE (0001ms, 25615ms total)
T2750 9195:063 JLINK_IsHalted()  returns FALSE (0000ms, 25614ms total)
T2750 9195:263 JLINK_IsHalted()  returns FALSE (0000ms, 25614ms total)
T2750 9195:463 JLINK_IsHalted()  returns FALSE (0000ms, 25614ms total)
T2750 9195:663 JLINK_IsHalted()  returns FALSE (0000ms, 25614ms total)
T2750 9195:863 JLINK_IsHalted()  returns FALSE (0000ms, 25614ms total)
T2750 9196:063 JLINK_IsHalted()  returns FALSE (0000ms, 25614ms total)
T2750 9196:263 JLINK_IsHalted()  returns FALSE (0001ms, 25615ms total)
T2750 9196:464 JLINK_IsHalted()  returns FALSE (0001ms, 25615ms total)
T2750 9196:665 JLINK_IsHalted()  returns FALSE (0001ms, 25615ms total)
T2750 9196:866 JLINK_IsHalted()  returns FALSE (0001ms, 25615ms total)
T2750 9197:067 JLINK_IsHalted()  returns FALSE (0001ms, 25615ms total)
T2750 9197:268 JLINK_IsHalted()  returns FALSE (0000ms, 25614ms total)
T2750 9197:468 JLINK_IsHalted()  returns FALSE (0001ms, 25615ms total)
T2750 9197:669 JLINK_IsHalted()  returns FALSE (0001ms, 25615ms total)
T2750 9197:902 JLINK_IsHalted()  returns FALSE (0001ms, 25615ms total)
T2750 9198:103 JLINK_IsHalted()  returns FALSE (0001ms, 25615ms total)
T2750 9198:304 JLINK_IsHalted()  returns FALSE (0001ms, 25615ms total)
T2750 9198:505 JLINK_IsHalted()  returns FALSE (0001ms, 25615ms total)
T2750 9198:706 JLINK_IsHalted()  returns FALSE (0000ms, 25614ms total)
T2750 9198:906 JLINK_IsHalted()  returns FALSE (0000ms, 25614ms total)
T2750 9199:106 JLINK_IsHalted()  returns FALSE (0000ms, 25614ms total)
T2750 9199:306 JLINK_IsHalted()  returns FALSE (0001ms, 25615ms total)
T2750 9199:507 JLINK_IsHalted()  returns FALSE (0001ms, 25615ms total)
T2750 9199:708 JLINK_IsHalted()  returns FALSE (0001ms, 25615ms total)
T2750 9199:909 JLINK_IsHalted()  returns FALSE (0001ms, 25615ms total)
T2750 9200:110 JLINK_IsHalted()  returns FALSE (0003ms, 25617ms total)
T2750 9200:313 JLINK_IsHalted()  returns FALSE (0001ms, 25615ms total)
T2750 9200:514 JLINK_IsHalted()  returns FALSE (0001ms, 25615ms total)
T2750 9200:715 JLINK_IsHalted()  returns FALSE (0001ms, 25615ms total)
T2750 9200:916 JLINK_IsHalted()  returns FALSE (0001ms, 25615ms total)
T2750 9201:117 JLINK_IsHalted()  returns FALSE (0001ms, 25615ms total)
T2750 9201:318 JLINK_IsHalted()  returns FALSE (0001ms, 25615ms total)
T2750 9201:519 JLINK_IsHalted()  returns FALSE (0001ms, 25615ms total)
T2750 9201:752 JLINK_IsHalted()  returns FALSE (0001ms, 25615ms total)
T2750 9201:953 JLINK_IsHalted()  returns FALSE (0001ms, 25615ms total)
T2750 9202:154 JLINK_IsHalted()  returns FALSE (0000ms, 25614ms total)
T2750 9202:354 JLINK_IsHalted()  returns FALSE (0000ms, 25614ms total)
T2750 9202:554 JLINK_IsHalted()  returns FALSE (0000ms, 25614ms total)
T2750 9202:754 JLINK_IsHalted()  returns FALSE (0001ms, 25615ms total)
T2750 9202:955 JLINK_IsHalted()  returns FALSE (0001ms, 25615ms total)
T2750 9203:156 JLINK_IsHalted()  returns FALSE (0000ms, 25614ms total)
T2750 9203:356 JLINK_IsHalted()  returns FALSE (0000ms, 25614ms total)
T2750 9203:556 JLINK_IsHalted()  returns FALSE (0001ms, 25615ms total)
T2750 9203:757 JLINK_IsHalted()  returns FALSE (0000ms, 25614ms total)
T2750 9203:957 JLINK_IsHalted()  returns FALSE (0001ms, 25615ms total)
T2750 9204:158 JLINK_IsHalted()  returns FALSE (0001ms, 25615ms total)
T2750 9204:359 JLINK_IsHalted()  returns FALSE (0000ms, 25614ms total)
T2750 9204:559 JLINK_IsHalted()  returns FALSE (0001ms, 25615ms total)
T2750 9204:760 JLINK_IsHalted()  returns FALSE (0001ms, 25615ms total)
T2750 9204:961 JLINK_IsHalted()  returns FALSE (0001ms, 25615ms total)
T2750 9205:162 JLINK_IsHalted()  returns FALSE (0001ms, 25615ms total)
T2750 9205:363 JLINK_IsHalted()  returns FALSE (0000ms, 25614ms total)
T2750 9205:563 JLINK_IsHalted()  returns FALSE (0001ms, 25615ms total)
T2750 9205:764 JLINK_IsHalted()  returns FALSE (0000ms, 25614ms total)
T2750 9205:964 JLINK_IsHalted()  returns FALSE (0000ms, 25614ms total)
T2750 9206:164 JLINK_IsHalted()  returns FALSE (0001ms, 25615ms total)
T2750 9206:365 JLINK_IsHalted()  returns FALSE (0001ms, 25615ms total)
T2750 9206:566 JLINK_IsHalted()  returns FALSE (0001ms, 25615ms total)
T2750 9206:767 JLINK_IsHalted()  returns FALSE (0001ms, 25615ms total)
T2750 9206:968 JLINK_IsHalted()  returns FALSE (0001ms, 25615ms total)
T2750 9207:201 JLINK_IsHalted()  returns FALSE (0000ms, 25614ms total)
T2750 9207:401 JLINK_IsHalted()  returns FALSE (0000ms, 25614ms total)
T2750 9207:601 JLINK_IsHalted()  returns FALSE (0000ms, 25614ms total)
T2750 9207:801 JLINK_IsHalted()  returns FALSE (0000ms, 25614ms total)
T2750 9208:001 JLINK_IsHalted()  returns FALSE (0001ms, 25615ms total)
T2750 9208:202 JLINK_IsHalted()  returns FALSE (0001ms, 25615ms total)
T2750 9208:403 JLINK_IsHalted()  returns FALSE (0001ms, 25615ms total)
T2750 9208:604 JLINK_IsHalted()  returns FALSE (0001ms, 25615ms total)
T2750 9208:805 JLINK_IsHalted()  returns FALSE (0001ms, 25615ms total)
T2750 9209:006 JLINK_IsHalted()  returns FALSE (0001ms, 25615ms total)
T2750 9209:207 JLINK_IsHalted()  returns FALSE (0001ms, 25615ms total)
T2750 9209:408 JLINK_IsHalted()  returns FALSE (0001ms, 25615ms total)
T2750 9209:609 JLINK_IsHalted()  returns FALSE (0001ms, 25615ms total)
T2750 9209:810 JLINK_IsHalted()  returns FALSE (0001ms, 25615ms total)
T2750 9210:011 JLINK_IsHalted()  returns FALSE (0001ms, 25615ms total)
T2750 9210:212 JLINK_IsHalted()  returns FALSE (0001ms, 25615ms total)
T2750 9210:413 JLINK_IsHalted()  returns FALSE (0001ms, 25615ms total)
T2750 9210:614 JLINK_IsHalted()  returns FALSE (0000ms, 25614ms total)
T2750 9210:814 JLINK_IsHalted()  returns FALSE (0000ms, 25614ms total)
T2750 9211:014 JLINK_IsHalted()  returns FALSE (0000ms, 25614ms total)
T2750 9211:214 JLINK_IsHalted()  returns FALSE (0000ms, 25614ms total)
T2750 9211:415 JLINK_IsHalted()  returns FALSE (0000ms, 25614ms total)
T2750 9211:615 JLINK_IsHalted()  returns FALSE (0000ms, 25614ms total)
T2750 9211:815 JLINK_IsHalted()  returns FALSE (0000ms, 25614ms total)
T2750 9212:015 JLINK_IsHalted()  returns FALSE (0000ms, 25614ms total)
T2750 9212:215 JLINK_IsHalted()  returns FALSE (0001ms, 25615ms total)
T2750 9212:416 JLINK_IsHalted()  returns FALSE (0001ms, 25615ms total)
T2750 9212:617 JLINK_IsHalted()  returns FALSE (0000ms, 25614ms total)
T2750 9212:817 JLINK_IsHalted()  returns FALSE (0001ms, 25615ms total)
T2750 9213:018 JLINK_IsHalted()  returns FALSE (0001ms, 25615ms total)
T2750 9213:219 JLINK_IsHalted()  returns FALSE (0001ms, 25615ms total)
T2750 9213:452 JLINK_IsHalted()  returns FALSE (0001ms, 25615ms total)
T2750 9213:653 JLINK_IsHalted()  returns FALSE (0001ms, 25615ms total)
T2750 9213:854 JLINK_IsHalted()  returns FALSE (0001ms, 25615ms total)
T2750 9214:055 JLINK_IsHalted()  returns FALSE (0000ms, 25614ms total)
T2750 9214:255 JLINK_IsHalted()  returns FALSE (0001ms, 25615ms total)
T2750 9214:456 JLINK_IsHalted()  returns FALSE (0000ms, 25614ms total)
T2750 9214:656 JLINK_IsHalted()  returns FALSE (0000ms, 25614ms total)
T2750 9214:856 JLINK_IsHalted()  returns FALSE (0000ms, 25614ms total)
T2750 9215:056 JLINK_IsHalted()  returns FALSE (0000ms, 25614ms total)
T2750 9215:256 JLINK_IsHalted()  returns FALSE (0000ms, 25614ms total)
T2750 9215:456 JLINK_IsHalted()  returns FALSE (0000ms, 25614ms total)
T2750 9215:656 JLINK_IsHalted()  returns FALSE (0000ms, 25614ms total)
T2750 9215:856 JLINK_IsHalted()  returns FALSE (0001ms, 25615ms total)
T2750 9216:057 JLINK_IsHalted()  returns FALSE (0001ms, 25615ms total)
T2750 9216:258 JLINK_IsHalted()  returns FALSE (0001ms, 25615ms total)
T2750 9216:459 JLINK_IsHalted()  returns FALSE (0001ms, 25615ms total)
T2750 9216:660 JLINK_IsHalted()  returns FALSE (0001ms, 25615ms total)
T2750 9216:861 JLINK_IsHalted()  returns FALSE (0000ms, 25614ms total)
T2750 9217:061 JLINK_IsHalted()  returns FALSE (0001ms, 25615ms total)
T2750 9217:262 JLINK_IsHalted()  returns FALSE (0001ms, 25615ms total)
T2750 9217:463 JLINK_IsHalted()  returns FALSE (0000ms, 25614ms total)
T2750 9217:663 JLINK_IsHalted()  returns FALSE (0000ms, 25614ms total)
T2750 9217:863 JLINK_IsHalted()  returns FALSE (0000ms, 25614ms total)
T2750 9218:063 JLINK_IsHalted()  returns FALSE (0001ms, 25615ms total)
T2750 9218:264 JLINK_IsHalted()  returns FALSE (0001ms, 25615ms total)
T2750 9218:465 JLINK_IsHalted()  returns FALSE (0001ms, 25615ms total)
T2750 9218:666 JLINK_IsHalted()  returns FALSE (0001ms, 25615ms total)
T2750 9218:867 JLINK_IsHalted()  returns FALSE (0000ms, 25614ms total)
T2750 9219:067 JLINK_IsHalted()  returns FALSE (0000ms, 25614ms total)
T2750 9219:267 JLINK_IsHalted()  returns FALSE (0000ms, 25614ms total)
T2750 9219:467 JLINK_IsHalted()  returns FALSE (0001ms, 25615ms total)
T2750 9219:668 JLINK_IsHalted()  returns FALSE (0000ms, 25614ms total)
T2750 9219:868 JLINK_IsHalted()  returns FALSE (0001ms, 25615ms total)
T2750 9220:069 JLINK_IsHalted()  returns FALSE (0001ms, 25615ms total)
T2750 9220:302 JLINK_IsHalted()  returns FALSE (0001ms, 25615ms total)
T2750 9220:503 JLINK_IsHalted()  returns FALSE (0000ms, 25614ms total)
T2750 9220:703 JLINK_IsHalted()  returns FALSE (0000ms, 25614ms total)
T2750 9220:903 JLINK_IsHalted()  returns FALSE (0000ms, 25614ms total)
T2750 9221:103 JLINK_IsHalted()  returns FALSE (0000ms, 25614ms total)
T2750 9221:303 JLINK_IsHalted()  returns FALSE (0000ms, 25614ms total)
T2750 9221:503 JLINK_IsHalted()  returns FALSE (0000ms, 25614ms total)
T2750 9221:703 JLINK_IsHalted()  returns FALSE (0000ms, 25614ms total)
T2750 9221:903 JLINK_IsHalted()  returns FALSE (0000ms, 25614ms total)
T2750 9222:104 JLINK_IsHalted()  returns FALSE (0001ms, 25615ms total)
T2750 9222:305 JLINK_IsHalted()  returns FALSE (0033ms, 25647ms total)
T2750 9222:551 JLINK_IsHalted()  returns FALSE (0000ms, 25614ms total)
T2750 9222:751 JLINK_IsHalted()  returns FALSE (0000ms, 25614ms total)
T2750 9222:951 JLINK_IsHalted()  returns FALSE (0000ms, 25614ms total)
T2750 9223:151 JLINK_IsHalted()  returns FALSE (0000ms, 25614ms total)
T2750 9223:351 JLINK_IsHalted()  returns FALSE (0001ms, 25615ms total)
T2750 9223:552 JLINK_IsHalted()  returns FALSE (0001ms, 25615ms total)
T2750 9223:753 JLINK_IsHalted()  returns FALSE (0001ms, 25615ms total)
T2750 9223:954 JLINK_IsHalted()  returns FALSE (0001ms, 25615ms total)
T2750 9224:155 JLINK_IsHalted()  returns FALSE (0001ms, 25615ms total)
T2750 9224:356 JLINK_IsHalted()  returns FALSE (0001ms, 25615ms total)
T2750 9224:557 JLINK_IsHalted()  returns FALSE (0000ms, 25614ms total)
T2750 9224:757 JLINK_IsHalted()  returns FALSE (0001ms, 25615ms total)
T2750 9224:958 JLINK_IsHalted()  returns FALSE (0001ms, 25615ms total)
T2750 9225:159 JLINK_IsHalted()  returns FALSE (0001ms, 25615ms total)
T2750 9225:360 JLINK_IsHalted()  returns FALSE (0001ms, 25615ms total)
T2750 9225:561 JLINK_IsHalted()  returns FALSE (0001ms, 25615ms total)
T2750 9225:762 JLINK_IsHalted()  returns FALSE (0001ms, 25615ms total)
T2750 9225:963 JLINK_IsHalted()  returns FALSE (0001ms, 25615ms total)
T2750 9226:164 JLINK_IsHalted()  returns FALSE (0001ms, 25615ms total)
T2750 9226:365 JLINK_IsHalted()  returns FALSE (0001ms, 25615ms total)
T2750 9226:566 JLINK_IsHalted()  returns FALSE (0000ms, 25614ms total)
T2750 9226:766 JLINK_IsHalted()  returns FALSE (0000ms, 25614ms total)
T2750 9226:966 JLINK_IsHalted()  returns FALSE (0000ms, 25614ms total)
T2750 9227:166 JLINK_IsHalted()  returns FALSE (0000ms, 25614ms total)
T2750 9227:366 JLINK_IsHalted()  returns FALSE (0000ms, 25614ms total)
T2750 9227:566 JLINK_IsHalted()  returns FALSE (0001ms, 25615ms total)
T2750 9227:767 JLINK_IsHalted()  returns FALSE (0001ms, 25615ms total)
T2750 9227:968 JLINK_IsHalted()  returns FALSE (0001ms, 25615ms total)
T2750 9228:201 JLINK_IsHalted()  returns FALSE (0001ms, 25615ms total)
T2750 9228:402 JLINK_IsHalted()  returns FALSE (0001ms, 25615ms total)
T2750 9228:603 JLINK_IsHalted()  returns FALSE (0001ms, 25615ms total)
T2750 9228:804 JLINK_IsHalted()  returns FALSE (0001ms, 25615ms total)
T2750 9229:006 JLINK_IsHalted()  returns FALSE (0001ms, 25615ms total)
T2750 9229:207 JLINK_IsHalted()  returns FALSE (0001ms, 25615ms total)
T2750 9229:408 JLINK_IsHalted()  returns FALSE (0000ms, 25614ms total)
T2750 9229:608 JLINK_IsHalted()  returns FALSE (0001ms, 25615ms total)
T2750 9229:809 JLINK_IsHalted()  returns FALSE (0001ms, 25615ms total)
T2750 9230:010 JLINK_IsHalted()  returns FALSE (0001ms, 25615ms total)
T2750 9230:211 JLINK_IsHalted()  returns FALSE (0001ms, 25615ms total)
T2750 9230:412 JLINK_IsHalted()  returns FALSE (0000ms, 25614ms total)
T2750 9230:612 JLINK_IsHalted()  returns FALSE (0000ms, 25614ms total)
T2750 9230:812 JLINK_IsHalted()  returns FALSE (0000ms, 25614ms total)
T2750 9231:012 JLINK_IsHalted()  returns FALSE (0000ms, 25614ms total)
T2750 9231:212 JLINK_IsHalted()  returns FALSE (0000ms, 25614ms total)
T2750 9231:412 JLINK_IsHalted()  returns FALSE (0000ms, 25614ms total)
T2750 9231:612 JLINK_IsHalted()  returns FALSE (0001ms, 25615ms total)
T2750 9231:813 JLINK_IsHalted()  returns FALSE (0001ms, 25615ms total)
T2750 9232:014 JLINK_IsHalted()  returns FALSE (0001ms, 25615ms total)
T2750 9232:215 JLINK_IsHalted()  returns FALSE (0001ms, 25615ms total)
T2750 9232:416 JLINK_IsHalted()  returns FALSE (0000ms, 25614ms total)
T2750 9232:616 JLINK_IsHalted()  returns FALSE (0000ms, 25614ms total)
T2750 9232:816 JLINK_IsHalted()  returns FALSE (0001ms, 25615ms total)
T2750 9233:017 JLINK_IsHalted()  returns FALSE (0000ms, 25614ms total)
T2750 9233:217 JLINK_IsHalted()  returns FALSE (0000ms, 25614ms total)
T2750 9233:417 JLINK_IsHalted()  returns FALSE (0000ms, 25614ms total)
T2750 9233:617 JLINK_IsHalted()  returns FALSE (0001ms, 25615ms total)
T2750 9233:818 JLINK_IsHalted()  returns FALSE (0000ms, 25614ms total)
T2750 9234:018 JLINK_IsHalted()  returns FALSE (0001ms, 25615ms total)
T2750 9234:219 JLINK_IsHalted()  returns FALSE (0001ms, 25615ms total)
T2750 9234:452 JLINK_IsHalted()  returns FALSE (0000ms, 25614ms total)
T2750 9234:652 JLINK_IsHalted()  returns FALSE (0000ms, 25614ms total)
T2750 9234:852 JLINK_IsHalted()  returns FALSE (0001ms, 25615ms total)
T2750 9235:053 JLINK_IsHalted()  returns FALSE (0001ms, 25615ms total)
T2750 9235:254 JLINK_IsHalted()  returns FALSE (0000ms, 25614ms total)
T2750 9235:454 JLINK_IsHalted()  returns FALSE (0001ms, 25615ms total)
T2750 9235:655 JLINK_IsHalted()  returns FALSE (0001ms, 25615ms total)
T2750 9235:856 JLINK_IsHalted()  returns FALSE (0001ms, 25615ms total)
T2750 9236:057 JLINK_IsHalted()  returns FALSE (0000ms, 25614ms total)
T2750 9236:257 JLINK_IsHalted()  returns FALSE (0000ms, 25614ms total)
T2750 9236:457 JLINK_IsHalted()  returns FALSE (0000ms, 25614ms total)
T2750 9236:657 JLINK_IsHalted()  returns FALSE (0000ms, 25614ms total)
T2750 9236:857 JLINK_IsHalted()  returns FALSE (0000ms, 25614ms total)
T2750 9237:057 JLINK_IsHalted()  returns FALSE (0000ms, 25614ms total)
T2750 9237:257 JLINK_IsHalted()  returns FALSE (0001ms, 25615ms total)
T2750 9237:458 JLINK_IsHalted()  returns FALSE (0001ms, 25615ms total)
T2750 9237:659 JLINK_IsHalted()  returns FALSE (0001ms, 25615ms total)
T2750 9237:860 JLINK_IsHalted()  returns FALSE (0001ms, 25615ms total)
T2750 9238:061 JLINK_IsHalted()  returns FALSE (0001ms, 25615ms total)
T2750 9238:262 JLINK_IsHalted()  returns FALSE (0001ms, 25615ms total)
T2750 9238:463 JLINK_IsHalted()  returns FALSE (0001ms, 25615ms total)
T2750 9238:664 JLINK_IsHalted()  returns FALSE (0001ms, 25615ms total)
T2750 9238:865 JLINK_IsHalted()  returns FALSE (0001ms, 25615ms total)
T2750 9239:066 JLINK_IsHalted()  returns FALSE (0001ms, 25615ms total)
T2750 9239:267 JLINK_IsHalted()  returns FALSE (0000ms, 25614ms total)
T2750 9239:467 JLINK_IsHalted()  returns FALSE (0001ms, 25615ms total)
T2750 9239:668 JLINK_IsHalted()  returns FALSE (0001ms, 25615ms total)
T2750 9239:901 JLINK_IsHalted()  returns FALSE (0001ms, 25615ms total)
T2750 9240:102 JLINK_IsHalted()  returns FALSE (0001ms, 25615ms total)
T2750 9240:303 JLINK_IsHalted()  returns FALSE (0001ms, 25615ms total)
T2750 9240:504 JLINK_IsHalted()  returns FALSE (0001ms, 25615ms total)
T2750 9240:705 JLINK_IsHalted()  returns FALSE (0001ms, 25615ms total)
T2750 9240:906 JLINK_IsHalted()  returns FALSE (0001ms, 25615ms total)
T2750 9241:107 JLINK_IsHalted()  returns FALSE (0001ms, 25615ms total)
T2750 9241:308 JLINK_IsHalted()  returns FALSE (0001ms, 25615ms total)
T2750 9241:509 JLINK_IsHalted()  returns FALSE (0001ms, 25615ms total)
T2750 9241:710 JLINK_IsHalted()  returns FALSE (0001ms, 25615ms total)
T2750 9241:911 JLINK_IsHalted()  returns FALSE (0001ms, 25615ms total)
T2750 9242:112 JLINK_IsHalted()  returns FALSE (0001ms, 25615ms total)
T2750 9242:313 JLINK_IsHalted()  returns FALSE (0000ms, 25614ms total)
T2750 9242:513 JLINK_IsHalted()  returns FALSE (0000ms, 25614ms total)
T2750 9242:713 JLINK_IsHalted()  returns FALSE (0000ms, 25614ms total)
T2750 9242:913 JLINK_IsHalted()  returns FALSE (0000ms, 25614ms total)
T2750 9243:113 JLINK_IsHalted()  returns FALSE (0001ms, 25615ms total)
T2750 9243:314 JLINK_IsHalted()  returns FALSE (0001ms, 25615ms total)
T2750 9243:515 JLINK_IsHalted()  returns FALSE (0001ms, 25615ms total)
T2750 9243:716 JLINK_IsHalted()  returns FALSE (0001ms, 25615ms total)
T2750 9243:917 JLINK_IsHalted()  returns FALSE (0000ms, 25614ms total)
T2750 9244:117 JLINK_IsHalted()  returns FALSE (0000ms, 25614ms total)
T2750 9244:317 JLINK_IsHalted()  returns FALSE (0000ms, 25614ms total)
T2750 9244:517 JLINK_IsHalted()  returns FALSE (0000ms, 25614ms total)
T2750 9244:717 JLINK_IsHalted()  returns FALSE (0001ms, 25615ms total)
T2750 9244:918 JLINK_IsHalted()  returns FALSE (0001ms, 25615ms total)
T2750 9245:151 JLINK_IsHalted()  returns FALSE (0001ms, 25615ms total)
T2750 9245:352 JLINK_IsHalted()  returns FALSE (0001ms, 25615ms total)
T2750 9245:553 JLINK_IsHalted()  returns FALSE (0001ms, 25615ms total)
T2750 9245:754 JLINK_IsHalted()  returns FALSE (0001ms, 25615ms total)
T2750 9245:955 JLINK_IsHalted()  returns FALSE (0000ms, 25614ms total)
T2750 9246:155 JLINK_IsHalted()  returns FALSE (0000ms, 25614ms total)
T2750 9246:356 JLINK_IsHalted()  returns FALSE (0000ms, 25614ms total)
T2750 9246:556 JLINK_IsHalted()  returns FALSE (0001ms, 25615ms total)
T2750 9246:757 JLINK_IsHalted()  returns FALSE (0001ms, 25615ms total)
T2750 9246:958 JLINK_IsHalted()  returns FALSE (0000ms, 25614ms total)
T2750 9247:158 JLINK_IsHalted()  returns FALSE (0001ms, 25615ms total)
T2750 9247:359 JLINK_IsHalted()  returns FALSE (0001ms, 25615ms total)
T2750 9247:560 JLINK_IsHalted()  returns FALSE (0000ms, 25614ms total)
T2750 9247:760 JLINK_IsHalted()  returns FALSE (0001ms, 25615ms total)
T2750 9247:961 JLINK_IsHalted()  returns FALSE (0001ms, 25615ms total)
T2750 9248:162 JLINK_IsHalted()  returns FALSE (0000ms, 25614ms total)
T2750 9248:362 JLINK_IsHalted()  returns FALSE (0000ms, 25614ms total)
T2750 9248:562 JLINK_IsHalted()  returns FALSE (0000ms, 25614ms total)
T2750 9248:762 JLINK_IsHalted()  returns FALSE (0001ms, 25615ms total)
T2750 9248:963 JLINK_IsHalted()  returns FALSE (0000ms, 25614ms total)
T2750 9249:163 JLINK_IsHalted()  returns FALSE (0001ms, 25615ms total)
T2750 9249:364 JLINK_IsHalted()  returns FALSE (0001ms, 25615ms total)
T2750 9249:565 JLINK_IsHalted()  returns FALSE (0000ms, 25614ms total)
T2750 9249:765 JLINK_IsHalted()  returns FALSE (0000ms, 25614ms total)
T2750 9249:965 JLINK_IsHalted()  returns FALSE (0000ms, 25614ms total)
T2750 9250:165 JLINK_IsHalted()  returns FALSE (0000ms, 25614ms total)
T2750 9250:365 JLINK_IsHalted()  returns FALSE (0000ms, 25614ms total)
T2750 9250:565 JLINK_IsHalted()  returns FALSE (0000ms, 25614ms total)
T2750 9250:765 JLINK_IsHalted()  returns FALSE (0001ms, 25615ms total)
T2750 9250:966 JLINK_IsHalted()  returns FALSE (0000ms, 25614ms total)
T2750 9251:166 JLINK_IsHalted()  returns FALSE (0000ms, 25614ms total)
T2750 9251:366 JLINK_IsHalted()  returns FALSE (0000ms, 25614ms total)
T2750 9251:566 JLINK_IsHalted()  returns FALSE (0000ms, 25614ms total)
T2750 9251:766 JLINK_IsHalted()  returns FALSE (0000ms, 25614ms total)
T2750 9251:966 JLINK_IsHalted()  returns FALSE (0000ms, 25614ms total)
T2750 9252:166 JLINK_IsHalted()  returns FALSE (0001ms, 25615ms total)
T2750 9252:367 JLINK_IsHalted()  returns FALSE (0000ms, 25614ms total)
T2750 9252:567 JLINK_IsHalted()  returns FALSE (0001ms, 25615ms total)
T2750 9252:768 JLINK_IsHalted()  returns FALSE (0000ms, 25614ms total)
T2750 9252:969 JLINK_IsHalted()  returns FALSE (0002ms, 25616ms total)
T2750 9253:202 JLINK_IsHalted()  returns FALSE (0001ms, 25615ms total)
T2750 9253:403 JLINK_IsHalted()  returns FALSE (0001ms, 25615ms total)
T2750 9253:604 JLINK_IsHalted()  returns FALSE (0001ms, 25615ms total)
T2750 9253:805 JLINK_IsHalted()  returns FALSE (0000ms, 25614ms total)
T2750 9254:005 JLINK_IsHalted()  returns FALSE (0000ms, 25614ms total)
T2750 9254:205 JLINK_IsHalted()  returns FALSE (0000ms, 25614ms total)
T2750 9254:405 JLINK_IsHalted()  returns FALSE (0000ms, 25614ms total)
T2750 9254:605 JLINK_IsHalted()  returns FALSE (0001ms, 25615ms total)
T2750 9254:806 JLINK_IsHalted()  returns FALSE (0001ms, 25615ms total)
T2750 9255:007 JLINK_IsHalted()  returns FALSE (0001ms, 25615ms total)
T2750 9255:208 JLINK_IsHalted()  returns FALSE (0001ms, 25615ms total)
T2750 9255:409 JLINK_IsHalted()  returns FALSE (0001ms, 25615ms total)
T2750 9255:610 JLINK_IsHalted()  returns FALSE (0001ms, 25615ms total)
T2750 9255:811 JLINK_IsHalted()  returns FALSE (0001ms, 25615ms total)
T2750 9256:012 JLINK_IsHalted()  returns FALSE (0001ms, 25615ms total)
T2750 9256:213 JLINK_IsHalted()  returns FALSE (0001ms, 25615ms total)
T2750 9256:414 JLINK_IsHalted()  returns FALSE (0001ms, 25615ms total)
T2750 9256:615 JLINK_IsHalted()  returns FALSE (0000ms, 25614ms total)
T2750 9256:815 JLINK_IsHalted()  returns FALSE (0000ms, 25614ms total)
T2750 9257:015 JLINK_IsHalted()  returns FALSE (0000ms, 25614ms total)
T2750 9257:215 JLINK_IsHalted()  returns FALSE (0001ms, 25615ms total)
T2750 9257:416 JLINK_IsHalted()  returns FALSE (0000ms, 25614ms total)
T2750 9257:616 JLINK_IsHalted()  returns FALSE (0000ms, 25614ms total)
T2750 9257:816 JLINK_IsHalted()  returns FALSE (0001ms, 25615ms total)
T2750 9258:017 JLINK_IsHalted()  returns FALSE (0001ms, 25615ms total)
T2750 9258:218 JLINK_IsHalted()  returns FALSE (0001ms, 25615ms total)
T2750 9258:451 JLINK_IsHalted()  returns FALSE (0001ms, 25615ms total)
T2750 9258:652 JLINK_IsHalted()  returns FALSE (0001ms, 25615ms total)
T2750 9258:853 JLINK_IsHalted()  returns FALSE (0000ms, 25614ms total)
T2750 9259:053 JLINK_IsHalted()  returns FALSE (0001ms, 25615ms total)
T2750 9259:254 JLINK_IsHalted()  returns FALSE (0001ms, 25615ms total)
T2750 9259:455 JLINK_IsHalted()  returns FALSE (0001ms, 25615ms total)
T2750 9259:656 JLINK_IsHalted()  returns FALSE (0001ms, 25615ms total)
T2750 9259:857 JLINK_IsHalted()  returns FALSE (0001ms, 25615ms total)
T2750 9260:058 JLINK_IsHalted()  returns FALSE (0001ms, 25615ms total)
T2750 9260:259 JLINK_IsHalted()  returns FALSE (0001ms, 25615ms total)
T2750 9260:460 JLINK_IsHalted()  returns FALSE (0001ms, 25615ms total)
T2750 9260:661 JLINK_IsHalted()  returns FALSE (0000ms, 25614ms total)
T2750 9260:862 JLINK_IsHalted()  returns FALSE (0001ms, 25615ms total)
T2750 9261:063 JLINK_IsHalted()  returns FALSE (0001ms, 25615ms total)
T2750 9261:264 JLINK_IsHalted()  returns FALSE (0001ms, 25615ms total)
T2750 9261:465 JLINK_IsHalted()  returns FALSE (0000ms, 25614ms total)
T2750 9261:665 JLINK_IsHalted()  returns FALSE (0000ms, 25614ms total)
T2750 9261:865 JLINK_IsHalted()  returns FALSE (0001ms, 25615ms total)
T2750 9262:066 JLINK_IsHalted()  returns FALSE (0000ms, 25614ms total)
T2750 9262:266 JLINK_IsHalted()  returns FALSE (0000ms, 25614ms total)
T2750 9262:466 JLINK_IsHalted()  returns FALSE (0001ms, 25615ms total)
T2750 9262:667 JLINK_IsHalted()  returns FALSE (0001ms, 25615ms total)
T2750 9262:868 JLINK_IsHalted()  returns FALSE (0000ms, 25614ms total)
T2750 9263:068 JLINK_IsHalted()  returns FALSE (0001ms, 25615ms total)
T2750 9263:301 JLINK_IsHalted()  returns FALSE (0000ms, 25614ms total)
T2750 9263:501 JLINK_IsHalted()  returns FALSE (0001ms, 25615ms total)
T2750 9263:702 JLINK_IsHalted()  returns FALSE (0000ms, 25614ms total)
T2750 9263:903 JLINK_IsHalted()  returns FALSE (0000ms, 25614ms total)
T2750 9264:103 JLINK_IsHalted()  returns FALSE (0001ms, 25615ms total)
T2750 9264:304 JLINK_IsHalted()  returns FALSE (0000ms, 25614ms total)
T2750 9264:504 JLINK_IsHalted()  returns FALSE (0001ms, 25615ms total)
T2750 9264:705 JLINK_IsHalted()  returns FALSE (0001ms, 25615ms total)
T2750 9264:906 JLINK_IsHalted()  returns FALSE (0001ms, 25615ms total)
T2750 9265:107 JLINK_IsHalted()  returns FALSE (0001ms, 25615ms total)
T2750 9265:308 JLINK_IsHalted()
  ***** Error: Communication timed out: Requested 4 bytes, received 0 bytes !  returns ERROR (0000ms, 25614ms total)
T2750 9265:308 JLINK_ExecCommand("ProjectFile = C:\Users\H243\Documents\GitHub\Maua-trabalhos\15-DAC\LCD-Desenhos\jlink.config", ...)  returns 0x00 (0000ms, 25614ms total)
T2750 9265:375 JLINK_ExecCommand("Device = AT91SAM4SD32C", ...)Device "ATSAM4SD32C" selected.  returns 0x00 (0001ms, 25615ms total)
T2750 9265:376 JLINK_TIF_Select(JLINKARM_TIF_JTAG)  returns 0x00 (0000ms, 25615ms total)
T2750 9265:376 JLINK_GetIdData(...) ScanLen=4 NumDevices=1 aId[0]=0x4BA00477 aIrRead[0]=0 aScanLen[0]=0 aScanRead[0]=0 (0000ms, 25615ms total)
T2750 9265:376 JLINK_ConfigJTAG(IRPre = 0, DRPre = 0) (0000ms, 25615ms total)
T2750 9265:376 JLINK_SetSpeed(4000) (0000ms, 25615ms total)
T2750 9265:376 JLINK_ResetPullsRESET(OFF) (0000ms, 25615ms total)
T2750 9265:376 JLINK_Connect()  returns 0xFFFFFEFF (0000ms, 25615ms total)
T1DF8 9265:376 
  ***** Error: Connection to emulator lost! (0004ms, 25619ms total)
T1A58 9265:556 JLINK_EMU_GetList(InterfaceMask = 0x00000001, MaxInfos = 0x00000032)   returns 0x00 (0001ms, 25616ms total)
T2750 9265:902 JLINK_IsHalted()  returns ERROR (0000ms, 25616ms total)
T2750 9265:902 JLINK_ExecCommand("ProjectFile = C:\Users\H243\Documents\GitHub\Maua-trabalhos\15-DAC\LCD-Desenhos\jlink.config", ...)  returns 0x00 (0000ms, 25616ms total)
T2750 9265:965 JLINK_ExecCommand("Device = AT91SAM4SD32C", ...)Device "ATSAM4SD32C" selected.  returns 0x00 (0001ms, 25617ms total)
T2750 9265:966 JLINK_TIF_Select(JLINKARM_TIF_JTAG)  returns 0x00 (0000ms, 25617ms total)
T2750 9265:966 JLINK_GetIdData(...) (0000ms, 25617ms total)
T2750 9265:966 JLINK_ConfigJTAG(IRPre = 0, DRPre = 0) (0000ms, 25617ms total)
T2750 9265:966 JLINK_SetSpeed(4000) (0000ms, 25617ms total)
T2750 9265:966 JLINK_ResetPullsRESET(OFF) (0000ms, 25617ms total)
T2750 9265:966 JLINK_Connect()  returns 0xFFFFFEFF (0000ms, 25617ms total)
T2750 9266:366 JLINK_IsHalted()  returns ERROR (0000ms, 25617ms total)
T2750 9266:366 JLINK_ExecCommand("ProjectFile = C:\Users\H243\Documents\GitHub\Maua-trabalhos\15-DAC\LCD-Desenhos\jlink.config", ...)  returns 0x00 (0000ms, 25617ms total)
T2750 9266:422 JLINK_ExecCommand("Device = AT91SAM4SD32C", ...)Device "ATSAM4SD32C" selected.  returns 0x00 (0001ms, 25618ms total)
T2750 9266:423 JLINK_TIF_Select(JLINKARM_TIF_JTAG)  returns 0x00 (0000ms, 25618ms total)
T2750 9266:423 JLINK_GetIdData(...) (0000ms, 25618ms total)
T2750 9266:423 JLINK_ConfigJTAG(IRPre = 0, DRPre = 0) (0000ms, 25618ms total)
T2750 9266:423 JLINK_SetSpeed(4000) (0000ms, 25618ms total)
T2750 9266:423 JLINK_ResetPullsRESET(OFF) (0000ms, 25618ms total)
T2750 9266:423 JLINK_Connect()  returns 0xFFFFFEFF (0000ms, 25618ms total)
T1A58 9266:604 JLINK_EMU_GetList(InterfaceMask = 0x00000001, MaxInfos = 0x00000032)   returns 0x00 (0000ms, 25618ms total)
T2750 9266:852 JLINK_IsHalted()  returns ERROR (0000ms, 25618ms total)
T2750 9266:852 JLINK_ExecCommand("ProjectFile = C:\Users\H243\Documents\GitHub\Maua-trabalhos\15-DAC\LCD-Desenhos\jlink.config", ...)  returns 0x00 (0000ms, 25618ms total)
T2750 9266:968 JLINK_ExecCommand("Device = AT91SAM4SD32C", ...)Device "ATSAM4SD32C" selected.  returns 0x00 (0001ms, 25619ms total)
T2750 9266:969 JLINK_TIF_Select(JLINKARM_TIF_JTAG)  returns 0x00 (0000ms, 25619ms total)
T2750 9266:969 JLINK_GetIdData(...) (0000ms, 25619ms total)
T2750 9266:969 JLINK_ConfigJTAG(IRPre = 0, DRPre = 0) (0000ms, 25619ms total)
T2750 9266:969 JLINK_SetSpeed(4000) (0000ms, 25619ms total)
T2750 9266:969 JLINK_ResetPullsRESET(OFF) (0000ms, 25619ms total)
T2750 9266:969 JLINK_Connect()  returns 0xFFFFFEFF (0000ms, 25619ms total)
T2750 9267:369 JLINK_IsHalted()  returns ERROR (0000ms, 25619ms total)
T2750 9267:369 JLINK_ExecCommand("ProjectFile = C:\Users\H243\Documents\GitHub\Maua-trabalhos\15-DAC\LCD-Desenhos\jlink.config", ...)  returns 0x00 (0000ms, 25619ms total)
T2750 9267:502 JLINK_ExecCommand("Device = AT91SAM4SD32C", ...)Device "ATSAM4SD32C" selected.  returns 0x00 (0000ms, 25619ms total)
T2750 9267:502 JLINK_TIF_Select(JLINKARM_TIF_JTAG)  returns 0x00 (0000ms, 25619ms total)
T2750 9267:502 JLINK_GetIdData(...) (0000ms, 25619ms total)
T2750 9267:502 JLINK_ConfigJTAG(IRPre = 0, DRPre = 0) (0000ms, 25619ms total)
T2750 9267:502 JLINK_SetSpeed(4000) (0001ms, 25620ms total)
T2750 9267:503 JLINK_ResetPullsRESET(OFF) (0000ms, 25620ms total)
T2750 9267:503 JLINK_Connect()  returns 0xFFFFFEFF (0000ms, 25620ms total)
T1A58 9267:654 JLINK_EMU_GetList(InterfaceMask = 0x00000001, MaxInfos = 0x00000032)   returns 0x00 (0000ms, 25620ms total)
T2750 9267:903 JLINK_IsHalted()  returns ERROR (0000ms, 25620ms total)
T2750 9267:903 JLINK_ExecCommand("ProjectFile = C:\Users\H243\Documents\GitHub\Maua-trabalhos\15-DAC\LCD-Desenhos\jlink.config", ...)  returns 0x00 (0000ms, 25620ms total)
T2750 9267:964 JLINK_ExecCommand("Device = AT91SAM4SD32C", ...)Device "ATSAM4SD32C" selected.  returns 0x00 (0000ms, 25620ms total)
T2750 9267:964 JLINK_TIF_Select(JLINKARM_TIF_JTAG)  returns 0x00 (0001ms, 25621ms total)
T2750 9267:965 JLINK_GetIdData(...) (0000ms, 25621ms total)
T2750 9267:965 JLINK_ConfigJTAG(IRPre = 0, DRPre = 0) (0000ms, 25621ms total)
T2750 9267:965 JLINK_SetSpeed(4000) (0000ms, 25621ms total)
T2750 9267:965 JLINK_ResetPullsRESET(OFF) (0000ms, 25621ms total)
T2750 9267:965 JLINK_Connect()  returns 0xFFFFFEFF (0000ms, 25621ms total)
T255C 9268:335 JLINK_Halt()  returns 0x00 (0000ms, 25621ms total)
T2750 9268:365 JLINK_IsHalted()  returns ERROR (0000ms, 25621ms total)
T2750 9268:365 JLINK_ExecCommand("ProjectFile = C:\Users\H243\Documents\GitHub\Maua-trabalhos\15-DAC\LCD-Desenhos\jlink.config", ...)  returns 0x00 (0000ms, 25621ms total)
T2750 9268:417 JLINK_ExecCommand("Device = AT91SAM4SD32C", ...)Device "ATSAM4SD32C" selected.  returns 0x00 (0001ms, 25622ms total)
T2750 9268:418 JLINK_TIF_Select(JLINKARM_TIF_JTAG)  returns 0x00 (0000ms, 25622ms total)
T2750 9268:418 JLINK_GetIdData(...) (0000ms, 25622ms total)
T2750 9268:418 JLINK_ConfigJTAG(IRPre = 0, DRPre = 0) (0000ms, 25622ms total)
T2750 9268:418 JLINK_SetSpeed(4000) (0000ms, 25622ms total)
T2750 9268:418 JLINK_ResetPullsRESET(OFF) (0000ms, 25622ms total)
T2750 9268:418 JLINK_Connect()  returns 0xFFFFFEFF (0000ms, 25622ms total)
T1A58 9268:704 JLINK_EMU_GetList(InterfaceMask = 0x00000001, MaxInfos = 0x00000032)   returns 0x00 (0000ms, 25622ms total)
T2750 9268:818 JLINK_IsHalted()  returns ERROR (0000ms, 25622ms total)
T2750 9268:818 JLINK_ExecCommand("ProjectFile = C:\Users\H243\Documents\GitHub\Maua-trabalhos\15-DAC\LCD-Desenhos\jlink.config", ...)  returns 0x00 (0000ms, 25622ms total)
T2750 9268:956 JLINK_ExecCommand("Device = AT91SAM4SD32C", ...)Device "ATSAM4SD32C" selected.  returns 0x00 (0001ms, 25623ms total)
T2750 9268:957 JLINK_TIF_Select(JLINKARM_TIF_JTAG)  returns 0x00 (0000ms, 25623ms total)
T2750 9268:957 JLINK_GetIdData(...) (0000ms, 25623ms total)
T2750 9268:957 JLINK_ConfigJTAG(IRPre = 0, DRPre = 0) (0000ms, 25623ms total)
T2750 9268:957 JLINK_SetSpeed(4000) (0000ms, 25623ms total)
T2750 9268:957 JLINK_ResetPullsRESET(OFF) (0000ms, 25623ms total)
T2750 9268:957 JLINK_Connect()  returns 0xFFFFFEFF (0000ms, 25623ms total)
T0F68 9268:958 JLINK_ResetPullsRESET(ON) (0000ms, 25623ms total)
T0F68 9268:958 JLINK_ResetNoHalt() (0000ms, 25623ms total)
T0F68 9268:971 JLINK_Close() (0000ms, 25623ms total)
T0F68 9268:971  (0000ms, 25623ms total)
T0F68 9268:971 Closed (0000ms, 25623ms total)
