T239C 8179:357 SEGGER J-Link V5.10 Log File (0001ms, 61598ms total)
T239C 8179:357 DLL Compiled: Nov 27 2015 17:01:28 (0001ms, 61598ms total)
T239C 8179:357 Logging started @ 2016-05-20 19:00 (0001ms, 61598ms total)
T239C 8179:416 JLINK_ExecCommand("Device = AT91SAM4SD32C", ...)Device "ATSAM4SD32C" selected.  returns 0x00 (0000ms, 61598ms total)
T239C 8179:443 JLINK_ExecCommand("ProjectFile = C:\Users\H243\Documents\GitHub\Maua-trabalhos\14-ADC\14-ADC\jlink.config", ...)  returns 0x00 (0000ms, 61598ms total)
T239C 8179:506 JLINK_ExecCommand("Device = AT91SAM4SD32C", ...)Device "ATSAM4SD32C" selected.  returns 0x00 (0000ms, 61598ms total)
T239C 8179:506 JLINK_TIF_Select(JLINKARM_TIF_JTAG)  returns 0x00 (0003ms, 61601ms total)
T239C 8179:509 JLINK_GetIdData(...) >0x2F8 JTAG>TotalIRLen = 4, IRPrint = 0x01 >0x30 JTAG> >0x210 JTAG> >0x70 JTAG> >0x40 JTAG> >0x40 JTAG> >0x40 JTAG> >0x48 JTAG> >0x78 JTAG> >0x40 JTAG> >0x30 JTAG> >0x40 JTAG> >0x40 JTAG> >0x30 JTAG> >0x40 JTAG> >0x48 JTAG>Found Cortex-M4 r0p1, Little endian. -- CPU_ReadMem(4 bytes @ 0xE000EDF0) -- CPU_ReadMem(4 bytes @ 0xE0002000)FPUnit: 6 code (BP) slots and 2 literal slots -- CPU_ReadMem(4 bytes @ 0xE000EDFC) -- CPU_ReadMem(4 bytes @ 0xE0001000)
 -- CPU_WriteMem(4 bytes @ 0xE0001000) -- CPU_ReadMem(4 bytes @ 0xE000ED88) -- CPU_WriteMem(4 bytes @ 0xE000ED88) -- CPU_ReadMem(4 bytes @ 0xE000ED88) -- CPU_WriteMem(4 bytes @ 0xE000ED88)CoreSight components:ROMTbl 0 @ E00FF000 -- CPU_ReadMem(16 bytes @ 0xE00FF000) -- CPU_ReadMem(16 bytes @ 0xE000EFF0) -- CPU_ReadMem(16 bytes @ 0xE000EFE0)ROMTbl 0 [0]: FFF0F000, CID: B105E00D, PID: 000BB000 SCS -- CPU_ReadMem(16 bytes @ 0xE0001FF0) -- CPU_ReadMem(16 bytes @ 0xE0001FE0)
ROMTbl 0 [1]: FFF02000, CID: B105E00D, PID: 003BB002 DWT -- CPU_ReadMem(16 bytes @ 0xE0002FF0) -- CPU_ReadMem(16 bytes @ 0xE0002FE0)ROMTbl 0 [2]: FFF03000, CID: B105E00D, PID: 002BB003 FPB -- CPU_ReadMem(16 bytes @ 0xE0000FF0) -- CPU_ReadMem(16 bytes @ 0xE0000FE0)ROMTbl 0 [3]: FFF01000, CID: B105E00D, PID: 003BB001 ITM -- CPU_ReadMem(16 bytes @ 0xE00FF010) -- CPU_ReadMem(16 bytes @ 0xE0040FF0) -- CPU_ReadMem(16 bytes @ 0xE0040FE0)ROMTbl 0 [4]: FFF41000, CID: B105900D, PID: 000BB9A1 TPIU ScanLen=4
 NumDevices=1 aId[0]=0x4BA00477 aIrRead[0]=0 aScanLen[0]=0 aScanRead[0]=0 (0041ms, 61642ms total)
T239C 8179:550 JLINK_ConfigJTAG(IRPre = 0, DRPre = 0) (0000ms, 61642ms total)
T239C 8179:550 JLINK_SetSpeed(4000) (0001ms, 61643ms total)
T239C 8179:551 JLINK_ResetPullsRESET(OFF) (0000ms, 61643ms total)
T239C 8179:551 JLINK_Connect() >0x2F8 JTAG>TotalIRLen = 4, IRPrint = 0x01 >0x30 JTAG> >0x210 JTAG> >0x70 JTAG> >0x40 JTAG> >0x40 JTAG> >0x40 JTAG> >0x48 JTAG> >0x78 JTAG> >0x40 JTAG> >0x30 JTAG> >0x40 JTAG> >0x40 JTAG> >0x30 JTAG> >0x40 JTAG> >0x48 JTAG>Found Cortex-M4 r0p1, Little endian. -- CPU_ReadMem(4 bytes @ 0xE000EDF0) -- CPU_ReadMem(4 bytes @ 0xE0002000)FPUnit: 6 code (BP) slots and 2 literal slots -- CPU_ReadMem(4 bytes @ 0xE000EDFC) -- CPU_ReadMem(4 bytes @ 0xE0001000)
 -- CPU_WriteMem(4 bytes @ 0xE0001000) -- CPU_ReadMem(4 bytes @ 0xE000ED88) -- CPU_WriteMem(4 bytes @ 0xE000ED88) -- CPU_ReadMem(4 bytes @ 0xE000ED88) -- CPU_WriteMem(4 bytes @ 0xE000ED88)CoreSight components:ROMTbl 0 @ E00FF000 -- CPU_ReadMem(16 bytes @ 0xE00FF000) -- CPU_ReadMem(16 bytes @ 0xE000EFF0) -- CPU_ReadMem(16 bytes @ 0xE000EFE0)ROMTbl 0 [0]: FFF0F000, CID: B105E00D, PID: 000BB000 SCS -- CPU_ReadMem(16 bytes @ 0xE0001FF0) -- CPU_ReadMem(16 bytes @ 0xE0001FE0)
ROMTbl 0 [1]: FFF02000, CID: B105E00D, PID: 003BB002 DWT -- CPU_ReadMem(16 bytes @ 0xE0002FF0) -- CPU_ReadMem(16 bytes @ 0xE0002FE0)ROMTbl 0 [2]: FFF03000, CID: B105E00D, PID: 002BB003 FPB -- CPU_ReadMem(16 bytes @ 0xE0000FF0) -- CPU_ReadMem(16 bytes @ 0xE0000FE0)ROMTbl 0 [3]: FFF01000, CID: B105E00D, PID: 003BB001 ITM -- CPU_ReadMem(16 bytes @ 0xE00FF010) -- CPU_ReadMem(16 bytes @ 0xE0040FF0) -- CPU_ReadMem(16 bytes @ 0xE0040FE0)ROMTbl 0 [4]: FFF41000, CID: B105900D, PID: 000BB9A1 TPIU  returns 0x00
 (0026ms, 61669ms total)
T239C 8179:577 JLINK_Halt()  returns 0x00 (0004ms, 61673ms total)
T239C 8179:581 JLINK_WriteMem(0x400E0A04, 0x0004 Bytes, ...) - Data: 0B 01 00 5A -- CPU_WriteMem(4 bytes @ 0x400E0A04)  returns 0x04 (0002ms, 61675ms total)
T239C 8179:583 JLINK_ReadMem (0x400E0A08, 0x0004 Bytes, ...) -- CPU_ReadMem(4 bytes @ 0x400E0A08) - Data: 01 00 00 00  returns 0x00 (0001ms, 61676ms total)
T239C 8179:584 JLINK_WriteMem(0x400E0A04, 0x0004 Bytes, ...) - Data: 0C 02 00 5A -- CPU_WriteMem(4 bytes @ 0x400E0A04)  returns 0x04 (0001ms, 61677ms total)
T239C 8179:585 JLINK_ReadMem (0x400E0A08, 0x0004 Bytes, ...) -- CPU_ReadMem(4 bytes @ 0x400E0A08) - Data: 01 00 00 00  returns 0x00 (0001ms, 61678ms total)
T239C 8179:586 JLINK_Reset() -- CPU_ReadMem(16 bytes @ 0x20000000) -- CPU_WriteMem(16 bytes @ 0x20000000) -- CPU_ReadMem(4 bytes @ 0xE000EDFC) -- CPU_WriteMem(4 bytes @ 0xE000EDFC) -- CPU_ReadMem(4 bytes @ 0xE0001000) -- CPU_WriteMem(4 bytes @ 0xE000EDFC) -- CPU_WriteMem(16 bytes @ 0x20000000) -- CPU_WriteMem(4 bytes @ 0xE0002000) -- CPU_ReadMem(4 bytes @ 0xE000EDFC) -- CPU_ReadMem(4 bytes @ 0xE0001000) (0027ms, 61705ms total)
T239C 8179:614 JLINK_JTAG_GetDeviceID(DeviceIndex = 0)  returns 0x4BA00477 (0000ms, 61705ms total)
T239C 8179:614 JLINK_ReadMemU32(0x400E0740, 0x0001 Items, ...) -- CPU_ReadMem(4 bytes @ 0x400E0740) - Data: E0 0E A7 29  returns 0x01 (0001ms, 61706ms total)
T239C 8179:615 JLINK_ReadMemU32(0x400E0744, 0x0001 Items, ...) -- CPU_ReadMem(4 bytes @ 0x400E0744) - Data: 00 00 00 00  returns 0x01 (0000ms, 61706ms total)
T239C 8179:615 JLINK_WriteMem(0x400E0A04, 0x0004 Bytes, ...) - Data: 05 00 00 5A -- CPU_WriteMem(4 bytes @ 0x400E0A04)  returns 0x04 (0001ms, 61707ms total)
T239C 8179:616 JLINK_WriteMem(0x400E0C04, 0x0004 Bytes, ...) - Data: 05 00 00 5A -- CPU_WriteMem(4 bytes @ 0x400E0C04)  returns 0x04 (0001ms, 61708ms total)
T239C 8179:617 JLINK_ReadMem (0x400E0A08, 0x0004 Bytes, ...) -- CPU_ReadMem(4 bytes @ 0x400E0A08) - Data: 00 00 00 00  returns 0x00 (0000ms, 61708ms total)
T239C 8179:618 JLINK_ReadMem (0x400E0A08, 0x0004 Bytes, ...) -- CPU_ReadMem(4 bytes @ 0x400E0A08) - Data: 00 00 00 00  returns 0x00 (0000ms, 61708ms total)
T239C 8179:654 JLINK_ReadMem (0x400E0A08, 0x0004 Bytes, ...) -- CPU_ReadMem(4 bytes @ 0x400E0A08) - Data: 00 00 00 00  returns 0x00 (0001ms, 61709ms total)
T1518 8179:655 JLINK_IsHalted()  returns TRUE (0000ms, 61709ms total)
T1518 8179:655 JLINK_GetMOEs(...) -- CPU_ReadMem(4 bytes @ 0xE000ED30) -- CPU_WriteMem(4 bytes @ 0xE000ED30)  returns 0x01 (0002ms, 61711ms total)
T1518 8179:657 JLINK_ReadReg(R15 (PC))  returns 0x0040225C (0000ms, 61711ms total)
T239C 8179:671 JLINK_ReadMem (0x400E0A08, 0x0004 Bytes, ...) -- CPU_ReadMem(4 bytes @ 0x400E0A08) - Data: 00 00 00 00  returns 0x00 (0001ms, 61712ms total)
T239C 8179:754 JLINK_ReadMem (0x400E0A08, 0x0004 Bytes, ...) -- CPU_ReadMem(4 bytes @ 0x400E0A08) - Data: 00 00 00 00  returns 0x00 (0001ms, 61713ms total)
T1518 8179:857 JLINK_IsHalted()  returns TRUE (0000ms, 61713ms total)
T239C 8180:011 JLINK_ReadMem (0x400E0A08, 0x0004 Bytes, ...) -- CPU_ReadMem(4 bytes @ 0x400E0A08) - Data: 00 00 00 00  returns 0x00 (0001ms, 61714ms total)
T1518 8180:057 JLINK_IsHalted()  returns TRUE (0000ms, 61714ms total)
T1518 8180:257 JLINK_IsHalted()  returns TRUE (0001ms, 61715ms total)
T1518 8180:458 JLINK_IsHalted()  returns TRUE (0000ms, 61714ms total)
T1518 8180:658 JLINK_IsHalted()  returns TRUE (0000ms, 61714ms total)
T1518 8180:858 JLINK_IsHalted()  returns TRUE (0000ms, 61714ms total)
T239C 8181:054 JLINK_ReadMem (0x400E0A08, 0x0004 Bytes, ...) -- CPU_ReadMem(4 bytes @ 0x400E0A08) - Data: 00 00 00 00  returns 0x00 (0001ms, 61715ms total)
T239C 8181:055 JLINK_ReadMem (0x400E0C08, 0x0004 Bytes, ...) -- CPU_ReadMem(4 bytes @ 0x400E0C08) - Data: 00 00 00 00  returns 0x00 (0001ms, 61716ms total)
T239C 8181:057 JLINK_ReadMem (0x400E0C08, 0x0004 Bytes, ...) -- CPU_ReadMem(4 bytes @ 0x400E0C08) - Data: 00 00 00 00  returns 0x00 (0000ms, 61716ms total)
T1518 8181:058 JLINK_IsHalted()  returns TRUE (0000ms, 61716ms total)
T239C 8181:061 JLINK_ReadMem (0x400E0C08, 0x0004 Bytes, ...) -- CPU_ReadMem(4 bytes @ 0x400E0C08) - Data: 00 00 00 00  returns 0x00 (0001ms, 61717ms total)
T239C 8181:104 JLINK_ReadMem (0x400E0C08, 0x0004 Bytes, ...) -- CPU_ReadMem(4 bytes @ 0x400E0C08) - Data: 00 00 00 00  returns 0x00 (0001ms, 61718ms total)
T239C 8181:169 JLINK_ReadMem (0x400E0C08, 0x0004 Bytes, ...) -- CPU_ReadMem(4 bytes @ 0x400E0C08) - Data: 00 00 00 00  returns 0x00 (0001ms, 61719ms total)
T1518 8181:258 JLINK_IsHalted()  returns TRUE (0000ms, 61719ms total)
T239C 8181:454 JLINK_ReadMem (0x400E0C08, 0x0004 Bytes, ...) -- CPU_ReadMem(4 bytes @ 0x400E0C08) - Data: 00 00 00 00  returns 0x00 (0001ms, 61720ms total)
T1518 8181:458 JLINK_IsHalted()  returns TRUE (0001ms, 61721ms total)
T1518 8181:659 JLINK_IsHalted()  returns TRUE (0000ms, 61720ms total)
T1518 8181:859 JLINK_IsHalted()  returns TRUE (0000ms, 61720ms total)
T1518 8182:059 JLINK_IsHalted()  returns TRUE (0000ms, 61720ms total)
T1518 8182:259 JLINK_IsHalted()  returns TRUE (0000ms, 61720ms total)
T1518 8182:459 JLINK_IsHalted()  returns TRUE (0000ms, 61720ms total)
T239C 8182:504 JLINK_ReadMem (0x400E0C08, 0x0004 Bytes, ...) -- CPU_ReadMem(4 bytes @ 0x400E0C08) - Data: 00 00 00 00  returns 0x00 (0001ms, 61721ms total)
T239C 8182:505 JLINK_ReadMem (0x400E0A08, 0x0004 Bytes, ...) -- CPU_ReadMem(4 bytes @ 0x400E0A08) - Data: 00 00 00 00  returns 0x00 (0001ms, 61722ms total)
T239C 8182:507 JLINK_ReadMem (0x400E0A08, 0x0004 Bytes, ...) -- CPU_ReadMem(4 bytes @ 0x400E0A08) - Data: 00 00 00 00  returns 0x00 (0001ms, 61723ms total)
T239C 8182:512 JLINK_ReadMem (0x400E0A08, 0x0004 Bytes, ...) -- CPU_ReadMem(4 bytes @ 0x400E0A08) - Data: 00 00 00 00  returns 0x00 (0001ms, 61724ms total)
T239C 8182:554 JLINK_ReadMem (0x400E0A08, 0x0004 Bytes, ...) -- CPU_ReadMem(4 bytes @ 0x400E0A08) - Data: 00 00 00 00  returns 0x00 (0001ms, 61725ms total)
T239C 8182:619 JLINK_ReadMem (0x400E0A08, 0x0004 Bytes, ...) -- CPU_ReadMem(4 bytes @ 0x400E0A08) - Data: 00 00 00 00  returns 0x00 (0001ms, 61726ms total)
T1518 8182:659 JLINK_IsHalted()  returns TRUE (0001ms, 61727ms total)
T1518 8182:860 JLINK_IsHalted()  returns TRUE (0000ms, 61726ms total)
T239C 8182:904 JLINK_ReadMem (0x400E0A08, 0x0004 Bytes, ...) -- CPU_ReadMem(4 bytes @ 0x400E0A08) - Data: 00 00 00 00  returns 0x00 (0001ms, 61727ms total)
T1518 8183:060 JLINK_IsHalted()  returns TRUE (0000ms, 61727ms total)
T1518 8183:260 JLINK_IsHalted()  returns TRUE (0001ms, 61728ms total)
T1518 8183:461 JLINK_IsHalted()  returns TRUE (0000ms, 61727ms total)
T1518 8183:661 JLINK_IsHalted()  returns TRUE (0000ms, 61727ms total)
T1518 8183:861 JLINK_IsHalted()  returns TRUE (0000ms, 61727ms total)
T239C 8183:954 JLINK_ReadMem (0x400E0A08, 0x0004 Bytes, ...) -- CPU_ReadMem(4 bytes @ 0x400E0A08) - Data: 00 00 00 00  returns 0x00 (0000ms, 61727ms total)
T239C 8183:955 JLINK_ReadMem (0x400E0C08, 0x0004 Bytes, ...) -- CPU_ReadMem(4 bytes @ 0x400E0C08) - Data: 00 00 00 00  returns 0x00 (0001ms, 61728ms total)
T239C 8183:957 JLINK_ReadMem (0x400E0C08, 0x0004 Bytes, ...) -- CPU_ReadMem(4 bytes @ 0x400E0C08) - Data: 00 00 00 00  returns 0x00 (0001ms, 61729ms total)
T239C 8183:962 JLINK_ReadMem (0x400E0C08, 0x0004 Bytes, ...) -- CPU_ReadMem(4 bytes @ 0x400E0C08) - Data: 00 00 00 00  returns 0x00 (0001ms, 61730ms total)
T239C 8184:004 JLINK_ReadMem (0x400E0C08, 0x0004 Bytes, ...) -- CPU_ReadMem(4 bytes @ 0x400E0C08) - Data: 00 00 00 00  returns 0x00 (0001ms, 61731ms total)
T1518 8184:061 JLINK_IsHalted()  returns TRUE (0000ms, 61731ms total)
T239C 8184:069 JLINK_ReadMem (0x400E0C08, 0x0004 Bytes, ...) -- CPU_ReadMem(4 bytes @ 0x400E0C08) - Data: 00 00 00 00  returns 0x00 (0001ms, 61732ms total)
T1518 8184:261 JLINK_IsHalted()  returns TRUE (0000ms, 61732ms total)
T239C 8184:354 JLINK_ReadMem (0x400E0C08, 0x0004 Bytes, ...) -- CPU_ReadMem(4 bytes @ 0x400E0C08) - Data: 00 00 00 00  returns 0x00 (0001ms, 61733ms total)
T1518 8184:461 JLINK_IsHalted()  returns TRUE (0001ms, 61734ms total)
T1518 8184:662 JLINK_IsHalted()  returns TRUE (0000ms, 61733ms total)
T1518 8184:862 JLINK_IsHalted()  returns TRUE (0000ms, 61733ms total)
T1518 8185:062 JLINK_IsHalted()  returns TRUE (0000ms, 61733ms total)
T1518 8185:262 JLINK_IsHalted()  returns TRUE (0000ms, 61733ms total)
T239C 8185:404 JLINK_ReadMem (0x400E0C08, 0x0004 Bytes, ...) -- CPU_ReadMem(4 bytes @ 0x400E0C08) - Data: 01 00 00 00  returns 0x00 (0001ms, 61734ms total)
T239C 8185:405 JLINK_ReadMem (0x400E0A08, 0x0004 Bytes, ...) -- CPU_ReadMem(4 bytes @ 0x400E0A08) - Data: 01 00 00 00  returns 0x00 (0001ms, 61735ms total)
T1518 8185:462 JLINK_IsHalted()  returns TRUE (0000ms, 61735ms total)
T239C 8185:462 JLINK_ResetPullsRESET(ON) (0000ms, 61735ms total)
T239C 8185:462 JLINK_ResetNoHalt() >0x2F8 JTAG>TotalIRLen = 4, IRPrint = 0x01 >0x30 JTAG> >0x210 JTAG> >0x70 JTAG> >0x40 JTAG> >0x40 JTAG> >0x40 JTAG> >0x48 JTAG> >0x78 JTAG> >0x40 JTAG> >0x30 JTAG> >0x40 JTAG> >0x40 JTAG> >0x30 JTAG> >0x40 JTAG> >0x48 JTAG>Found Cortex-M4 r0p1, Little endian. -- CPU_ReadMem(4 bytes @ 0xE000EDF0) -- CPU_ReadMem(4 bytes @ 0xE0002000)FPUnit: 6 code (BP) slots and 2 literal slots -- CPU_ReadMem(4 bytes @ 0xE000EDFC) -- CPU_ReadMem(4 bytes @ 0xE0001000)
 -- CPU_ReadMem(4 bytes @ 0xE000ED88) -- CPU_WriteMem(4 bytes @ 0xE000ED88) -- CPU_ReadMem(4 bytes @ 0xE000ED88) -- CPU_WriteMem(4 bytes @ 0xE000ED88)CoreSight components:ROMTbl 0 @ E00FF000 -- CPU_ReadMem(16 bytes @ 0xE00FF000) -- CPU_ReadMem(16 bytes @ 0xE000EFF0) -- CPU_ReadMem(16 bytes @ 0xE000EFE0)ROMTbl 0 [0]: FFF0F000, CID: B105E00D, PID: 000BB000 SCS -- CPU_WriteMem(4 bytes @ 0xE0001000) -- CPU_ReadMem(16 bytes @ 0xE0001FF0) -- CPU_ReadMem(16 bytes @ 0xE0001FE0)
ROMTbl 0 [1]: FFF02000, CID: B105E00D, PID: 003BB002 DWT -- CPU_ReadMem(16 bytes @ 0xE0002FF0) -- CPU_ReadMem(16 bytes @ 0xE0002FE0)ROMTbl 0 [2]: FFF03000, CID: B105E00D, PID: 002BB003 FPB -- CPU_ReadMem(16 bytes @ 0xE0000FF0) -- CPU_ReadMem(16 bytes @ 0xE0000FE0)ROMTbl 0 [3]: FFF01000, CID: B105E00D, PID: 003BB001 ITM -- CPU_ReadMem(16 bytes @ 0xE00FF010) -- CPU_ReadMem(16 bytes @ 0xE0040FF0) -- CPU_ReadMem(16 bytes @ 0xE0040FE0)ROMTbl 0 [4]: FFF41000, CID: B105900D, PID: 000BB9A1 TPIU
                JLINK_Reset() -- CPU_ReadMem(16 bytes @ 0x20000000) -- CPU_WriteMem(16 bytes @ 0x20000000) -- CPU_ReadMem(4 bytes @ 0xE000EDFC) -- CPU_WriteMem(4 bytes @ 0xE000EDFC) -- CPU_ReadMem(4 bytes @ 0xE0001000) -- CPU_WriteMem(4 bytes @ 0xE0001004) -- CPU_WriteMem(4 bytes @ 0xE000EDFC) -- CPU_WriteMem(16 bytes @ 0x20000000) -- CPU_WriteMem(4 bytes @ 0xE0002000) -- CPU_ReadMem(4 bytes @ 0xE000EDFC) -- CPU_ReadMem(4 bytes @ 0xE0001000) (0028ms, 0028ms total)
                JLINK_Go() -- CPU_ReadMem(4 bytes @ 0xE0001000) -- CPU_WriteMem(4 bytes @ 0xE0001004) (0002ms, 0030ms total)
               (0060ms, 61795ms total)
T239C 8185:522 JLINK_ExecCommand("ProjectFile = C:\Users\H243\Documents\GitHub\Maua-trabalhos\14-ADC\14-ADC\jlink.config", ...)  returns 0x00 (0001ms, 61796ms total)
T239C 8185:630 JLINK_ExecCommand("Device = AT91SAM4SD32C", ...)Device "ATSAM4SD32C" selected.  returns 0x00 (0001ms, 61797ms total)
T239C 8185:631 JLINK_TIF_Select(JLINKARM_TIF_JTAG)  returns 0x00 (0000ms, 61797ms total)
T239C 8185:631 JLINK_GetIdData(...) ScanLen=4 NumDevices=1 aId[0]=0x4BA00477 aIrRead[0]=0 aScanLen[0]=0 aScanRead[0]=0 (0000ms, 61797ms total)
T239C 8185:631 JLINK_ConfigJTAG(IRPre = 0, DRPre = 0) (0000ms, 61797ms total)
T239C 8185:631 JLINK_SetSpeed(4000) (0001ms, 61798ms total)
T239C 8185:632 JLINK_ResetPullsRESET(OFF) (0000ms, 61798ms total)
T239C 8185:632 JLINK_Connect() >0x2F8 JTAG>TotalIRLen = 4, IRPrint = 0x01 >0x30 JTAG> >0x210 JTAG> >0x70 JTAG> >0x40 JTAG> >0x40 JTAG> >0x40 JTAG> >0x48 JTAG> >0x78 JTAG> >0x40 JTAG> >0x30 JTAG> >0x40 JTAG> >0x40 JTAG> >0x30 JTAG> >0x40 JTAG> >0x48 JTAG>Found Cortex-M4 r0p1, Little endian. -- CPU_ReadMem(4 bytes @ 0xE000EDF0) -- CPU_ReadMem(4 bytes @ 0xE0002000)FPUnit: 6 code (BP) slots and 2 literal slots -- CPU_ReadMem(4 bytes @ 0xE000EDFC) -- CPU_ReadMem(4 bytes @ 0xE0001000)
 -- CPU_WriteMem(4 bytes @ 0xE0001000) -- CPU_ReadMem(4 bytes @ 0xE000ED88) -- CPU_WriteMem(4 bytes @ 0xE000ED88) -- CPU_ReadMem(4 bytes @ 0xE000ED88) -- CPU_WriteMem(4 bytes @ 0xE000ED88)CoreSight components:ROMTbl 0 @ E00FF000 -- CPU_ReadMem(16 bytes @ 0xE00FF000) -- CPU_ReadMem(16 bytes @ 0xE000EFF0) -- CPU_ReadMem(16 bytes @ 0xE000EFE0)ROMTbl 0 [0]: FFF0F000, CID: B105E00D, PID: 000BB000 SCS -- CPU_ReadMem(16 bytes @ 0xE0001FF0) -- CPU_ReadMem(16 bytes @ 0xE0001FE0)
ROMTbl 0 [1]: FFF02000, CID: B105E00D, PID: 003BB002 DWT -- CPU_ReadMem(16 bytes @ 0xE0002FF0) -- CPU_ReadMem(16 bytes @ 0xE0002FE0)ROMTbl 0 [2]: FFF03000, CID: B105E00D, PID: 002BB003 FPB -- CPU_ReadMem(16 bytes @ 0xE0000FF0) -- CPU_ReadMem(16 bytes @ 0xE0000FE0)ROMTbl 0 [3]: FFF01000, CID: B105E00D, PID: 003BB001 ITM -- CPU_ReadMem(16 bytes @ 0xE00FF010) -- CPU_ReadMem(16 bytes @ 0xE0040FF0) -- CPU_ReadMem(16 bytes @ 0xE0040FE0)ROMTbl 0 [4]: FFF41000, CID: B105900D, PID: 000BB9A1 TPIU  returns 0x00
 (0031ms, 61829ms total)
T239C 8185:663 JLINK_Halt()  returns 0x00 (0004ms, 61833ms total)
T239C 8185:667 JLINK_WriteMem(0x400E0A04, 0x0004 Bytes, ...) - Data: 0B 01 00 5A -- CPU_WriteMem(4 bytes @ 0x400E0A04)  returns 0x04 (0002ms, 61835ms total)
T239C 8185:669 JLINK_ReadMem (0x400E0A08, 0x0004 Bytes, ...) -- CPU_ReadMem(4 bytes @ 0x400E0A08) - Data: 01 00 00 00  returns 0x00 (0001ms, 61836ms total)
T239C 8185:670 JLINK_WriteMem(0x400E0A04, 0x0004 Bytes, ...) - Data: 0C 02 00 5A -- CPU_WriteMem(4 bytes @ 0x400E0A04)  returns 0x04 (0000ms, 61836ms total)
T239C 8185:670 JLINK_ReadMem (0x400E0A08, 0x0004 Bytes, ...) -- CPU_ReadMem(4 bytes @ 0x400E0A08) - Data: 01 00 00 00  returns 0x00 (0001ms, 61837ms total)
T239C 8185:672 JLINK_Reset() -- CPU_ReadMem(16 bytes @ 0x20000000) -- CPU_WriteMem(16 bytes @ 0x20000000) -- CPU_ReadMem(4 bytes @ 0xE000EDFC) -- CPU_WriteMem(4 bytes @ 0xE000EDFC) -- CPU_ReadMem(4 bytes @ 0xE0001000) -- CPU_WriteMem(4 bytes @ 0xE000EDFC) -- CPU_WriteMem(16 bytes @ 0x20000000) -- CPU_WriteMem(4 bytes @ 0xE0002000) -- CPU_ReadMem(4 bytes @ 0xE000EDFC) -- CPU_ReadMem(4 bytes @ 0xE0001000) (0026ms, 61864ms total)
T239C 8185:700 JLINK_JTAG_GetDeviceID(DeviceIndex = 0)  returns 0x4BA00477 (0000ms, 61864ms total)
T239C 8185:700 JLINK_ReadMemU32(0x400E0740, 0x0001 Items, ...) -- CPU_ReadMem(4 bytes @ 0x400E0740) - Data: E0 0E A7 29  returns 0x01 (0001ms, 61865ms total)
T239C 8185:701 JLINK_ReadMemU32(0x400E0744, 0x0001 Items, ...) -- CPU_ReadMem(4 bytes @ 0x400E0744) - Data: 00 00 00 00  returns 0x01 (0000ms, 61865ms total)
T239C 8185:703 JLINK_BeginDownload(Flags = 0x00) (0000ms, 61865ms total)
T239C 8185:703 JLINK_WriteMem(0x00400000, 0x4000 Bytes, ...) - Data: 58 3D 00 20 5D 22 40 00 25 23 40 00 25 23 40 00 ...  returns 0x4000 (0000ms, 61865ms total)
T239C 8185:703 JLINK_WriteMem(0x00404000, 0x504C Bytes, ...) - Data: 23 FB 00 28 7F F4 66 AF AA F1 10 0A BA F1 10 0F ...  returns 0x504C (0000ms, 61865ms total)
T239C 8185:704 JLINK_WriteMem(0x0040904C, 0x0008 Bytes, ...) - Data: A8 E9 FF 7F 01 00 00 00  returns 0x08 (0000ms, 61865ms total)
T239C 8185:704 JLINK_WriteMem(0x00409054, 0x0884 Bytes, ...) - Data: F0 00 00 00 40 01 00 00 00 09 3D 00 01 00 00 00 ...  returns 0x884 (0000ms, 61865ms total)
T20A8 8185:709 JLINK_IsHalted()  returns TRUE (0000ms, 61865ms total)
T20A8 8185:709 JLINK_GetMOEs(...) -- CPU_ReadMem(4 bytes @ 0xE000ED30) -- CPU_WriteMem(4 bytes @ 0xE000ED30)  returns 0x01 (0001ms, 61866ms total)
T20A8 8185:710 JLINK_ReadReg(R15 (PC)) -- -------------------------------------- -- Start of determining dirty areas in flash cache -- End of determining dirty areas -- Start of preparing flash programming -- Calculating RAM usage -- RAM usage = 3956 Bytes -- Preserving CPU registers -- Preparing memory -- Determining CPU clock frequency -- CPU clock frequency: 4252 kHz -- CPU frequency = 4252 kHz -- Preparing target -- Downloading RAMCode -- Checking target RAM -- Preparing RAMCode
 -- End of preparing flash programming -- CPU is running at 90000 kHz. -- Start of comparing flash -- CRC check was estimated as fastest method -- Comparing range 0x400000 - 0x403FFF (32 Sectors, 16 KB), using multi-block CRC calculation -- CRC does not match for sectors 0-31 -- Comparing range 0x404000 - 0x409FFF (6 Sectors, 24 KB), using multi-block CRC calculation -- CRC does not match for sectors 0-5 -- End of comparing flash -- Start of erasing sectors -- End of erasing sectors
 -- Start of flash programming -- Programming range 0x00400000 - 0x00403FFF (032 Sectors, 16 KB) -- Programming range 0x00404000 - 0x00409FFF (006 Sectors, 24 KB) -- End of flash programming -- 0x400000 - 0x403FFF (032 Sectors, 16 KB) -- 0x404000 - 0x409FFF (006 Sectors, 24 KB) -- Start of verifying flash -- Checksum calculation was estimated as fastest method -- Checksum calculation was estimated as fastest method -- End of verifying flash -- Start of restoring -- Restore RAMCode
 -- Restore content of target memory -- Restore target -- Restore memory -- Restoring CPU registers -- End of restoring -- Flash programming performed for 2 ranges (40960 bytes) -- Total time needed: 0.524s (Prepare: 0.225s, Compare: 0.009s, Erase: 0.000s, Program: 0.229s, Verify: 0.002s, Restore: 0.057s)  returns 0xFFFFFFFE (0526ms, 62392ms total)
T253C 8186:354 JLINK_Halt()  returns 0x00 (0001ms, 62393ms total)
T253C 8186:355 JLINK_ReadReg(R15 (PC))  returns 0xFFFFFFFE (0000ms, 62393ms total)
T253C 8186:355 JLINK_ReadReg(R13 (SP))  returns 0xFFFFFFFC (0000ms, 62393ms total)
T253C 8186:441 JLINK_ReadReg(R0)  returns 0x400E1400 (0000ms, 62393ms total)
T253C 8186:441 JLINK_ReadReg(R1)  returns 0x40C00000 (0000ms, 62393ms total)
T253C 8186:441 JLINK_ReadReg(R2)  returns 0xA5000005 (0000ms, 62393ms total)
T253C 8186:441 JLINK_ReadReg(R3)  returns 0x00000000 (0000ms, 62393ms total)
T253C 8186:441 JLINK_ReadReg(R4)  returns 0x004013D5 (0000ms, 62393ms total)
T253C 8186:441 JLINK_ReadReg(R5)  returns 0x00000064 (0000ms, 62393ms total)
T253C 8186:441 JLINK_ReadReg(R6)  returns 0x00000053 (0000ms, 62393ms total)
T253C 8186:441 JLINK_ReadReg(R7)  returns 0x20003D08 (0000ms, 62393ms total)
T253C 8186:441 JLINK_ReadReg(R8)  returns 0xC37A0000 (0000ms, 62393ms total)
T253C 8186:441 JLINK_ReadReg(R9)  returns 0x00400C41 (0000ms, 62393ms total)
T253C 8186:441 JLINK_ReadReg(R10)  returns 0x00400CCD (0000ms, 62393ms total)
T253C 8186:441 JLINK_ReadReg(R11)  returns 0xA197832C (0000ms, 62393ms total)
T253C 8186:441 JLINK_ReadReg(R12)  returns 0x002F13A8 (0000ms, 62393ms total)
T253C 8186:441 JLINK_ReadReg(R13 (SP))  returns 0xFFFFFFFC (0000ms, 62393ms total)
T253C 8186:441 JLINK_ReadReg(R14)  returns 0xFFFFFFFF (0000ms, 62393ms total)
T253C 8186:441 JLINK_ReadReg(R15 (PC))  returns 0xFFFFFFFE (0000ms, 62393ms total)
T253C 8186:442 JLINK_ReadReg(XPSR)  returns 0x01000000 (0000ms, 62393ms total)
T253C 8186:442 JLINK_ReadReg(MSP)  returns 0xFFFFFFFC (0000ms, 62393ms total)
T253C 8186:442 JLINK_ReadReg(PSP)  returns 0x7050AD70 (0000ms, 62393ms total)
T253C 8186:442 JLINK_ReadReg(PRIMASK)  returns 0x00000000 (0000ms, 62393ms total)
T253C 8186:442 JLINK_ReadReg(BASEPRI)  returns 0x00000000 (0000ms, 62393ms total)
T253C 8186:442 JLINK_ReadReg(FAULTMASK)  returns 0x00000000 (0000ms, 62393ms total)
T253C 8186:442 JLINK_ReadReg(CONTROL)  returns 0x00000000 (0000ms, 62393ms total)
T20A8 8186:454 JLINK_IsHalted()  returns TRUE (0000ms, 62393ms total)
T253C 8186:563 JLINK_EndDownload()  returns 0x00 (0000ms, 62393ms total)
T253C 8186:563 JLINK_Reset() -- CPU_ReadMem(16 bytes @ 0x20000000) -- CPU_WriteMem(16 bytes @ 0x20000000) -- CPU_ReadMem(4 bytes @ 0xE000EDFC) -- CPU_WriteMem(4 bytes @ 0xE000EDFC) -- CPU_ReadMem(4 bytes @ 0xE0001000) -- CPU_WriteMem(4 bytes @ 0xE000EDFC) -- CPU_WriteMem(16 bytes @ 0x20000000) -- CPU_WriteMem(4 bytes @ 0xE0002000) -- CPU_ReadMem(4 bytes @ 0xE000EDFC) -- CPU_ReadMem(4 bytes @ 0xE0001000) (0028ms, 62421ms total)
T20A8 8186:591 JLINK_IsHalted()  returns TRUE (0000ms, 62421ms total)
T20A8 8186:591 JLINK_GetMOEs(...) -- CPU_ReadMem(4 bytes @ 0xE000ED30) -- CPU_WriteMem(4 bytes @ 0xE000ED30)  returns 0x01 (0001ms, 62422ms total)
T20A8 8186:592 JLINK_ReadReg(R15 (PC))  returns 0x0040225C (0000ms, 62422ms total)
T253C 8186:601 JLINK_ReadReg(R15 (PC))  returns 0x0040225C (0000ms, 62422ms total)
T253C 8186:601 JLINK_ReadReg(R13 (SP))  returns 0x20003D58 (0000ms, 62422ms total)
T253C 8186:607 JLINK_ReadMemHW(0x0040225C, 0x0004 Bytes, ...) -- CPU_ReadMem(4 bytes @ 0x0040225C) - Data: 80 B5 84 B0  returns 0x00 (0001ms, 62423ms total)
T253C 8186:749 JLINK_ReadMemHW(0x004029E8, 0x0001 Bytes, ...) -- CPU_ReadMem(1 bytes @ 0x004029E8) - Data: 2D  returns 0x00 (0001ms, 62424ms total)
T253C 8186:790 JLINK_ReadReg(R15 (PC))  returns 0x0040225C (0000ms, 62424ms total)
T253C 8186:790 JLINK_GetNumBPUnits(Type = 0xFFFFFF02)  returns 0x06 (0000ms, 62424ms total)
T253C 8186:790 JLINK_SetBPEx(Addr = 0x004029E8, Type = 0xFFFFFF02)  returns 0x00000001 (0000ms, 62424ms total)
T253C 8186:790 JLINK_GetBPInfo(BPHandle = 1)  returns 0x00 (0000ms, 62424ms total)
T253C 8186:790 JLINK_Go() -- CPU_ReadMem(4 bytes @ 0xE0001000) -- CPU_WriteMem(4 bytes @ 0xE0002008) -- CPU_WriteMem(4 bytes @ 0xE000200C) -- CPU_WriteMem(4 bytes @ 0xE0002010) -- CPU_WriteMem(4 bytes @ 0xE0002014) -- CPU_WriteMem(4 bytes @ 0xE0002018) -- CPU_WriteMem(4 bytes @ 0xE000201C) -- CPU_WriteMem(4 bytes @ 0xE0001004) (0005ms, 62429ms total)
T20A8 8186:795 JLINK_IsHalted()  returns FALSE (0001ms, 62430ms total)
T20A8 8186:816 JLINK_IsHalted()  returns TRUE (0004ms, 62433ms total)
T20A8 8186:820 JLINK_GetMOEs(...) -- CPU_ReadMem(4 bytes @ 0xE000ED30) -- CPU_WriteMem(4 bytes @ 0xE000ED30)  returns 0x01 (0001ms, 62430ms total)
T20A8 8186:821 JLINK_ReadReg(R15 (PC))  returns 0x004029E8 (0000ms, 62430ms total)
T20A8 8186:821 JLINK_WriteMem(0xE000EDFC, 0x0004 Bytes, ...) - Data: 00 00 00 01 -- CPU_WriteMem(4 bytes @ 0xE000EDFC)  returns 0x04 (0001ms, 62431ms total)
T20A8 8186:822 JLINK_ReadMem (0xE0001000, 0x0004 Bytes, ...) -- CPU_ReadMem(4 bytes @ 0xE0001000) - Data: 01 00 00 40  returns 0x00 (0001ms, 62432ms total)
T20A8 8186:823 JLINK_WriteMem(0xE0001000, 0x0004 Bytes, ...) - Data: 01 00 00 40  returns 0x04 (0000ms, 62432ms total)
T20A8 8186:823 JLINK_WriteMem(0xE0001028, 0x0004 Bytes, ...) - Data: 00 01 00 00  returns 0x04 (0000ms, 62432ms total)
T20A8 8186:823 JLINK_ReadMem (0xE0001028, 0x0004 Bytes, ...) -- CPU_WriteMem(4 bytes @ 0xE0001028) -- CPU_ReadMem(4 bytes @ 0xE0001028) - Data: 00 00 00 00  returns 0x00 (0002ms, 62434ms total)
T20A8 8186:825 JLINK_WriteMem(0xE0001024, 0x0004 Bytes, ...) - Data: 1F 00 00 00  returns 0x04 (0000ms, 62434ms total)
T20A8 8186:825 JLINK_ReadMem (0xE0001024, 0x0004 Bytes, ...) -- CPU_WriteMem(4 bytes @ 0xE0001024) -- CPU_ReadMem(4 bytes @ 0xE0001024) - Data: 0F 00 00 00  returns 0x00 (0002ms, 62436ms total)
T20A8 8186:827 JLINK_WriteMem(0xE0001038, 0x0004 Bytes, ...) - Data: 00 01 00 00  returns 0x04 (0000ms, 62436ms total)
T20A8 8186:827 JLINK_ReadMem (0xE0001038, 0x0004 Bytes, ...) -- CPU_WriteMem(4 bytes @ 0xE0001038) -- CPU_ReadMem(4 bytes @ 0xE0001038) - Data: 00 03 00 00  returns 0x00 (0001ms, 62437ms total)
T20A8 8186:828 JLINK_WriteMem(0xE0001034, 0x0004 Bytes, ...) - Data: 1F 00 00 00  returns 0x04 (0000ms, 62437ms total)
T20A8 8186:828 JLINK_ReadMem (0xE0001034, 0x0004 Bytes, ...) -- CPU_WriteMem(4 bytes @ 0xE0001034) -- CPU_ReadMem(4 bytes @ 0xE0001034) - Data: 0F 00 00 00  returns 0x00 (0002ms, 62439ms total)
T20A8 8186:830 JLINK_WriteMem(0xE0001048, 0x0004 Bytes, ...) - Data: 00 01 00 00  returns 0x04 (0000ms, 62439ms total)
T20A8 8186:830 JLINK_ReadMem (0xE0001048, 0x0004 Bytes, ...) -- CPU_WriteMem(4 bytes @ 0xE0001048) -- CPU_ReadMem(4 bytes @ 0xE0001048) - Data: 00 00 00 00  returns 0x00 (0001ms, 62440ms total)
T20A8 8186:832 JLINK_WriteMem(0xE0001044, 0x0004 Bytes, ...) - Data: 1F 00 00 00  returns 0x04 (0000ms, 62441ms total)
T20A8 8186:832 JLINK_ReadMem (0xE0001044, 0x0004 Bytes, ...) -- CPU_WriteMem(4 bytes @ 0xE0001044) -- CPU_ReadMem(4 bytes @ 0xE0001044) - Data: 0F 00 00 00  returns 0x00 (0001ms, 62442ms total)
T20A8 8186:833 JLINK_WriteMem(0xE0001058, 0x0004 Bytes, ...) - Data: 00 01 00 00  returns 0x04 (0000ms, 62442ms total)
T20A8 8186:833 JLINK_ReadMem (0xE0001058, 0x0004 Bytes, ...) -- CPU_WriteMem(4 bytes @ 0xE0001058) -- CPU_ReadMem(4 bytes @ 0xE0001058) - Data: 00 00 00 00  returns 0x00 (0002ms, 62444ms total)
T20A8 8186:835 JLINK_WriteMem(0xE0001054, 0x0004 Bytes, ...) - Data: 1F 00 00 00  returns 0x04 (0000ms, 62444ms total)
T20A8 8186:835 JLINK_ReadMem (0xE0001054, 0x0004 Bytes, ...) -- CPU_WriteMem(4 bytes @ 0xE0001054) -- CPU_ReadMem(4 bytes @ 0xE0001054) - Data: 0F 00 00 00  returns 0x00 (0002ms, 62446ms total)
T20A8 8186:837 JLINK_WriteMem(0xE0001020, 0x0004 Bytes, ...) - Data: 00 00 00 00  returns 0x04 (0000ms, 62446ms total)
T20A8 8186:837 JLINK_WriteMem(0xE0001024, 0x0004 Bytes, ...) - Data: 00 00 00 00  returns 0x04 (0000ms, 62446ms total)
T20A8 8186:837 JLINK_WriteMem(0xE0001028, 0x0004 Bytes, ...) - Data: 00 00 00 00  returns 0x04 (0000ms, 62446ms total)
T20A8 8186:837 JLINK_WriteMem(0xE0001030, 0x0004 Bytes, ...) - Data: 00 00 00 00  returns 0x04 (0000ms, 62446ms total)
T20A8 8186:837 JLINK_WriteMem(0xE0001034, 0x0004 Bytes, ...) - Data: 00 00 00 00  returns 0x04 (0000ms, 62446ms total)
T20A8 8186:837 JLINK_WriteMem(0xE0001038, 0x0004 Bytes, ...) - Data: 00 00 00 00  returns 0x04 (0000ms, 62446ms total)
T20A8 8186:837 JLINK_WriteMem(0xE0001040, 0x0004 Bytes, ...) - Data: 00 00 00 00  returns 0x04 (0000ms, 62446ms total)
T20A8 8186:837 JLINK_WriteMem(0xE0001044, 0x0004 Bytes, ...) - Data: 00 00 00 00  returns 0x04 (0000ms, 62446ms total)
T20A8 8186:837 JLINK_WriteMem(0xE0001048, 0x0004 Bytes, ...) - Data: 00 00 00 00  returns 0x04 (0000ms, 62446ms total)
T20A8 8186:837 JLINK_WriteMem(0xE0001050, 0x0004 Bytes, ...) - Data: 00 00 00 00  returns 0x04 (0000ms, 62446ms total)
T20A8 8186:837 JLINK_WriteMem(0xE0001054, 0x0004 Bytes, ...) - Data: 00 00 00 00  returns 0x04 (0000ms, 62446ms total)
T20A8 8186:837 JLINK_WriteMem(0xE0001058, 0x0004 Bytes, ...) - Data: 00 00 00 00  returns 0x04 (0000ms, 62446ms total)
T20A8 8186:837 JLINK_GetBPInfo(BPHandle = 1)  returns 0x00 (0000ms, 62446ms total)
T20A8 8186:837 JLINK_ClrBPEx(BPHandle = 0x00000001)  returns 0x00 (0000ms, 62446ms total)
T253C 8186:845 JLINK_ReadReg(R15 (PC))  returns 0x004029E8 (0000ms, 62446ms total)
T253C 8186:845 JLINK_ReadReg(R13 (SP))  returns 0x20003D40 (0000ms, 62446ms total)
T253C 8186:845 JLINK_ReadMemHW(0x004029E8, 0x0004 Bytes, ...) -- CPU_ReadMem(4 bytes @ 0x004029E8) - Data: 2D E9 F0 41  returns 0x00 (0001ms, 62447ms total)
T253C 8186:857 JLINK_ReadReg(R15 (PC))  returns 0x004029E8 (0000ms, 62447ms total)
T253C 8186:857 JLINK_Go() -- CPU_WriteMem(4 bytes @ 0xE0001000) -- CPU_ReadMem(4 bytes @ 0xE0001000) -- CPU_WriteMem(4 bytes @ 0xE0001020) -- CPU_WriteMem(4 bytes @ 0xE0001030) -- CPU_WriteMem(4 bytes @ 0xE0001040) -- CPU_WriteMem(4 bytes @ 0xE0001050) -- CPU_WriteMem(4 bytes @ 0xE0001024) -- CPU_WriteMem(4 bytes @ 0xE0001034) -- CPU_WriteMem(4 bytes @ 0xE0001044) -- CPU_WriteMem(4 bytes @ 0xE0001054) -- CPU_WriteMem(4 bytes @ 0xE0001028) -- CPU_WriteMem(4 bytes @ 0xE0001038)
 -- CPU_WriteMem(4 bytes @ 0xE0001048) -- CPU_WriteMem(4 bytes @ 0xE0001058) -- CPU_WriteMem(4 bytes @ 0xE0002008) (0007ms, 62454ms total)
T20A8 8186:864 JLINK_IsHalted()  returns FALSE (0000ms, 62454ms total)
T20A8 8186:904 JLINK_IsHalted()  returns FALSE (0001ms, 62455ms total)
T20A8 8187:065 JLINK_IsHalted()  returns FALSE (0001ms, 62455ms total)
T20A8 8187:266 JLINK_IsHalted()  returns FALSE (0000ms, 62454ms total)
T20A8 8187:466 JLINK_IsHalted()  returns FALSE (0001ms, 62455ms total)
T20A8 8187:668 JLINK_IsHalted()  returns FALSE (0001ms, 62455ms total)
T20A8 8187:869 JLINK_IsHalted()  returns FALSE (0001ms, 62455ms total)
T20A8 8188:070 JLINK_IsHalted()  returns FALSE (0001ms, 62455ms total)
T20A8 8188:271 JLINK_IsHalted()  returns FALSE (0001ms, 62455ms total)
T20A8 8188:472 JLINK_IsHalted()  returns FALSE (0001ms, 62455ms total)
T20A8 8188:705 JLINK_IsHalted()  returns FALSE (0001ms, 62455ms total)
T20A8 8188:906 JLINK_IsHalted()  returns FALSE (0001ms, 62455ms total)
T20A8 8189:107 JLINK_IsHalted()  returns FALSE (0001ms, 62455ms total)
T20A8 8189:308 JLINK_IsHalted()  returns FALSE (0001ms, 62455ms total)
T20A8 8189:509 JLINK_IsHalted()  returns FALSE (0001ms, 62455ms total)
T20A8 8189:710 JLINK_IsHalted()  returns FALSE (0001ms, 62455ms total)
T20A8 8189:911 JLINK_IsHalted()  returns FALSE (0001ms, 62455ms total)
T20A8 8190:112 JLINK_IsHalted()  returns FALSE (0001ms, 62455ms total)
T20A8 8190:313 JLINK_IsHalted()  returns FALSE (0001ms, 62455ms total)
T20A8 8190:514 JLINK_IsHalted()  returns FALSE (0001ms, 62455ms total)
T20A8 8190:715 JLINK_IsHalted()  returns FALSE (0001ms, 62455ms total)
T20A8 8190:916 JLINK_IsHalted()  returns FALSE (0001ms, 62455ms total)
T20A8 8191:117 JLINK_IsHalted()  returns FALSE (0001ms, 62455ms total)
T20A8 8191:318 JLINK_IsHalted()  returns FALSE (0001ms, 62455ms total)
T20A8 8191:519 JLINK_IsHalted()  returns FALSE (0001ms, 62455ms total)
T20A8 8191:720 JLINK_IsHalted()  returns FALSE (0001ms, 62455ms total)
T20A8 8191:921 JLINK_IsHalted()  returns FALSE (0001ms, 62455ms total)
T20A8 8192:154 JLINK_IsHalted()  returns FALSE (0000ms, 62454ms total)
T20A8 8192:354 JLINK_IsHalted()  returns FALSE (0001ms, 62455ms total)
T20A8 8192:555 JLINK_IsHalted()  returns FALSE (0001ms, 62455ms total)
T20A8 8192:756 JLINK_IsHalted()  returns FALSE (0001ms, 62455ms total)
T20A8 8192:957 JLINK_IsHalted()  returns FALSE (0001ms, 62455ms total)
T20A8 8193:158 JLINK_IsHalted()  returns FALSE (0001ms, 62455ms total)
T20A8 8193:359 JLINK_IsHalted()  returns FALSE (0001ms, 62455ms total)
T20A8 8193:560 JLINK_IsHalted()  returns FALSE (0001ms, 62455ms total)
T20A8 8193:761 JLINK_IsHalted()  returns FALSE (0001ms, 62455ms total)
T20A8 8193:962 JLINK_IsHalted()  returns FALSE (0001ms, 62455ms total)
T20A8 8194:163 JLINK_IsHalted()  returns FALSE (0000ms, 62454ms total)
T20A8 8194:363 JLINK_IsHalted()  returns FALSE (0000ms, 62454ms total)
T20A8 8194:563 JLINK_IsHalted()  returns FALSE (0001ms, 62455ms total)
T20A8 8194:764 JLINK_IsHalted()  returns FALSE (0001ms, 62455ms total)
T20A8 8194:965 JLINK_IsHalted()  returns FALSE (0001ms, 62455ms total)
T20A8 8195:166 JLINK_IsHalted()  returns FALSE (0001ms, 62455ms total)
T20A8 8195:367 JLINK_IsHalted()  returns FALSE (0001ms, 62455ms total)
T20A8 8195:568 JLINK_IsHalted()  returns FALSE (0001ms, 62455ms total)
T20A8 8195:769 JLINK_IsHalted()  returns FALSE (0000ms, 62454ms total)
T20A8 8195:970 JLINK_IsHalted()  returns FALSE (0001ms, 62455ms total)
T20A8 8196:171 JLINK_IsHalted()  returns FALSE (0000ms, 62454ms total)
T20A8 8196:371 JLINK_IsHalted()  returns FALSE (0001ms, 62455ms total)
T20A8 8196:604 JLINK_IsHalted()  returns FALSE (0000ms, 62454ms total)
T20A8 8196:804 JLINK_IsHalted()  returns FALSE (0001ms, 62455ms total)
T20A8 8197:005 JLINK_IsHalted()  returns FALSE (0001ms, 62455ms total)
T20A8 8197:206 JLINK_IsHalted()  returns FALSE (0001ms, 62455ms total)
T20A8 8197:407 JLINK_IsHalted()  returns FALSE (0001ms, 62455ms total)
T20A8 8197:608 JLINK_IsHalted()  returns ERROR (0002ms, 62456ms total)
T20A8 8197:611 JLINK_ExecCommand("ProjectFile = C:\Users\H243\Documents\GitHub\Maua-trabalhos\14-ADC\14-ADC\jlink.config", ...)  returns 0x00 (0000ms, 62454ms total)
T20A8 8197:712 JLINK_ExecCommand("Device = AT91SAM4SD32C", ...)Device "ATSAM4SD32C" selected.  returns 0x00 (0000ms, 62454ms total)
T20A8 8197:712 JLINK_TIF_Select(JLINKARM_TIF_JTAG)  returns 0x00 (0000ms, 62454ms total)
T20A8 8197:712 JLINK_GetIdData(...) ScanLen=4 NumDevices=1 aId[0]=0x4BA00477 aIrRead[0]=0 aScanLen[0]=0 aScanRead[0]=0 (0001ms, 62455ms total)
T20A8 8197:713 JLINK_ConfigJTAG(IRPre = 0, DRPre = 0) (0000ms, 62455ms total)
T20A8 8197:713 JLINK_SetSpeed(4000) (0000ms, 62455ms total)
T20A8 8197:713 JLINK_ResetPullsRESET(OFF) (0000ms, 62455ms total)
T20A8 8197:713 JLINK_Connect() >0x2F8 JTAG>TotalIRLen = 4, IRPrint = 0x01 >0x30 JTAG> >0x210 JTAG> >0x70 JTAG> >0x40 JTAG> >0x40 JTAG> >0x40 JTAG> >0x48 JTAG> >0x78 JTAG> >0x40 JTAG> >0x30 JTAG> >0x40 JTAG> >0x40 JTAG> >0x30 JTAG> >0x40 JTAG> >0x48 JTAG>Found Cortex-M4 r0p1, Little endian. -- CPU_ReadMem(4 bytes @ 0xE000EDF0) -- CPU_ReadMem(4 bytes @ 0xE0002000)FPUnit: 6 code (BP) slots and 2 literal slots -- CPU_ReadMem(4 bytes @ 0xE0001000) -- CPU_WriteMem(4 bytes @ 0xE0001000)
 -- CPU_ReadMem(4 bytes @ 0xE000ED88) -- CPU_WriteMem(4 bytes @ 0xE000ED88) -- CPU_ReadMem(4 bytes @ 0xE000ED88) -- CPU_WriteMem(4 bytes @ 0xE000ED88)CoreSight components:ROMTbl 0 @ E00FF000 -- CPU_ReadMem(16 bytes @ 0xE00FF000) -- CPU_ReadMem(16 bytes @ 0xE000EFF0) -- CPU_ReadMem(16 bytes @ 0xE000EFE0)ROMTbl 0 [0]: FFF0F000, CID: B105E00D, PID: 000BB000 SCS -- CPU_ReadMem(16 bytes @ 0xE0001FF0) -- CPU_ReadMem(16 bytes @ 0xE0001FE0)ROMTbl 0 [1]: FFF02000, CID: B105E00D, PID: 003BB002 DWT
 -- CPU_ReadMem(16 bytes @ 0xE0002FF0) -- CPU_ReadMem(16 bytes @ 0xE0002FE0)ROMTbl 0 [2]: FFF03000, CID: B105E00D, PID: 002BB003 FPB -- CPU_ReadMem(16 bytes @ 0xE0000FF0) -- CPU_ReadMem(16 bytes @ 0xE0000FE0)ROMTbl 0 [3]: FFF01000, CID: B105E00D, PID: 003BB001 ITM -- CPU_ReadMem(16 bytes @ 0xE00FF010) -- CPU_ReadMem(16 bytes @ 0xE0040FF0) -- CPU_ReadMem(16 bytes @ 0xE0040FE0)ROMTbl 0 [4]: FFF41000, CID: B105900D, PID: 000BB9A1 TPIU  returns 0x00 (0025ms, 62480ms total)
T20A8 8197:738 JLINK_Go()
  ***** Error: CPU is not halted (0001ms, 62481ms total)
T20A8 8197:954 JLINK_IsHalted()  returns FALSE (0001ms, 62482ms total)
T20A8 8198:155 JLINK_IsHalted()  returns FALSE (0000ms, 62481ms total)
T20A8 8198:355 JLINK_IsHalted()  returns FALSE (0000ms, 62481ms total)
T20A8 8198:555 JLINK_IsHalted()  returns FALSE (0000ms, 62481ms total)
T20A8 8198:755 JLINK_IsHalted()  returns FALSE (0000ms, 62481ms total)
T20A8 8198:955 JLINK_IsHalted()  returns FALSE (0001ms, 62482ms total)
T20A8 8199:156 JLINK_IsHalted()  returns FALSE (0001ms, 62482ms total)
T20A8 8199:357 JLINK_IsHalted()  returns FALSE (0000ms, 62481ms total)
T20A8 8199:557 JLINK_IsHalted()  returns FALSE (0000ms, 62481ms total)
T20A8 8199:758 JLINK_IsHalted()  returns FALSE (0001ms, 62482ms total)
T20A8 8199:959 JLINK_IsHalted()  returns FALSE (0001ms, 62482ms total)
T20A8 8200:160 JLINK_IsHalted()  returns FALSE (0001ms, 62482ms total)
T20A8 8200:361 JLINK_IsHalted()  returns FALSE (0001ms, 62482ms total)
T20A8 8200:562 JLINK_IsHalted()  returns FALSE (0001ms, 62482ms total)
T20A8 8200:763 JLINK_IsHalted()  returns FALSE (0001ms, 62482ms total)
T20A8 8200:964 JLINK_IsHalted()  returns FALSE (0001ms, 62482ms total)
T20A8 8201:165 JLINK_IsHalted()  returns FALSE (0001ms, 62482ms total)
T20A8 8201:366 JLINK_IsHalted()  returns FALSE (0001ms, 62482ms total)
T20A8 8201:567 JLINK_IsHalted()  returns FALSE (0001ms, 62482ms total)
T20A8 8201:768 JLINK_IsHalted()  returns FALSE (0001ms, 62482ms total)
T20A8 8201:969 JLINK_IsHalted()  returns FALSE (0001ms, 62482ms total)
T20A8 8202:170 JLINK_IsHalted()  returns FALSE (0001ms, 62482ms total)
T20A8 8202:371 JLINK_IsHalted()  returns FALSE (0000ms, 62481ms total)
T20A8 8202:604 JLINK_IsHalted()  returns FALSE (0001ms, 62482ms total)
T20A8 8202:805 JLINK_IsHalted()  returns FALSE (0001ms, 62482ms total)
T20A8 8203:006 JLINK_IsHalted()  returns FALSE (0000ms, 62481ms total)
T20A8 8203:206 JLINK_IsHalted()  returns FALSE (0001ms, 62482ms total)
T20A8 8203:407 JLINK_IsHalted()  returns FALSE (0001ms, 62482ms total)
T20A8 8203:608 JLINK_IsHalted()  returns FALSE (0001ms, 62482ms total)
T20A8 8203:809 JLINK_IsHalted()  returns FALSE (0001ms, 62482ms total)
T20A8 8204:010 JLINK_IsHalted()  returns FALSE (0001ms, 62482ms total)
T20A8 8204:211 JLINK_IsHalted()  returns FALSE (0001ms, 62482ms total)
T20A8 8204:412 JLINK_IsHalted()  returns FALSE (0001ms, 62482ms total)
T20A8 8204:613 JLINK_IsHalted()  returns FALSE (0001ms, 62482ms total)
T20A8 8204:814 JLINK_IsHalted()  returns FALSE (0001ms, 62482ms total)
T20A8 8205:015 JLINK_IsHalted()  returns FALSE (0001ms, 62482ms total)
T20A8 8205:217 JLINK_IsHalted()  returns FALSE (0001ms, 62482ms total)
T20A8 8205:418 JLINK_IsHalted()  returns FALSE (0001ms, 62482ms total)
T20A8 8205:619 JLINK_IsHalted()  returns FALSE (0001ms, 62482ms total)
T20A8 8205:820 JLINK_IsHalted()  returns FALSE (0001ms, 62482ms total)
T20A8 8206:021 JLINK_IsHalted()  returns FALSE (0001ms, 62482ms total)
T20A8 8206:222 JLINK_IsHalted()  returns FALSE (0001ms, 62482ms total)
T20A8 8206:455 JLINK_IsHalted()  returns FALSE (0001ms, 62482ms total)
T20A8 8206:656 JLINK_IsHalted()  returns FALSE (0001ms, 62482ms total)
T20A8 8206:857 JLINK_IsHalted()  returns FALSE (0001ms, 62482ms total)
T20A8 8207:058 JLINK_IsHalted()  returns FALSE (0000ms, 62481ms total)
T20A8 8207:258 JLINK_IsHalted()  returns FALSE (0001ms, 62482ms total)
T20A8 8207:459 JLINK_IsHalted()  returns FALSE (0001ms, 62482ms total)
T20A8 8207:660 JLINK_IsHalted()  returns FALSE (0001ms, 62482ms total)
T20A8 8207:861 JLINK_IsHalted()  returns FALSE (0001ms, 62482ms total)
T20A8 8208:062 JLINK_IsHalted()  returns FALSE (0001ms, 62482ms total)
T20A8 8208:263 JLINK_IsHalted()  returns FALSE (0001ms, 62482ms total)
T20A8 8208:464 JLINK_IsHalted()  returns FALSE (0001ms, 62482ms total)
T20A8 8208:665 JLINK_IsHalted()  returns FALSE (0001ms, 62482ms total)
T20A8 8208:866 JLINK_IsHalted()  returns FALSE (0001ms, 62482ms total)
T20A8 8209:067 JLINK_IsHalted()  returns FALSE (0000ms, 62481ms total)
T20A8 8209:267 JLINK_IsHalted()  returns FALSE (0001ms, 62482ms total)
T20A8 8209:468 JLINK_IsHalted()  returns FALSE (0001ms, 62482ms total)
T20A8 8209:669 JLINK_IsHalted()  returns FALSE (0001ms, 62482ms total)
T20A8 8209:870 JLINK_IsHalted()  returns FALSE (0000ms, 62481ms total)
T20A8 8210:070 JLINK_IsHalted()  returns FALSE (0001ms, 62482ms total)
T20A8 8210:271 JLINK_IsHalted()  returns FALSE (0000ms, 62481ms total)
T20A8 8210:471 JLINK_IsHalted()  returns FALSE (0001ms, 62482ms total)
T20A8 8210:704 JLINK_IsHalted()  returns FALSE (0001ms, 62482ms total)
T20A8 8210:905 JLINK_IsHalted()  returns FALSE (0001ms, 62482ms total)
T20A8 8211:106 JLINK_IsHalted()  returns FALSE (0001ms, 62482ms total)
T20A8 8211:307 JLINK_IsHalted()  returns FALSE (0000ms, 62481ms total)
T20A8 8211:507 JLINK_IsHalted()  returns FALSE (0000ms, 62481ms total)
T20A8 8211:708 JLINK_IsHalted()  returns FALSE (0000ms, 62481ms total)
T20A8 8211:908 JLINK_IsHalted()  returns FALSE (0001ms, 62482ms total)
T20A8 8212:109 JLINK_IsHalted()  returns FALSE (0001ms, 62482ms total)
T20A8 8212:310 JLINK_IsHalted()  returns FALSE (0001ms, 62482ms total)
T20A8 8212:511 JLINK_IsHalted()  returns FALSE (0001ms, 62482ms total)
T20A8 8212:712 JLINK_IsHalted()  returns FALSE (0000ms, 62481ms total)
T20A8 8212:912 JLINK_IsHalted()  returns FALSE (0001ms, 62482ms total)
T20A8 8213:113 JLINK_IsHalted()  returns FALSE (0001ms, 62482ms total)
T20A8 8213:314 JLINK_IsHalted()  returns FALSE (0000ms, 62481ms total)
T20A8 8213:515 JLINK_IsHalted()  returns FALSE (0000ms, 62481ms total)
T20A8 8213:715 JLINK_IsHalted()  returns FALSE (0001ms, 62482ms total)
T20A8 8213:916 JLINK_IsHalted()  returns FALSE (0001ms, 62482ms total)
T20A8 8214:117 JLINK_IsHalted()  returns FALSE (0001ms, 62482ms total)
T20A8 8214:318 JLINK_IsHalted()  returns FALSE (0001ms, 62482ms total)
T20A8 8214:519 JLINK_IsHalted()  returns ERROR (0003ms, 62484ms total)
T20A8 8214:522 JLINK_ExecCommand("ProjectFile = C:\Users\H243\Documents\GitHub\Maua-trabalhos\14-ADC\14-ADC\jlink.config", ...)  returns 0x00 (0000ms, 62481ms total)
T20A8 8214:636 JLINK_ExecCommand("Device = AT91SAM4SD32C", ...)Device "ATSAM4SD32C" selected.  returns 0x00 (0001ms, 62482ms total)
T20A8 8214:637 JLINK_TIF_Select(JLINKARM_TIF_JTAG)  returns 0x00 (0000ms, 62482ms total)
T20A8 8214:637 JLINK_GetIdData(...) ScanLen=4 NumDevices=1 aId[0]=0x4BA00477 aIrRead[0]=0 aScanLen[0]=0 aScanRead[0]=0 (0000ms, 62482ms total)
T20A8 8214:637 JLINK_ConfigJTAG(IRPre = 0, DRPre = 0) (0000ms, 62482ms total)
T20A8 8214:637 JLINK_SetSpeed(4000) (0001ms, 62483ms total)
T20A8 8214:638 JLINK_ResetPullsRESET(OFF) (0000ms, 62483ms total)
T20A8 8214:638 JLINK_Connect() >0x2F8 JTAG>TotalIRLen = 4, IRPrint = 0x01 >0x30 JTAG> >0x210 JTAG> >0x70 JTAG> >0x30 JTAG> >0x30 JTAG> >0x30 JTAG> >0x30 JTAG> >0x30 JTAG> >0x30 JTAG> >0x30 JTAG> >0x30 JTAG> >0x30 JTAG> >0x30 JTAG> >0x30 JTAG> >0x30 JTAG> >0x30 JTAG> >0x30 JTAG> >0x30 JTAG> >0x30 JTAG> >0x30 JTAG> >0x30 JTAG> >0x30 JTAG> >0x30 JTAG> >0x30 JTAG> >0x30 JTAG> >0x30 JTAG> >0x30 JTAG> >0x30 JTAG> >0x30 JTAG> >0x30 JTAG> >0x30 JTAG> >0x30 JTAG> >0x30 JTAG> >0x30 JTAG> >0x30 JTAG> >0x30 JTAG>
 >0x30 JTAG> >0x30 JTAG> >0x30 JTAG> >0x30 JTAG> >0x30 JTAG> >0x30 JTAG> >0x30 JTAG> >0x30 JTAG> >0x30 JTAG> >0x30 JTAG> >0x30 JTAG> >0x30 JTAG> >0x30 JTAG> >0x30 JTAG> >0x30 JTAG> >0x30 JTAG> >0x30 JTAG> >0x30 JTAG> >0x30 JTAG> >0x30 JTAG> >0x30 JTAG> >0x30 JTAG> >0x30 JTAG> >0x30 JTAG> >0x30 JTAG> >0x30 JTAG> >0x30 JTAG> >0x30 JTAG> >0x30 JTAG> >0x30 JTAG> >0x30 JTAG> >0x30 JTAG> >0x30 JTAG> >0x30 JTAG> >0x30 JTAG> >0x30 JTAG> >0x30 JTAG> >0x30 JTAG> >0x30 JTAG> >0x30 JTAG> >0x30 JTAG> >0x30 JTAG>
 >0x30 JTAG> >0x30 JTAG> >0x30 JTAG> >0x30 JTAG> >0x30 JTAG> >0x30 JTAG> >0x30 JTAG> >0x30 JTAG> >0x30 JTAG> >0x30 JTAG> >0x30 JTAG> >0x30 JTAG> >0x30 JTAG> >0x30 JTAG> >0x30 JTAG> >0x30 JTAG> >0x30 JTAG> >0x30 JTAG> >0x30 JTAG> >0x30 JTAG> >0x30 JTAG> >0x30 JTAG> >0x30 JTAG> >0x30 JTAG> >0x30 JTAG> >0x40 JTAG> >0x30 JTAG> >0x40 JTAG> >0x40 JTAG> >0x48 JTAG> >0x2F8 JTAG>TotalIRLen = 4, IRPrint = 0x01 >0x30 JTAG> >0x210 JTAG> >0x70 JTAG> >0x40 JTAG> >0x40 JTAG> >0x40 JTAG> >0x48 JTAG> >0x78 JTAG>
 >0x40 JTAG> >0x30 JTAG> >0x40 JTAG> >0x40 JTAG> >0x30 JTAG> >0x40 JTAG> >0x48 JTAG>Found Cortex-M4 r0p1, Little endian. -- CPU_ReadMem(4 bytes @ 0xE000EDF0) -- CPU_ReadMem(4 bytes @ 0xE0002000)FPUnit: 6 code (BP) slots and 2 literal slots -- CPU_ReadMem(4 bytes @ 0xE000EDFC) -- CPU_ReadMem(4 bytes @ 0xE0001000) -- CPU_WriteMem(4 bytes @ 0xE0001000) -- CPU_ReadMem(4 bytes @ 0xE000ED88) -- CPU_WriteMem(4 bytes @ 0xE000ED88) -- CPU_ReadMem(4 bytes @ 0xE000ED88) -- CPU_WriteMem(4 bytes @ 0xE000ED88)
CoreSight components:ROMTbl 0 @ E00FF000 -- CPU_ReadMem(16 bytes @ 0xE00FF000) -- CPU_ReadMem(16 bytes @ 0xE000EFF0) -- CPU_ReadMem(16 bytes @ 0xE000EFE0)ROMTbl 0 [0]: FFF0F000, CID: B105E00D, PID: 000BB000 SCS -- CPU_ReadMem(16 bytes @ 0xE0001FF0) -- CPU_ReadMem(16 bytes @ 0xE0001FE0)ROMTbl 0 [1]: FFF02000, CID: B105E00D, PID: 003BB002 DWT -- CPU_ReadMem(16 bytes @ 0xE0002FF0) -- CPU_ReadMem(16 bytes @ 0xE0002FE0)ROMTbl 0 [2]: FFF03000, CID: B105E00D, PID: 002BB003 FPB
 -- CPU_ReadMem(16 bytes @ 0xE0000FF0) -- CPU_ReadMem(16 bytes @ 0xE0000FE0)ROMTbl 0 [3]: FFF01000, CID: B105E00D, PID: 003BB001 ITM -- CPU_ReadMem(16 bytes @ 0xE00FF010) -- CPU_ReadMem(16 bytes @ 0xE0040FF0) -- CPU_ReadMem(16 bytes @ 0xE0040FE0)ROMTbl 0 [4]: FFF41000, CID: B105900D, PID: 000BB9A1 TPIU  returns 0x00 (0154ms, 62637ms total)
T20A8 8214:792 JLINK_Go()
  ***** Error: CPU is not halted (0001ms, 62638ms total)
T20A8 8215:004 JLINK_IsHalted()  returns FALSE (0000ms, 62638ms total)
T20A8 8215:205 JLINK_IsHalted()  returns FALSE (0001ms, 62639ms total)
T20A8 8215:406 JLINK_IsHalted()  returns FALSE (0001ms, 62639ms total)
T20A8 8215:607 JLINK_IsHalted()  returns FALSE (0000ms, 62638ms total)
T20A8 8215:807 JLINK_IsHalted()  returns FALSE (0001ms, 62639ms total)
T20A8 8216:008 JLINK_IsHalted()  returns FALSE (0000ms, 62638ms total)
T20A8 8216:208 JLINK_IsHalted()  returns FALSE (0000ms, 62638ms total)
T20A8 8216:408 JLINK_IsHalted()  returns FALSE (0000ms, 62638ms total)
T20A8 8216:608 JLINK_IsHalted()  returns FALSE (0000ms, 62638ms total)
T20A8 8216:808 JLINK_IsHalted()  returns FALSE (0001ms, 62639ms total)
T20A8 8217:009 JLINK_IsHalted()  returns FALSE (0001ms, 62639ms total)
T20A8 8217:210 JLINK_IsHalted()  returns FALSE (0001ms, 62639ms total)
T20A8 8217:411 JLINK_IsHalted()  returns FALSE (0001ms, 62639ms total)
T20A8 8217:612 JLINK_IsHalted()  returns FALSE (0001ms, 62639ms total)
T20A8 8217:813 JLINK_IsHalted()  returns FALSE (0001ms, 62639ms total)
T20A8 8218:014 JLINK_IsHalted()  returns FALSE (0001ms, 62639ms total)
T20A8 8218:215 JLINK_IsHalted()  returns FALSE (0001ms, 62639ms total)
T20A8 8218:416 JLINK_IsHalted()  returns FALSE (0001ms, 62639ms total)
T20A8 8218:617 JLINK_IsHalted()  returns FALSE (0001ms, 62639ms total)
T20A8 8218:818 JLINK_IsHalted()  returns FALSE (0001ms, 62639ms total)
T20A8 8219:019 JLINK_IsHalted()  returns FALSE (0001ms, 62639ms total)
T20A8 8219:220 JLINK_IsHalted()  returns FALSE (0001ms, 62639ms total)
T20A8 8219:421 JLINK_IsHalted()  returns FALSE (0001ms, 62639ms total)
T20A8 8219:654 JLINK_IsHalted()  returns FALSE (0000ms, 62638ms total)
T20A8 8219:854 JLINK_IsHalted()  returns FALSE (0001ms, 62639ms total)
T20A8 8220:055 JLINK_IsHalted()  returns FALSE (0000ms, 62638ms total)
T20A8 8220:255 JLINK_IsHalted()  returns FALSE (0001ms, 62639ms total)
T20A8 8220:456 JLINK_IsHalted()  returns FALSE (0001ms, 62639ms total)
T20A8 8220:657 JLINK_IsHalted()  returns FALSE (0035ms, 62673ms total)
T20A8 8220:904 JLINK_IsHalted()  returns FALSE (0001ms, 62639ms total)
T20A8 8221:105 JLINK_IsHalted()  returns FALSE (0001ms, 62639ms total)
T20A8 8221:306 JLINK_IsHalted()  returns FALSE (0001ms, 62639ms total)
T20A8 8221:507 JLINK_IsHalted()  returns FALSE (0001ms, 62639ms total)
T20A8 8221:708 JLINK_IsHalted()  returns FALSE (0001ms, 62639ms total)
T20A8 8221:909 JLINK_IsHalted()  returns FALSE (0001ms, 62639ms total)
T20A8 8222:110 JLINK_IsHalted()  returns FALSE (0001ms, 62639ms total)
T20A8 8222:311 JLINK_IsHalted()  returns FALSE (0000ms, 62638ms total)
T20A8 8222:511 JLINK_IsHalted()  returns FALSE (0001ms, 62639ms total)
T20A8 8222:713 JLINK_IsHalted()  returns FALSE (0001ms, 62639ms total)
T20A8 8222:914 JLINK_IsHalted()  returns FALSE (0000ms, 62638ms total)
T20A8 8223:114 JLINK_IsHalted()  returns FALSE (0001ms, 62639ms total)
T20A8 8223:315 JLINK_IsHalted()  returns FALSE (0000ms, 62638ms total)
T20A8 8223:515 JLINK_IsHalted()  returns FALSE (0001ms, 62639ms total)
T20A8 8223:716 JLINK_IsHalted()  returns FALSE (0001ms, 62639ms total)
T20A8 8223:917 JLINK_IsHalted()  returns FALSE (0001ms, 62639ms total)
T20A8 8224:118 JLINK_IsHalted()  returns FALSE (0001ms, 62639ms total)
T20A8 8224:319 JLINK_IsHalted()  returns FALSE (0001ms, 62639ms total)
T20A8 8224:520 JLINK_IsHalted()  returns FALSE (0001ms, 62639ms total)
T20A8 8224:721 JLINK_IsHalted()  returns FALSE (0001ms, 62639ms total)
T20A8 8224:922 JLINK_IsHalted()  returns FALSE (0001ms, 62639ms total)
T20A8 8225:155 JLINK_IsHalted()  returns FALSE (0001ms, 62639ms total)
T20A8 8225:356 JLINK_IsHalted()  returns FALSE (0001ms, 62639ms total)
T20A8 8225:557 JLINK_IsHalted()  returns FALSE (0001ms, 62639ms total)
T20A8 8225:758 JLINK_IsHalted()  returns FALSE (0001ms, 62639ms total)
T20A8 8225:959 JLINK_IsHalted()  returns FALSE (0001ms, 62639ms total)
T20A8 8226:160 JLINK_IsHalted()  returns FALSE (0001ms, 62639ms total)
T20A8 8226:361 JLINK_IsHalted()  returns FALSE (0001ms, 62639ms total)
T20A8 8226:562 JLINK_IsHalted()  returns FALSE (0000ms, 62638ms total)
T20A8 8226:762 JLINK_IsHalted()  returns FALSE (0001ms, 62639ms total)
T20A8 8226:963 JLINK_IsHalted()  returns FALSE (0000ms, 62638ms total)
T20A8 8227:163 JLINK_IsHalted()  returns FALSE (0000ms, 62638ms total)
T20A8 8227:363 JLINK_IsHalted()  returns FALSE (0000ms, 62638ms total)
T20A8 8227:563 JLINK_IsHalted()  returns FALSE (0001ms, 62639ms total)
T20A8 8227:764 JLINK_IsHalted()  returns FALSE (0001ms, 62639ms total)
T20A8 8227:965 JLINK_IsHalted()  returns FALSE (0000ms, 62638ms total)
T20A8 8228:165 JLINK_IsHalted()  returns FALSE (0001ms, 62639ms total)
T20A8 8228:366 JLINK_IsHalted()  returns FALSE (0001ms, 62639ms total)
T20A8 8228:567 JLINK_IsHalted()  returns FALSE (0000ms, 62638ms total)
T20A8 8228:767 JLINK_IsHalted()  returns FALSE (0001ms, 62639ms total)
T20A8 8228:968 JLINK_IsHalted()  returns FALSE (0001ms, 62639ms total)
T20A8 8229:169 JLINK_IsHalted()  returns FALSE (0001ms, 62639ms total)
T20A8 8229:370 JLINK_IsHalted()  returns FALSE (0001ms, 62639ms total)
T20A8 8229:571 JLINK_IsHalted()  returns FALSE (0001ms, 62639ms total)
T20A8 8229:804 JLINK_IsHalted()  returns FALSE (0000ms, 62638ms total)
T20A8 8230:004 JLINK_IsHalted()  returns FALSE (0001ms, 62639ms total)
T20A8 8230:205 JLINK_IsHalted()  returns FALSE (0001ms, 62639ms total)
T20A8 8230:406 JLINK_IsHalted()  returns FALSE (0001ms, 62639ms total)
T20A8 8230:608 JLINK_IsHalted()  returns FALSE (0002ms, 62640ms total)
T20A8 8230:810 JLINK_IsHalted()  returns FALSE (0001ms, 62639ms total)
T20A8 8231:011 JLINK_IsHalted()  returns FALSE (0001ms, 62639ms total)
T20A8 8231:212 JLINK_IsHalted()  returns FALSE (0001ms, 62639ms total)
T20A8 8231:413 JLINK_IsHalted()  returns FALSE (0000ms, 62638ms total)
T20A8 8231:613 JLINK_IsHalted()  returns FALSE (0000ms, 62638ms total)
T20A8 8231:813 JLINK_IsHalted()  returns FALSE (0000ms, 62638ms total)
T20A8 8232:013 JLINK_IsHalted()  returns FALSE (0001ms, 62639ms total)
T20A8 8232:214 JLINK_IsHalted()  returns FALSE (0001ms, 62639ms total)
T20A8 8232:415 JLINK_IsHalted()  returns FALSE (0001ms, 62639ms total)
T20A8 8232:616 JLINK_IsHalted()  returns FALSE (0001ms, 62639ms total)
T20A8 8232:817 JLINK_IsHalted()  returns FALSE (0001ms, 62639ms total)
T20A8 8233:018 JLINK_IsHalted()  returns FALSE (0001ms, 62639ms total)
T20A8 8233:219 JLINK_IsHalted()  returns FALSE (0001ms, 62639ms total)
T20A8 8233:420 JLINK_IsHalted()  returns FALSE (0001ms, 62639ms total)
T20A8 8233:621 JLINK_IsHalted()  returns FALSE (0001ms, 62639ms total)
T20A8 8233:854 JLINK_IsHalted()  returns FALSE (0001ms, 62639ms total)
T20A8 8234:055 JLINK_IsHalted()  returns FALSE (0000ms, 62638ms total)
T20A8 8234:255 JLINK_IsHalted()  returns FALSE (0001ms, 62639ms total)
T20A8 8234:457 JLINK_IsHalted()  returns FALSE (0000ms, 62638ms total)
T20A8 8234:657 JLINK_IsHalted()  returns FALSE (0001ms, 62639ms total)
T20A8 8234:858 JLINK_IsHalted()  returns FALSE (0001ms, 62639ms total)
T20A8 8235:059 JLINK_IsHalted()  returns FALSE (0001ms, 62639ms total)
T20A8 8235:260 JLINK_IsHalted()  returns FALSE (0001ms, 62639ms total)
T20A8 8235:461 JLINK_IsHalted()  returns FALSE (0001ms, 62639ms total)
T20A8 8235:662 JLINK_IsHalted()  returns FALSE (0001ms, 62639ms total)
T20A8 8235:863 JLINK_IsHalted()  returns FALSE (0001ms, 62639ms total)
T20A8 8236:064 JLINK_IsHalted()  returns FALSE (0001ms, 62639ms total)
T20A8 8236:265 JLINK_IsHalted()  returns FALSE (0001ms, 62639ms total)
T20A8 8236:466 JLINK_IsHalted()  returns FALSE (0001ms, 62639ms total)
T20A8 8236:667 JLINK_IsHalted()  returns FALSE (0001ms, 62639ms total)
T20A8 8236:868 JLINK_IsHalted()  returns FALSE (0001ms, 62639ms total)
T20A8 8237:069 JLINK_IsHalted()  returns FALSE (0001ms, 62639ms total)
T20A8 8237:270 JLINK_IsHalted()  returns FALSE (0001ms, 62639ms total)
T20A8 8237:471 JLINK_IsHalted()  returns FALSE (0001ms, 62639ms total)
T20A8 8237:704 JLINK_IsHalted()  returns FALSE (0001ms, 62639ms total)
T20A8 8237:905 JLINK_IsHalted()  returns FALSE (0001ms, 62639ms total)
T20A8 8238:106 JLINK_IsHalted()  returns FALSE (0000ms, 62638ms total)
T20A8 8238:306 JLINK_IsHalted()  returns FALSE (0000ms, 62638ms total)
T20A8 8238:506 JLINK_IsHalted()  returns FALSE (0000ms, 62638ms total)
T20A8 8238:706 JLINK_IsHalted()  returns FALSE (0001ms, 62639ms total)
T20A8 8238:907 JLINK_IsHalted()  returns FALSE (0000ms, 62638ms total)
T20A8 8239:107 JLINK_IsHalted()  returns FALSE (0001ms, 62639ms total)
T20A8 8239:308 JLINK_IsHalted()  returns FALSE (0001ms, 62639ms total)
T20A8 8239:509 JLINK_IsHalted()  returns FALSE (0001ms, 62639ms total)
T20A8 8239:710 JLINK_IsHalted()  returns FALSE (0000ms, 62638ms total)
T20A8 8239:910 JLINK_IsHalted()  returns FALSE (0001ms, 62639ms total)
T20A8 8240:112 JLINK_IsHalted()  returns FALSE (0001ms, 62639ms total)
T20A8 8240:313 JLINK_IsHalted()  returns FALSE (0000ms, 62638ms total)
T20A8 8240:513 JLINK_IsHalted()  returns FALSE (0001ms, 62639ms total)
T20A8 8240:714 JLINK_IsHalted()  returns FALSE (0039ms, 62677ms total)
T20A8 8240:955 JLINK_IsHalted()  returns FALSE (0001ms, 62639ms total)
T20A8 8241:156 JLINK_IsHalted()  returns FALSE (0000ms, 62638ms total)
T20A8 8241:356 JLINK_IsHalted()  returns FALSE (0001ms, 62639ms total)
T20A8 8241:557 JLINK_IsHalted()  returns FALSE (0000ms, 62638ms total)
T20A8 8241:757 JLINK_IsHalted()  returns FALSE (0001ms, 62639ms total)
T20A8 8241:958 JLINK_IsHalted()  returns FALSE (0001ms, 62639ms total)
T20A8 8242:159 JLINK_IsHalted()  returns FALSE (0001ms, 62639ms total)
T20A8 8242:360 JLINK_IsHalted()  returns FALSE (0000ms, 62638ms total)
T20A8 8242:560 JLINK_IsHalted()  returns FALSE (0001ms, 62639ms total)
T20A8 8242:761 JLINK_IsHalted()  returns FALSE (0001ms, 62639ms total)
T20A8 8242:962 JLINK_IsHalted()  returns FALSE (0000ms, 62638ms total)
T20A8 8243:162 JLINK_IsHalted()  returns FALSE (0001ms, 62639ms total)
T20A8 8243:363 JLINK_IsHalted()  returns FALSE (0001ms, 62639ms total)
T20A8 8243:564 JLINK_IsHalted()  returns FALSE (0001ms, 62639ms total)
T20A8 8243:765 JLINK_IsHalted()  returns FALSE (0001ms, 62639ms total)
T20A8 8243:966 JLINK_IsHalted()  returns FALSE (0001ms, 62639ms total)
T20A8 8244:167 JLINK_IsHalted()  returns FALSE (0001ms, 62639ms total)
T20A8 8244:368 JLINK_IsHalted()  returns FALSE (0001ms, 62639ms total)
T20A8 8244:569 JLINK_IsHalted()  returns FALSE (0001ms, 62639ms total)
T20A8 8244:770 JLINK_IsHalted()  returns FALSE (0001ms, 62639ms total)
T20A8 8244:971 JLINK_IsHalted()  returns FALSE (0001ms, 62639ms total)
T20A8 8245:204 JLINK_IsHalted()  returns FALSE (0001ms, 62639ms total)
T20A8 8245:405 JLINK_IsHalted()  returns FALSE (0000ms, 62638ms total)
T20A8 8245:605 JLINK_IsHalted()  returns FALSE (0001ms, 62639ms total)
T20A8 8245:806 JLINK_IsHalted()  returns FALSE (0001ms, 62639ms total)
T20A8 8246:007 JLINK_IsHalted()  returns FALSE (0001ms, 62639ms total)
T20A8 8246:208 JLINK_IsHalted()  returns FALSE (0000ms, 62638ms total)
T253C 8246:239 JLINK_Halt()  returns 0x00 (0004ms, 62642ms total)
T20A8 8246:408 JLINK_IsHalted()  returns TRUE (0000ms, 62642ms total)
T20A8 8246:408 JLINK_GetMOEs(...) -- CPU_ReadMem(4 bytes @ 0xE000ED30) -- CPU_WriteMem(4 bytes @ 0xE000ED30)  returns 0x01 (0002ms, 62644ms total)
T20A8 8246:410 JLINK_ReadReg(R15 (PC))  returns 0x00402A40 (0001ms, 62645ms total)
T239C 8246:411 JLINK_ResetPullsRESET(ON) (0000ms, 62645ms total)
T239C 8246:411 JLINK_ResetNoHalt() >0x2F8 JTAG>TotalIRLen = 4, IRPrint = 0x01 >0x30 JTAG> >0x210 JTAG> >0x70 JTAG> >0x40 JTAG> >0x40 JTAG> >0x40 JTAG> >0x48 JTAG> >0x78 JTAG> >0x40 JTAG> >0x30 JTAG> >0x40 JTAG> >0x40 JTAG> >0x30 JTAG> >0x40 JTAG> >0x48 JTAG>Found Cortex-M4 r0p1, Little endian. -- CPU_ReadMem(4 bytes @ 0xE000EDF0) -- CPU_ReadMem(4 bytes @ 0xE0002000)FPUnit: 6 code (BP) slots and 2 literal slots -- CPU_ReadMem(4 bytes @ 0xE000EDFC) -- CPU_ReadMem(4 bytes @ 0xE0001000)
 -- CPU_ReadMem(4 bytes @ 0xE000ED88) -- CPU_WriteMem(4 bytes @ 0xE000ED88) -- CPU_ReadMem(4 bytes @ 0xE000ED88) -- CPU_WriteMem(4 bytes @ 0xE000ED88)CoreSight components:ROMTbl 0 @ E00FF000 -- CPU_ReadMem(16 bytes @ 0xE00FF000) -- CPU_ReadMem(16 bytes @ 0xE000EFF0) -- CPU_ReadMem(16 bytes @ 0xE000EFE0)ROMTbl 0 [0]: FFF0F000, CID: B105E00D, PID: 000BB000 SCS -- CPU_WriteMem(4 bytes @ 0xE0001000) -- CPU_ReadMem(16 bytes @ 0xE0001FF0) -- CPU_ReadMem(16 bytes @ 0xE0001FE0)
ROMTbl 0 [1]: FFF02000, CID: B105E00D, PID: 003BB002 DWT -- CPU_ReadMem(16 bytes @ 0xE0002FF0) -- CPU_ReadMem(16 bytes @ 0xE0002FE0)ROMTbl 0 [2]: FFF03000, CID: B105E00D, PID: 002BB003 FPB -- CPU_ReadMem(16 bytes @ 0xE0000FF0) -- CPU_ReadMem(16 bytes @ 0xE0000FE0)ROMTbl 0 [3]: FFF01000, CID: B105E00D, PID: 003BB001 ITM -- CPU_ReadMem(16 bytes @ 0xE00FF010) -- CPU_ReadMem(16 bytes @ 0xE0040FF0) -- CPU_ReadMem(16 bytes @ 0xE0040FE0)ROMTbl 0 [4]: FFF41000, CID: B105900D, PID: 000BB9A1 TPIU
                JLINK_Reset() -- CPU_ReadMem(16 bytes @ 0x20000000) -- CPU_WriteMem(16 bytes @ 0x20000000) -- CPU_ReadMem(4 bytes @ 0xE000EDFC) -- CPU_WriteMem(4 bytes @ 0xE000EDFC) -- CPU_ReadMem(4 bytes @ 0xE0001000) -- CPU_WriteMem(4 bytes @ 0xE000EDFC) -- CPU_WriteMem(16 bytes @ 0x20000000) -- CPU_WriteMem(4 bytes @ 0xE0002000) -- CPU_ReadMem(4 bytes @ 0xE000EDFC) -- CPU_ReadMem(4 bytes @ 0xE0001000) (0027ms, 0027ms total)
                JLINK_Go() -- CPU_ReadMem(4 bytes @ 0xE0001000) -- CPU_WriteMem(4 bytes @ 0xE0002008) -- CPU_WriteMem(4 bytes @ 0xE000200C) -- CPU_WriteMem(4 bytes @ 0xE0002010) -- CPU_WriteMem(4 bytes @ 0xE0002014) -- CPU_WriteMem(4 bytes @ 0xE0002018) -- CPU_WriteMem(4 bytes @ 0xE000201C) -- CPU_WriteMem(4 bytes @ 0xE0001004) (0004ms, 0031ms total)
               (0060ms, 62705ms total)
T239C 8246:486 JLINK_Close() -- CPU is running -- CPU_WriteMem(4 bytes @ 0xE0002008) -- CPU is running -- CPU_WriteMem(4 bytes @ 0xE000200C) -- CPU is running -- CPU_WriteMem(4 bytes @ 0xE0002010) -- CPU is running -- CPU_WriteMem(4 bytes @ 0xE0002014) -- CPU is running -- CPU_WriteMem(4 bytes @ 0xE0002018) -- CPU is running -- CPU_WriteMem(4 bytes @ 0xE000201C) >0x78 JTAG> >0x08 JTAG> (0009ms, 62714ms total)
T239C 8246:486  (0009ms, 62714ms total)
T239C 8246:486 Closed (0009ms, 62714ms total)
